Validating C:\Users\HomePC\Clipr\remotion\fly.toml
==> Verifying app config
[32m✓[0m Configuration is valid
--> Verified app config
==> Building image
Waiting for depot builder...

==> Building image with Depot
--> build:  (​)
#1 [internal] load build definition from Dockerfile
#1 transferring dockerfile:
#1 transferring dockerfile: 1.24kB 0.9s done
#1 DONE 0.9s

#2 [internal] load metadata for docker.io/library/node:20-bookworm-slim
#2 DONE 0.2s

#3 [internal] load .dockerignore
#3 transferring context:
#3 transferring context: 102B 0.9s done
#3 DONE 0.9s

#4 [internal] load build context
#4 DONE 0.0s

#5 [1/8] FROM docker.io/library/node:20-bookworm-slim@sha256:2cf067cfed83d5ea958367df9f966191a942351a2df77d6f0193e162b5febfc0
#5 resolve docker.io/library/node:20-bookworm-slim@sha256:2cf067cfed83d5ea958367df9f966191a942351a2df77d6f0193e162b5febfc0 done
#5 DONE 0.0s

#4 [internal] load build context
#4 transferring context: 10.27kB 1.0s done
#4 DONE 1.1s

#6 [5/8] COPY package*.json ./
#6 CACHED

#7 [2/8] RUN apt-get update && apt-get install -y --no-install-recommends       python3 python3-pip ca-certificates fonts-liberation fonts-dejavu-core       libnss3 libatk1.0-0 libatk-bridge2.0-0 libcups2 libdrm2 libxkbcommon0       libxcomposite1 libxdamage1 libxfixes3 libxrandr2 libgbm1 libpango-1.0-0       libcairo2 libasound2 libatspi2.0-0 libx11-6 libxcb1 libxext6 libxi6       libglib2.0-0     && pip3 install --break-system-packages --no-cache-dir yt-dlp youtube-transcript-api faster-whisper     && rm -rf /var/lib/apt/lists/*
#7 CACHED

#8 [3/8] RUN python3 -c "from faster_whisper import WhisperModel; WhisperModel('base', device='cpu', compute_type='int8')"
#8 CACHED

#9 [4/8] WORKDIR /app
#9 CACHED

#10 [6/8] RUN npm ci --omit=dev
#10 CACHED

#11 [7/8] COPY . .
#11 DONE 0.2s

#12 [8/8] RUN npx remotion browser ensure
#12 5.064 Downloading Chrome Headless Shell https://www.remotion.dev/chrome-headless-shell
#12 5.073 Downloading from: https://remotion.media/chromium-headless-shell-linux-x64-149.0.7790.0.zip?clear
#12 5.512 Getting Headless Shell - 9.5 Mb/91.9 Mb
#12 5.613 Getting Headless Shell - 19.1 Mb/91.9 Mb
#12 5.710 Getting Headless Shell - 28.6 Mb/91.9 Mb
#12 5.783 Getting Headless Shell - 38.2 Mb/91.9 Mb
#12 5.882 Getting Headless Shell - 47.7 Mb/91.9 Mb
#12 5.973 Getting Headless Shell - 57.3 Mb/91.9 Mb
#12 6.036 Getting Headless Shell - 66.8 Mb/91.9 Mb
#12 6.115 Getting Headless Shell - 76.3 Mb/91.9 Mb
