==> Verifying app config
Validating C:\Users\HomePC\Clipr\remotion\fly.toml
[32m✓[0m Configuration is valid
--> Verified app config
==> Building image
Waiting for depot builder...

==> Building image with Depot
--> build:  (​)
#1 [internal] load build definition from Dockerfile
#1 transferring dockerfile:
#1 transferring dockerfile: 1.24kB 1.0s done
#1 DONE 1.0s

#2 [internal] load metadata for docker.io/library/node:20-bookworm-slim
#2 DONE 0.2s

#3 [internal] load .dockerignore
#3 transferring context:
#3 transferring context: 102B 1.1s done
#3 DONE 1.1s

#4 [1/8] FROM docker.io/library/node:20-bookworm-slim@sha256:2cf067cfed83d5ea958367df9f966191a942351a2df77d6f0193e162b5febfc0
#4 resolve docker.io/library/node:20-bookworm-slim@sha256:2cf067cfed83d5ea958367df9f966191a942351a2df77d6f0193e162b5febfc0 done
#4 CACHED

#5 [internal] load build context
#5 transferring context: 27.55kB 1.2s done
#5 DONE 1.2s

#6 [2/8] RUN apt-get update && apt-get install -y --no-install-recommends       python3 python3-pip ca-certificates fonts-liberation fonts-dejavu-core       libnss3 libatk1.0-0 libatk-bridge2.0-0 libcups2 libdrm2 libxkbcommon0       libxcomposite1 libxdamage1 libxfixes3 libxrandr2 libgbm1 libpango-1.0-0       libcairo2 libasound2 libatspi2.0-0 libx11-6 libxcb1 libxext6 libxi6       libglib2.0-0     && pip3 install --break-system-packages --no-cache-dir yt-dlp youtube-transcript-api faster-whisper     && rm -rf /var/lib/apt/lists/*
#6 0.234 Get:1 http://deb.debian.org/debian bookworm InRelease [151 kB]
#6 0.249 Get:2 http://deb.debian.org/debian bookworm-updates InRelease [55.4 kB]
#6 0.249 Get:3 http://deb.debian.org/debian-security bookworm-security InRelease [48.0 kB]
#6 0.347 Get:4 http://deb.debian.org/debian bookworm/main amd64 Packages [8790 kB]
#6 0.421 Get:5 http://deb.debian.org/debian bookworm-updates/main amd64 Packages [6924 B]
#6 0.488 Get:6 http://deb.debian.org/debian-security bookworm-security/main amd64 Packages [312 kB]
#6 1.478 Fetched 9363 kB in 1s (7183 kB/s)
#6 1.478 Reading package lists...
#6 2.215 Reading package lists...
#6 2.919 Building dependency tree...
#6 3.120 Reading state information...
#6 3.428 The following additional packages will be installed:
#6 3.429   at-spi2-common fontconfig fontconfig-config libasound2-data libavahi-client3
#6 3.429   libavahi-common-data libavahi-common3 libbrotli1 libbsd0 libdatrie1
#6 3.429   libdbus-1-3 libdrm-common libexpat1 libfontconfig1 libfreetype6 libfribidi0
#6 3.429   libgraphite2-3 libgssapi-krb5-2 libharfbuzz0b libk5crypto3 libkeyutils1
#6 3.429   libkrb5-3 libkrb5support0 libncursesw6 libnsl2 libnspr4 libpixman-1-0
#6 3.429   libpng16-16 libpython3-stdlib libpython3.11-minimal libpython3.11-stdlib
#6 3.430   libreadline8 libsqlite3-0 libssl3 libthai-data libthai0 libtirpc-common
#6 3.430   libtirpc3 libwayland-server0 libx11-data libxau6 libxcb-render0 libxcb-shm0
#6 3.430   libxdmcp6 libxrender1 media-types openssl python3-distutils python3-lib2to3
#6 3.430   python3-minimal python3-pkg-resources python3-setuptools python3-wheel
#6 3.431   python3.11 python3.11-minimal readline-common xkb-data
#6 3.433 Suggested packages:
#6 3.433   libasound2-plugins alsa-utils cups-common low-memory-monitor krb5-doc
#6 3.433   krb5-user python3-doc python3-tk python3-venv python-setuptools-doc
#6 3.433   python3.11-venv python3.11-doc binutils binfmt-support readline-doc
#6 3.433 Recommended packages:
#6 3.433   alsa-ucm-conf alsa-topology-conf at-spi2-core dbus libglib2.0-data
#6 3.433   shared-mime-info xdg-user-dirs krb5-locales libgpm2 build-essential
#6 3.433   python3-dev
#6 3.896 The following NEW packages will be installed:
#6 3.896   at-spi2-common ca-certificates fontconfig fontconfig-config
#6 3.896   fonts-dejavu-core fonts-liberation libasound2 libasound2-data
#6 3.896   libatk-bridge2.0-0 libatk1.0-0 libatspi2.0-0 libavahi-client3
#6 3.896   libavahi-common-data libavahi-common3 libbrotli1 libbsd0 libcairo2 libcups2
#6 3.896   libdatrie1 libdbus-1-3 libdrm-common libdrm2 libexpat1 libfontconfig1
#6 3.896   libfreetype6 libfribidi0 libgbm1 libglib2.0-0 libgraphite2-3
#6 3.896   libgssapi-krb5-2 libharfbuzz0b libk5crypto3 libkeyutils1 libkrb5-3
#6 3.896   libkrb5support0 libncursesw6 libnsl2 libnspr4 libnss3 libpango-1.0-0
#6 3.896   libpixman-1-0 libpng16-16 libpython3-stdlib libpython3.11-minimal
#6 3.897   libpython3.11-stdlib libreadline8 libsqlite3-0 libssl3 libthai-data libthai0
#6 3.897   libtirpc-common libtirpc3 libwayland-server0 libx11-6 libx11-data libxau6
#6 3.897   libxcb-render0 libxcb-shm0 libxcb1 libxcomposite1 libxdamage1 libxdmcp6
#6 3.897   libxext6 libxfixes3 libxi6 libxkbcommon0 libxrandr2 libxrender1 media-types
#6 3.897   openssl python3 python3-distutils python3-lib2to3 python3-minimal
#6 3.897   python3-pip python3-pkg-resources python3-setuptools python3-wheel
#6 3.897   python3.11 python3.11-minimal readline-common xkb-data
#6 3.936 0 upgraded, 82 newly installed, 0 to remove and 12 not upgraded.
#6 3.936 Need to get 28.1 MB of archives.
#6 3.936 After this operation, 90.7 MB of additional disk space will be used.
#6 3.936 Get:1 http://deb.debian.org/debian-security bookworm-security/main amd64 libssl3 amd64 3.0.20-1~deb12u2 [2036 kB]
#6 3.953 Get:2 http://deb.debian.org/debian bookworm/main amd64 libpython3.11-minimal amd64 3.11.2-6+deb12u7 [818 kB]
#6 3.962 Get:3 http://deb.debian.org/debian bookworm/main amd64 libexpat1 amd64 2.5.0-1+deb12u2 [99.9 kB]
#6 3.963 Get:4 http://deb.debian.org/debian bookworm/main amd64 python3.11-minimal amd64 3.11.2-6+deb12u7 [2066 kB]
#6 3.980 Get:5 http://deb.debian.org/debian bookworm/main amd64 python3-minimal amd64 3.11.2-1+b1 [26.3 kB]
#6 3.981 Get:6 http://deb.debian.org/debian bookworm/main amd64 media-types all 10.0.0 [26.1 kB]
#6 3.981 Get:7 http://deb.debian.org/debian bookworm/main amd64 libncursesw6 amd64 6.4-4 [134 kB]
#6 3.983 Get:8 http://deb.debian.org/debian-security bookworm-security/main amd64 libkrb5support0 amd64 1.20.1-2+deb12u5 [33.2 kB]
#6 3.984 Get:9 http://deb.debian.org/debian-security bookworm-security/main amd64 libk5crypto3 amd64 1.20.1-2+deb12u5 [79.7 kB]
#6 3.984 Get:10 http://deb.debian.org/debian bookworm/main amd64 libkeyutils1 amd64 1.6.3-2 [8808 B]
#6 3.985 Get:11 http://deb.debian.org/debian-security bookworm-security/main amd64 libkrb5-3 amd64 1.20.1-2+deb12u5 [332 kB]
#6 3.987 Get:12 http://deb.debian.org/debian-security bookworm-security/main amd64 libgssapi-krb5-2 amd64 1.20.1-2+deb12u5 [135 kB]
#6 3.990 Get:13 http://deb.debian.org/debian bookworm/main amd64 libtirpc-common all 1.3.3+ds-1 [14.0 kB]
#6 3.990 Get:14 http://deb.debian.org/debian bookworm/main amd64 libtirpc3 amd64 1.3.3+ds-1 [85.2 kB]
#6 3.991 Get:15 http://deb.debian.org/debian bookworm/main amd64 libnsl2 amd64 1.3.0-2 [39.5 kB]
#6 3.992 Get:16 http://deb.debian.org/debian bookworm/main amd64 readline-common all 8.2-1.3 [69.0 kB]
#6 3.994 Get:17 http://deb.debian.org/debian bookworm/main amd64 libreadline8 amd64 8.2-1.3 [166 kB]
#6 3.996 Get:18 http://deb.debian.org/debian bookworm/main amd64 libsqlite3-0 amd64 3.40.1-2+deb12u2 [839 kB]
#6 4.001 Get:19 http://deb.debian.org/debian bookworm/main amd64 libpython3.11-stdlib amd64 3.11.2-6+deb12u7 [1797 kB]
#6 4.016 Get:20 http://deb.debian.org/debian bookworm/main amd64 python3.11 amd64 3.11.2-6+deb12u7 [574 kB]
#6 4.022 Get:21 http://deb.debian.org/debian bookworm/main amd64 libpython3-stdlib amd64 3.11.2-1+b1 [9312 B]
#6 4.022 Get:22 http://deb.debian.org/debian bookworm/main amd64 python3 amd64 3.11.2-1+b1 [26.3 kB]
#6 4.023 Get:23 http://deb.debian.org/debian-security bookworm-security/main amd64 openssl amd64 3.0.20-1~deb12u2 [1439 kB]
#6 4.029 Get:24 http://deb.debian.org/debian bookworm/main amd64 ca-certificates all 20230311+deb12u1 [155 kB]
#6 4.030 Get:25 http://deb.debian.org/debian bookworm/main amd64 at-spi2-common all 2.46.0-5 [162 kB]
#6 4.031 Get:26 http://deb.debian.org/debian bookworm/main amd64 libbrotli1 amd64 1.0.9-2+b6 [275 kB]
#6 4.033 Get:27 http://deb.debian.org/debian bookworm/main amd64 libpng16-16 amd64 1.6.39-2+deb12u5 [277 kB]
#6 4.035 Get:28 http://deb.debian.org/debian bookworm/main amd64 libfreetype6 amd64 2.12.1+dfsg-5+deb12u4 [398 kB]
#6 4.038 Get:29 http://deb.debian.org/debian bookworm/main amd64 fonts-dejavu-core all 2.37-6 [1068 kB]
#6 4.044 Get:30 http://deb.debian.org/debian bookworm/main amd64 fonts-liberation all 1:1.07.4-11 [828 kB]
#6 4.055 Get:31 http://deb.debian.org/debian bookworm/main amd64 fontconfig-config amd64 2.14.1-4 [315 kB]
#6 4.057 Get:32 http://deb.debian.org/debian bookworm/main amd64 libfontconfig1 amd64 2.14.1-4 [386 kB]
#6 4.063 Get:33 http://deb.debian.org/debian bookworm/main amd64 fontconfig amd64 2.14.1-4 [449 kB]
#6 4.066 Get:34 http://deb.debian.org/debian bookworm/main amd64 libasound2-data all 1.2.8-1 [20.5 kB]
#6 4.067 Get:35 http://deb.debian.org/debian bookworm/main amd64 libasound2 amd64 1.2.8-1+b1 [362 kB]
#6 4.068 Get:36 http://deb.debian.org/debian bookworm/main amd64 libglib2.0-0 amd64 2.74.6-2+deb12u9 [1403 kB]
#6 4.075 Get:37 http://deb.debian.org/debian bookworm/main amd64 libatk1.0-0 amd64 2.46.0-5 [49.6 kB]
#6 4.076 Get:38 http://deb.debian.org/debian bookworm/main amd64 libdbus-1-3 amd64 1.14.10-1~deb12u1 [201 kB]
#6 4.077 Get:39 http://deb.debian.org/debian bookworm/main amd64 libxau6 amd64 1:1.0.9-1 [19.7 kB]
#6 4.077 Get:40 http://deb.debian.org/debian bookworm/main amd64 libbsd0 amd64 0.11.7-2 [117 kB]
#6 4.078 Get:41 http://deb.debian.org/debian bookworm/main amd64 libxdmcp6 amd64 1:1.1.2-3 [26.3 kB]
#6 4.078 Get:42 http://deb.debian.org/debian bookworm/main amd64 libxcb1 amd64 1.15-1 [144 kB]
#6 4.079 Get:43 http://deb.debian.org/debian bookworm/main amd64 libx11-data all 2:1.8.4-2+deb12u2 [292 kB]
#6 4.081 Get:44 http://deb.debian.org/debian bookworm/main amd64 libx11-6 amd64 2:1.8.4-2+deb12u2 [760 kB]
#6 4.084 Get:45 http://deb.debian.org/debian bookworm/main amd64 libxext6 amd64 2:1.3.4-1+b1 [52.9 kB]
#6 4.085 Get:46 http://deb.debian.org/debian bookworm/main amd64 libxi6 amd64 2:1.8-1+b1 [84.2 kB]
#6 4.085 Get:47 http://deb.debian.org/debian bookworm/main amd64 libatspi2.0-0 amd64 2.46.0-5 [75.4 kB]
#6 4.086 Get:48 http://deb.debian.org/debian bookworm/main amd64 libatk-bridge2.0-0 amd64 2.46.0-5 [64.6 kB]
#6 4.087 Get:49 http://deb.debian.org/debian bookworm/main amd64 libavahi-common-data amd64 0.8-10+deb12u1 [107 kB]
#6 4.087 Get:50 http://deb.debian.org/debian bookworm/main amd64 libavahi-common3 amd64 0.8-10+deb12u1 [42.1 kB]
#6 4.088 Get:51 http://deb.debian.org/debian bookworm/main amd64 libavahi-client3 amd64 0.8-10+deb12u1 [45.8 kB]
#6 4.088 Get:52 http://deb.debian.org/debian bookworm/main amd64 libpixman-1-0 amd64 0.42.2-1 [546 kB]
#6 4.092 Get:53 http://deb.debian.org/debian bookworm/main amd64 libxcb-render0 amd64 1.15-1 [115 kB]
#6 4.092 Get:54 http://deb.debian.org/debian bookworm/main amd64 libxcb-shm0 amd64 1.15-1 [105 kB]
#6 4.093 Get:55 http://deb.debian.org/debian bookworm/main amd64 libxrender1 amd64 1:0.9.10-1.1 [33.2 kB]
#6 4.093 Get:56 http://deb.debian.org/debian bookworm/main amd64 libcairo2 amd64 1.16.0-7 [575 kB]
#6 4.096 Get:57 http://deb.debian.org/debian bookworm/main amd64 libcups2 amd64 2.4.2-3+deb12u9 [245 kB]
#6 4.097 Get:58 http://deb.debian.org/debian bookworm/main amd64 libdatrie1 amd64 0.2.13-2+b1 [43.3 kB]
#6 4.098 Get:59 http://deb.debian.org/debian bookworm/main amd64 libdrm-common all 2.4.114-1 [7112 B]
#6 4.099 Get:60 http://deb.debian.org/debian bookworm/main amd64 libdrm2 amd64 2.4.114-1+b1 [37.5 kB]
#6 4.099 Get:61 http://deb.debian.org/debian bookworm/main amd64 libfribidi0 amd64 1.0.8-2.1 [65.0 kB]
#6 4.100 Get:62 http://deb.debian.org/debian bookworm/main amd64 libwayland-server0 amd64 1.21.0-1 [35.9 kB]
#6 4.100 Get:63 http://deb.debian.org/debian bookworm/main amd64 libgbm1 amd64 22.3.6-1+deb12u1 [38.0 kB]
#6 4.100 Get:64 http://deb.debian.org/debian bookworm/main amd64 libgraphite2-3 amd64 1.3.14-1 [81.2 kB]
#6 4.101 Get:65 http://deb.debian.org/debian bookworm/main amd64 libharfbuzz0b amd64 6.0.0+dfsg-3 [1945 kB]
#6 4.110 Get:66 http://deb.debian.org/debian bookworm/main amd64 libnspr4 amd64 2:4.35-1 [113 kB]
#6 4.113 Get:67 http://deb.debian.org/debian bookworm/main amd64 libnss3 amd64 2:3.87.1-1+deb12u2 [1332 kB]
#6 4.124 Get:68 http://deb.debian.org/debian bookworm/main amd64 libthai-data all 0.1.29-1 [176 kB]
#6 4.125 Get:69 http://deb.debian.org/debian bookworm/main amd64 libthai0 amd64 0.1.29-1 [57.5 kB]
#6 4.125 Get:70 http://deb.debian.org/debian bookworm/main amd64 libpango-1.0-0 amd64 1.50.12+ds-1 [212 kB]
#6 4.126 Get:71 http://deb.debian.org/debian bookworm/main amd64 libxcomposite1 amd64 1:0.4.5-1 [16.6 kB]
#6 4.127 Get:72 http://deb.debian.org/debian bookworm/main amd64 libxdamage1 amd64 1:1.1.6-1 [15.1 kB]
#6 4.127 Get:73 http://deb.debian.org/debian bookworm/main amd64 libxfixes3 amd64 1:6.0.0-2 [22.7 kB]
#6 4.127 Get:74 http://deb.debian.org/debian bookworm/main amd64 xkb-data all 2.35.1-1 [764 kB]
#6 4.131 Get:75 http://deb.debian.org/debian bookworm/main amd64 libxkbcommon0 amd64 1.5.0-1 [106 kB]
#6 4.131 Get:76 http://deb.debian.org/debian bookworm/main amd64 libxrandr2 amd64 2:1.5.2-2+b1 [39.2 kB]
#6 4.132 Get:77 http://deb.debian.org/debian bookworm/main amd64 python3-lib2to3 all 3.11.2-3 [76.3 kB]
#6 4.132 Get:78 http://deb.debian.org/debian bookworm/main amd64 python3-distutils all 3.11.2-3 [131 kB]
#6 4.133 Get:79 http://deb.debian.org/debian bookworm/main amd64 python3-pkg-resources all 66.1.1-1+deb12u2 [297 kB]
#6 4.134 Get:80 http://deb.debian.org/debian bookworm/main amd64 python3-setuptools all 66.1.1-1+deb12u2 [522 kB]
#6 4.139 Get:81 http://deb.debian.org/debian bookworm/main amd64 python3-wheel all 0.38.4-2 [30.8 kB]
#6 4.139 Get:82 http://deb.debian.org/debian bookworm/main amd64 python3-pip all 23.0.1+dfsg-1 [1325 kB]
#6 4.358 debconf: delaying package configuration, since apt-utils is not installed
#6 4.399 Fetched 28.1 MB in 0s (119 MB/s)
#6 4.423 Selecting previously unselected package libssl3:amd64.
#6 4.423 (Reading database ... 
(Reading database ... 5%
(Reading database ... 10%
(Reading database ... 15%
(Reading database ... 20%
(Reading database ... 25%
(Reading database ... 30%
(Reading database ... 35%
(Reading database ... 40%
(Reading database ... 45%
(Reading database ... 50%
(Reading database ... 55%
(Reading database ... 60%
(Reading database ... 65%
(Reading database ... 70%
(Reading database ... 75%
(Reading database ... 80%
(Reading database ... 85%
(Reading database ... 90%
(Reading database ... 95%
(Reading database ... 100%
(Reading database ... 6096 files and directories currently installed.)
#6 4.442 Preparing to unpack .../libssl3_3.0.20-1~deb12u2_amd64.deb ...
#6 4.444 Unpacking libssl3:amd64 (3.0.20-1~deb12u2) ...
#6 4.612 Selecting previously unselected package libpython3.11-minimal:amd64.
#6 4.613 Preparing to unpack .../libpython3.11-minimal_3.11.2-6+deb12u7_amd64.deb ...
#6 4.614 Unpacking libpython3.11-minimal:amd64 (3.11.2-6+deb12u7) ...
#6 4.719 Selecting previously unselected package libexpat1:amd64.
#6 4.720 Preparing to unpack .../libexpat1_2.5.0-1+deb12u2_amd64.deb ...
#6 4.722 Unpacking libexpat1:amd64 (2.5.0-1+deb12u2) ...
#6 4.749 Selecting previously unselected package python3.11-minimal.
#6 4.750 Preparing to unpack .../python3.11-minimal_3.11.2-6+deb12u7_amd64.deb ...
#6 4.756 Unpacking python3.11-minimal (3.11.2-6+deb12u7) ...
#6 4.962 Setting up libssl3:amd64 (3.0.20-1~deb12u2) ...
#6 4.964 Setting up libpython3.11-minimal:amd64 (3.11.2-6+deb12u7) ...
#6 4.969 Setting up libexpat1:amd64 (2.5.0-1+deb12u2) ...
#6 4.971 Setting up python3.11-minimal (3.11.2-6+deb12u7) ...
#6 5.705 Selecting previously unselected package python3-minimal.
#6 5.705 (Reading database ... 
(Reading database ... 5%
(Reading database ... 10%
(Reading database ... 15%
(Reading database ... 20%
(Reading database ... 25%
(Reading database ... 30%
(Reading database ... 35%
(Reading database ... 40%
(Reading database ... 45%
(Reading database ... 50%
(Reading database ... 55%
(Reading database ... 60%
(Reading database ... 65%
(Reading database ... 70%
(Reading database ... 75%
(Reading database ... 80%
(Reading database ... 85%
(Reading database ... 90%
(Reading database ... 95%
(Reading database ... 100%
(Reading database ... 6424 files and directories currently installed.)
#6 5.710 Preparing to unpack .../00-python3-minimal_3.11.2-1+b1_amd64.deb ...
#6 5.711 Unpacking python3-minimal (3.11.2-1+b1) ...
#6 5.730 Selecting previously unselected package media-types.
#6 5.732 Preparing to unpack .../01-media-types_10.0.0_all.deb ...
#6 5.733 Unpacking media-types (10.0.0) ...
#6 5.752 Selecting previously unselected package libncursesw6:amd64.
#6 5.753 Preparing to unpack .../02-libncursesw6_6.4-4_amd64.deb ...
#6 5.754 Unpacking libncursesw6:amd64 (6.4-4) ...
#6 5.783 Selecting previously unselected package libkrb5support0:amd64.
#6 5.784 Preparing to unpack .../03-libkrb5support0_1.20.1-2+deb12u5_amd64.deb ...
#6 5.785 Unpacking libkrb5support0:amd64 (1.20.1-2+deb12u5) ...
#6 5.804 Selecting previously unselected package libk5crypto3:amd64.
#6 5.805 Preparing to unpack .../04-libk5crypto3_1.20.1-2+deb12u5_amd64.deb ...
#6 5.806 Unpacking libk5crypto3:amd64 (1.20.1-2+deb12u5) ...
#6 5.830 Selecting previously unselected package libkeyutils1:amd64.
#6 5.831 Preparing to unpack .../05-libkeyutils1_1.6.3-2_amd64.deb ...
#6 5.833 Unpacking libkeyutils1:amd64 (1.6.3-2) ...
#6 5.849 Selecting previously unselected package libkrb5-3:amd64.
#6 5.851 Preparing to unpack .../06-libkrb5-3_1.20.1-2+deb12u5_amd64.deb ...
#6 5.851 Unpacking libkrb5-3:amd64 (1.20.1-2+deb12u5) ...
#6 5.899 Selecting previously unselected package libgssapi-krb5-2:amd64.
#6 5.900 Preparing to unpack .../07-libgssapi-krb5-2_1.20.1-2+deb12u5_amd64.deb ...
#6 5.901 Unpacking libgssapi-krb5-2:amd64 (1.20.1-2+deb12u5) ...
#6 5.928 Selecting previously unselected package libtirpc-common.
#6 5.929 Preparing to unpack .../08-libtirpc-common_1.3.3+ds-1_all.deb ...
#6 5.930 Unpacking libtirpc-common (1.3.3+ds-1) ...
#6 5.949 Selecting previously unselected package libtirpc3:amd64.
#6 5.950 Preparing to unpack .../09-libtirpc3_1.3.3+ds-1_amd64.deb ...
#6 5.951 Unpacking libtirpc3:amd64 (1.3.3+ds-1) ...
#6 5.975 Selecting previously unselected package libnsl2:amd64.
#6 5.977 Preparing to unpack .../10-libnsl2_1.3.0-2_amd64.deb ...
#6 5.978 Unpacking libnsl2:amd64 (1.3.0-2) ...
#6 5.996 Selecting previously unselected package readline-common.
#6 5.997 Preparing to unpack .../11-readline-common_8.2-1.3_all.deb ...
#6 5.998 Unpacking readline-common (8.2-1.3) ...
#6 6.020 Selecting previously unselected package libreadline8:amd64.
#6 6.022 Preparing to unpack .../12-libreadline8_8.2-1.3_amd64.deb ...
#6 6.023 Unpacking libreadline8:amd64 (8.2-1.3) ...
#6 6.058 Selecting previously unselected package libsqlite3-0:amd64.
#6 6.060 Preparing to unpack .../13-libsqlite3-0_3.40.1-2+deb12u2_amd64.deb ...
#6 6.061 Unpacking libsqlite3-0:amd64 (3.40.1-2+deb12u2) ...
#6 6.127 Selecting previously unselected package libpython3.11-stdlib:amd64.
#6 6.128 Preparing to unpack .../14-libpython3.11-stdlib_3.11.2-6+deb12u7_amd64.deb ...
#6 6.129 Unpacking libpython3.11-stdlib:amd64 (3.11.2-6+deb12u7) ...
#6 6.324 Selecting previously unselected package python3.11.
#6 6.325 Preparing to unpack .../15-python3.11_3.11.2-6+deb12u7_amd64.deb ...
#6 6.326 Unpacking python3.11 (3.11.2-6+deb12u7) ...
#6 6.359 Selecting previously unselected package libpython3-stdlib:amd64.
#6 6.360 Preparing to unpack .../16-libpython3-stdlib_3.11.2-1+b1_amd64.deb ...
#6 6.361 Unpacking libpython3-stdlib:amd64 (3.11.2-1+b1) ...
#6 6.385 Setting up python3-minimal (3.11.2-1+b1) ...
#6 6.544 Selecting previously unselected package python3.
#6 6.544 (Reading database ... 
(Reading database ... 5%
(Reading database ... 10%
(Reading database ... 15%
(Reading database ... 20%
(Reading database ... 25%
(Reading database ... 30%
(Reading database ... 35%
(Reading database ... 40%
(Reading database ... 45%
(Reading database ... 50%
(Reading database ... 55%
(Reading database ... 60%
(Reading database ... 65%
(Reading database ... 70%
(Reading database ... 75%
(Reading database ... 80%
(Reading database ... 85%
(Reading database ... 90%
(Reading database ... 95%
(Reading database ... 100%
(Reading database ... 6932 files and directories currently installed.)
#6 6.551 Preparing to unpack .../00-python3_3.11.2-1+b1_amd64.deb ...
#6 6.555 Unpacking python3 (3.11.2-1+b1) ...
#6 6.575 Selecting previously unselected package openssl.
#6 6.577 Preparing to unpack .../01-openssl_3.0.20-1~deb12u2_amd64.deb ...
#6 6.578 Unpacking openssl (3.0.20-1~deb12u2) ...
#6 6.699 Selecting previously unselected package ca-certificates.
#6 6.701 Preparing to unpack .../02-ca-certificates_20230311+deb12u1_all.deb ...
#6 6.702 Unpacking ca-certificates (20230311+deb12u1) ...
#6 6.753 Selecting previously unselected package at-spi2-common.
#6 6.755 Preparing to unpack .../03-at-spi2-common_2.46.0-5_all.deb ...
#6 6.756 Unpacking at-spi2-common (2.46.0-5) ...
#6 6.792 Selecting previously unselected package libbrotli1:amd64.
#6 6.794 Preparing to unpack .../04-libbrotli1_1.0.9-2+b6_amd64.deb ...
#6 6.795 Unpacking libbrotli1:amd64 (1.0.9-2+b6) ...
#6 6.835 Selecting previously unselected package libpng16-16:amd64.
#6 6.836 Preparing to unpack .../05-libpng16-16_1.6.39-2+deb12u5_amd64.deb ...
#6 6.837 Unpacking libpng16-16:amd64 (1.6.39-2+deb12u5) ...
#6 6.873 Selecting previously unselected package libfreetype6:amd64.
#6 6.874 Preparing to unpack .../06-libfreetype6_2.12.1+dfsg-5+deb12u4_amd64.deb ...
#6 6.875 Unpacking libfreetype6:amd64 (2.12.1+dfsg-5+deb12u4) ...
#6 6.923 Selecting previously unselected package fonts-dejavu-core.
#6 6.924 Preparing to unpack .../07-fonts-dejavu-core_2.37-6_all.deb ...
#6 6.925 Unpacking fonts-dejavu-core (2.37-6) ...
#6 7.032 Selecting previously unselected package fonts-liberation.
#6 7.033 Preparing to unpack .../08-fonts-liberation_1%3a1.07.4-11_all.deb ...
#6 7.035 Unpacking fonts-liberation (1:1.07.4-11) ...
#6 7.120 Selecting previously unselected package fontconfig-config.
#6 7.121 Preparing to unpack .../09-fontconfig-config_2.14.1-4_amd64.deb ...
#6 7.254 Unpacking fontconfig-config (2.14.1-4) ...
#6 7.292 Selecting previously unselected package libfontconfig1:amd64.
#6 7.293 Preparing to unpack .../10-libfontconfig1_2.14.1-4_amd64.deb ...
#6 7.294 Unpacking libfontconfig1:amd64 (2.14.1-4) ...
#6 7.324 Selecting previously unselected package fontconfig.
#6 7.325 Preparing to unpack .../11-fontconfig_2.14.1-4_amd64.deb ...
#6 7.327 Unpacking fontconfig (2.14.1-4) ...
#6 7.356 Selecting previously unselected package libasound2-data.
#6 7.358 Preparing to unpack .../12-libasound2-data_1.2.8-1_all.deb ...
#6 7.359 Unpacking libasound2-data (1.2.8-1) ...
#6 7.393 Selecting previously unselected package libasound2:amd64.
#6 7.395 Preparing to unpack .../13-libasound2_1.2.8-1+b1_amd64.deb ...
#6 7.396 Unpacking libasound2:amd64 (1.2.8-1+b1) ...
#6 7.444 Selecting previously unselected package libglib2.0-0:amd64.
#6 7.446 Preparing to unpack .../14-libglib2.0-0_2.74.6-2+deb12u9_amd64.deb ...
#6 7.447 Unpacking libglib2.0-0:amd64 (2.74.6-2+deb12u9) ...
#6 7.567 Selecting previously unselected package libatk1.0-0:amd64.
#6 7.568 Preparing to unpack .../15-libatk1.0-0_2.46.0-5_amd64.deb ...
#6 7.569 Unpacking libatk1.0-0:amd64 (2.46.0-5) ...
#6 7.590 Selecting previously unselected package libdbus-1-3:amd64.
#6 7.592 Preparing to unpack .../16-libdbus-1-3_1.14.10-1~deb12u1_amd64.deb ...
#6 7.592 Unpacking libdbus-1-3:amd64 (1.14.10-1~deb12u1) ...
#6 7.624 Selecting previously unselected package libxau6:amd64.
#6 7.625 Preparing to unpack .../17-libxau6_1%3a1.0.9-1_amd64.deb ...
#6 7.626 Unpacking libxau6:amd64 (1:1.0.9-1) ...
#6 7.643 Selecting previously unselected package libbsd0:amd64.
#6 7.645 Preparing to unpack .../18-libbsd0_0.11.7-2_amd64.deb ...
#6 7.646 Unpacking libbsd0:amd64 (0.11.7-2) ...
#6 7.671 Selecting previously unselected package libxdmcp6:amd64.
#6 7.673 Preparing to unpack .../19-libxdmcp6_1%3a1.1.2-3_amd64.deb ...
#6 7.674 Unpacking libxdmcp6:amd64 (1:1.1.2-3) ...
#6 7.692 Selecting previously unselected package libxcb1:amd64.
#6 7.694 Preparing to unpack .../20-libxcb1_1.15-1_amd64.deb ...
#6 7.695 Unpacking libxcb1:amd64 (1.15-1) ...
#6 7.720 Selecting previously unselected package libx11-data.
#6 7.721 Preparing to unpack .../21-libx11-data_2%3a1.8.4-2+deb12u2_all.deb ...
#6 7.722 Unpacking libx11-data (2:1.8.4-2+deb12u2) ...
#6 7.795 Selecting previously unselected package libx11-6:amd64.
#6 7.797 Preparing to unpack .../22-libx11-6_2%3a1.8.4-2+deb12u2_amd64.deb ...
#6 7.798 Unpacking libx11-6:amd64 (2:1.8.4-2+deb12u2) ...
#6 7.870 Selecting previously unselected package libxext6:amd64.
#6 7.872 Preparing to unpack .../23-libxext6_2%3a1.3.4-1+b1_amd64.deb ...
#6 7.873 Unpacking libxext6:amd64 (2:1.3.4-1+b1) ...
#6 7.895 Selecting previously unselected package libxi6:amd64.
#6 7.896 Preparing to unpack .../24-libxi6_2%3a1.8-1+b1_amd64.deb ...
#6 7.897 Unpacking libxi6:amd64 (2:1.8-1+b1) ...
#6 7.924 Selecting previously unselected package libatspi2.0-0:amd64.
#6 7.925 Preparing to unpack .../25-libatspi2.0-0_2.46.0-5_amd64.deb ...
#6 7.927 Unpacking libatspi2.0-0:amd64 (2.46.0-5) ...
#6 7.952 Selecting previously unselected package libatk-bridge2.0-0:amd64.
#6 7.953 Preparing to unpack .../26-libatk-bridge2.0-0_2.46.0-5_amd64.deb ...
#6 7.954 Unpacking libatk-bridge2.0-0:amd64 (2.46.0-5) ...
#6 7.977 Selecting previously unselected package libavahi-common-data:amd64.
#6 7.979 Preparing to unpack .../27-libavahi-common-data_0.8-10+deb12u1_amd64.deb ...
#6 7.980 Unpacking libavahi-common-data:amd64 (0.8-10+deb12u1) ...
#6 8.011 Selecting previously unselected package libavahi-common3:amd64.
#6 8.013 Preparing to unpack .../28-libavahi-common3_0.8-10+deb12u1_amd64.deb ...
#6 8.014 Unpacking libavahi-common3:amd64 (0.8-10+deb12u1) ...
#6 8.034 Selecting previously unselected package libavahi-client3:amd64.
#6 8.035 Preparing to unpack .../29-libavahi-client3_0.8-10+deb12u1_amd64.deb ...
#6 8.036 Unpacking libavahi-client3:amd64 (0.8-10+deb12u1) ...
#6 8.058 Selecting previously unselected package libpixman-1-0:amd64.
#6 8.060 Preparing to unpack .../30-libpixman-1-0_0.42.2-1_amd64.deb ...
#6 8.061 Unpacking libpixman-1-0:amd64 (0.42.2-1) ...
#6 8.103 Selecting previously unselected package libxcb-render0:amd64.
#6 8.105 Preparing to unpack .../31-libxcb-render0_1.15-1_amd64.deb ...
#6 8.106 Unpacking libxcb-render0:amd64 (1.15-1) ...
#6 8.132 Selecting previously unselected package libxcb-shm0:amd64.
#6 8.134 Preparing to unpack .../32-libxcb-shm0_1.15-1_amd64.deb ...
#6 8.135 Unpacking libxcb-shm0:amd64 (1.15-1) ...
#6 8.162 Selecting previously unselected package libxrender1:amd64.
#6 8.164 Preparing to unpack .../33-libxrender1_1%3a0.9.10-1.1_amd64.deb ...
#6 8.165 Unpacking libxrender1:amd64 (1:0.9.10-1.1) ...
#6 8.188 Selecting previously unselected package libcairo2:amd64.
#6 8.190 Preparing to unpack .../34-libcairo2_1.16.0-7_amd64.deb ...
#6 8.191 Unpacking libcairo2:amd64 (1.16.0-7) ...
#6 8.252 Selecting previously unselected package libcups2:amd64.
#6 8.253 Preparing to unpack .../35-libcups2_2.4.2-3+deb12u9_amd64.deb ...
#6 8.254 Unpacking libcups2:amd64 (2.4.2-3+deb12u9) ...
#6 8.294 Selecting previously unselected package libdatrie1:amd64.
#6 8.295 Preparing to unpack .../36-libdatrie1_0.2.13-2+b1_amd64.deb ...
#6 8.296 Unpacking libdatrie1:amd64 (0.2.13-2+b1) ...
#6 8.317 Selecting previously unselected package libdrm-common.
#6 8.318 Preparing to unpack .../37-libdrm-common_2.4.114-1_all.deb ...
#6 8.319 Unpacking libdrm-common (2.4.114-1) ...
#6 8.336 Selecting previously unselected package libdrm2:amd64.
#6 8.337 Preparing to unpack .../38-libdrm2_2.4.114-1+b1_amd64.deb ...
#6 8.339 Unpacking libdrm2:amd64 (2.4.114-1+b1) ...
#6 8.360 Selecting previously unselected package libfribidi0:amd64.
#6 8.362 Preparing to unpack .../39-libfribidi0_1.0.8-2.1_amd64.deb ...
#6 8.363 Unpacking libfribidi0:amd64 (1.0.8-2.1) ...
#6 8.388 Selecting previously unselected package libwayland-server0:amd64.
#6 8.390 Preparing to unpack .../40-libwayland-server0_1.21.0-1_amd64.deb ...
#6 8.391 Unpacking libwayland-server0:amd64 (1.21.0-1) ...
#6 8.412 Selecting previously unselected package libgbm1:amd64.
#6 8.413 Preparing to unpack .../41-libgbm1_22.3.6-1+deb12u1_amd64.deb ...
#6 8.414 Unpacking libgbm1:amd64 (22.3.6-1+deb12u1) ...
#6 8.435 Selecting previously unselected package libgraphite2-3:amd64.
#6 8.437 Preparing to unpack .../42-libgraphite2-3_1.3.14-1_amd64.deb ...
#6 8.438 Unpacking libgraphite2-3:amd64 (1.3.14-1) ...
#6 8.461 Selecting previously unselected package libharfbuzz0b:amd64.
#6 8.463 Preparing to unpack .../43-libharfbuzz0b_6.0.0+dfsg-3_amd64.deb ...
#6 8.464 Unpacking libharfbuzz0b:amd64 (6.0.0+dfsg-3) ...
#6 8.530 Selecting previously unselected package libnspr4:amd64.
#6 8.531 Preparing to unpack .../44-libnspr4_2%3a4.35-1_amd64.deb ...
#6 8.532 Unpacking libnspr4:amd64 (2:4.35-1) ...
#6 8.560 Selecting previously unselected package libnss3:amd64.
#6 8.561 Preparing to unpack .../45-libnss3_2%3a3.87.1-1+deb12u2_amd64.deb ...
#6 8.562 Unpacking libnss3:amd64 (2:3.87.1-1+deb12u2) ...
#6 8.692 Selecting previously unselected package libthai-data.
#6 8.694 Preparing to unpack .../46-libthai-data_0.1.29-1_all.deb ...
#6 8.696 Unpacking libthai-data (0.1.29-1) ...
#6 8.731 Selecting previously unselected package libthai0:amd64.
#6 8.733 Preparing to unpack .../47-libthai0_0.1.29-1_amd64.deb ...
#6 8.734 Unpacking libthai0:amd64 (0.1.29-1) ...
#6 8.755 Selecting previously unselected package libpango-1.0-0:amd64.
#6 8.757 Preparing to unpack .../48-libpango-1.0-0_1.50.12+ds-1_amd64.deb ...
#6 8.758 Unpacking libpango-1.0-0:amd64 (1.50.12+ds-1) ...
#6 8.792 Selecting previously unselected package libxcomposite1:amd64.
#6 8.793 Preparing to unpack .../49-libxcomposite1_1%3a0.4.5-1_amd64.deb ...
#6 8.794 Unpacking libxcomposite1:amd64 (1:0.4.5-1) ...
#6 8.811 Selecting previously unselected package libxdamage1:amd64.
#6 8.812 Preparing to unpack .../50-libxdamage1_1%3a1.1.6-1_amd64.deb ...
#6 8.813 Unpacking libxdamage1:amd64 (1:1.1.6-1) ...
#6 8.830 Selecting previously unselected package libxfixes3:amd64.
#6 8.832 Preparing to unpack .../51-libxfixes3_1%3a6.0.0-2_amd64.deb ...
#6 8.833 Unpacking libxfixes3:amd64 (1:6.0.0-2) ...
#6 8.850 Selecting previously unselected package xkb-data.
#6 8.852 Preparing to unpack .../52-xkb-data_2.35.1-1_all.deb ...
#6 8.853 Unpacking xkb-data (2.35.1-1) ...
#6 8.962 Selecting previously unselected package libxkbcommon0:amd64.
#6 8.963 Preparing to unpack .../53-libxkbcommon0_1.5.0-1_amd64.deb ...
#6 8.964 Unpacking libxkbcommon0:amd64 (1.5.0-1) ...
#6 8.992 Selecting previously unselected package libxrandr2:amd64.
#6 8.993 Preparing to unpack .../54-libxrandr2_2%3a1.5.2-2+b1_amd64.deb ...
#6 8.994 Unpacking libxrandr2:amd64 (2:1.5.2-2+b1) ...
#6 9.013 Selecting previously unselected package python3-lib2to3.
#6 9.014 Preparing to unpack .../55-python3-lib2to3_3.11.2-3_all.deb ...
#6 9.015 Unpacking python3-lib2to3 (3.11.2-3) ...
#6 9.049 Selecting previously unselected package python3-distutils.
#6 9.051 Preparing to unpack .../56-python3-distutils_3.11.2-3_all.deb ...
#6 9.052 Unpacking python3-distutils (3.11.2-3) ...
#6 9.081 Selecting previously unselected package python3-pkg-resources.
#6 9.083 Preparing to unpack .../57-python3-pkg-resources_66.1.1-1+deb12u2_all.deb ...
#6 9.084 Unpacking python3-pkg-resources (66.1.1-1+deb12u2) ...
#6 9.123 Selecting previously unselected package python3-setuptools.
#6 9.125 Preparing to unpack .../58-python3-setuptools_66.1.1-1+deb12u2_all.deb ...
#6 9.126 Unpacking python3-setuptools (66.1.1-1+deb12u2) ...
#6 9.193 Selecting previously unselected package python3-wheel.
#6 9.195 Preparing to unpack .../59-python3-wheel_0.38.4-2_all.deb ...
#6 9.196 Unpacking python3-wheel (0.38.4-2) ...
#6 9.219 Selecting previously unselected package python3-pip.
#6 9.221 Preparing to unpack .../60-python3-pip_23.0.1+dfsg-1_all.deb ...
#6 9.222 Unpacking python3-pip (23.0.1+dfsg-1) ...
#6 9.397 Setting up media-types (10.0.0) ...
#6 9.400 Setting up libgraphite2-3:amd64 (1.3.14-1) ...
#6 9.402 Setting up libpixman-1-0:amd64 (0.42.2-1) ...
#6 9.405 Setting up libwayland-server0:amd64 (1.21.0-1) ...
#6 9.407 Setting up libxau6:amd64 (1:1.0.9-1) ...
#6 9.409 Setting up libkeyutils1:amd64 (1.6.3-2) ...
#6 9.411 Setting up libdatrie1:amd64 (0.2.13-2+b1) ...
#6 9.414 Setting up libglib2.0-0:amd64 (2.74.6-2+deb12u9) ...
#6 9.424 No schema files found: doing nothing.
#6 9.429 Setting up libtirpc-common (1.3.3+ds-1) ...
#6 9.432 Setting up libbrotli1:amd64 (1.0.9-2+b6) ...
#6 9.435 Setting up libsqlite3-0:amd64 (3.40.1-2+deb12u2) ...
#6 9.438 Setting up xkb-data (2.35.1-1) ...
#6 9.440 Setting up libkrb5support0:amd64 (1.20.1-2+deb12u5) ...
#6 9.443 Setting up libasound2-data (1.2.8-1) ...
#6 9.446 Setting up libx11-data (2:1.8.4-2+deb12u2) ...
#6 9.448 Setting up libnspr4:amd64 (2:4.35-1) ...
#6 9.450 Setting up libavahi-common-data:amd64 (0.8-10+deb12u1) ...
#6 9.453 Setting up libdbus-1-3:amd64 (1.14.10-1~deb12u1) ...
#6 9.455 Setting up libfribidi0:amd64 (1.0.8-2.1) ...
#6 9.457 Setting up libpng16-16:amd64 (1.6.39-2+deb12u5) ...
#6 9.459 Setting up fonts-dejavu-core (2.37-6) ...
#6 9.474 Setting up libncursesw6:amd64 (6.4-4) ...
#6 9.476 Setting up libk5crypto3:amd64 (1.20.1-2+deb12u5) ...
#6 9.478 Setting up at-spi2-common (2.46.0-5) ...
#6 9.480 Setting up libasound2:amd64 (1.2.8-1+b1) ...
#6 9.483 Setting up fonts-liberation (1:1.07.4-11) ...
#6 9.484 Setting up libthai-data (0.1.29-1) ...
#6 9.487 Setting up libatk1.0-0:amd64 (2.46.0-5) ...
#6 9.489 Setting up libkrb5-3:amd64 (1.20.1-2+deb12u5) ...
#6 9.491 Setting up openssl (3.0.20-1~deb12u2) ...
#6 9.495 Setting up libbsd0:amd64 (0.11.7-2) ...
#6 9.497 Setting up libdrm-common (2.4.114-1) ...
#6 9.499 Setting up readline-common (8.2-1.3) ...
#6 9.505 Setting up libxkbcommon0:amd64 (1.5.0-1) ...
#6 9.507 Setting up libxdmcp6:amd64 (1:1.1.2-3) ...
#6 9.509 Setting up libxcb1:amd64 (1.15-1) ...
#6 9.511 Setting up libxcb-render0:amd64 (1.15-1) ...
#6 9.513 Setting up fontconfig-config (2.14.1-4) ...
#6 9.594 debconf: unable to initialize frontend: Dialog
#6 9.594 debconf: (TERM is not set, so the dialog frontend is not usable.)
#6 9.594 debconf: falling back to frontend: Readline
#6 9.595 debconf: unable to initialize frontend: Readline
#6 9.595 debconf: (Can't locate Term/ReadLine.pm in @INC (you may need to install the Term::ReadLine module) (@INC contains: /etc/perl /usr/local/lib/x86_64-linux-gnu/perl/5.36.0 /usr/local/share/perl/5.36.0 /usr/lib/x86_64-linux-gnu/perl5/5.36 /usr/share/perl5 /usr/lib/x86_64-linux-gnu/perl-base /usr/lib/x86_64-linux-gnu/perl/5.36 /usr/share/perl/5.36 /usr/local/lib/site_perl) at /usr/share/perl5/Debconf/FrontEnd/Readline.pm line 7.)
#6 9.595 debconf: falling back to frontend: Teletype
#6 10.03 Setting up libreadline8:amd64 (8.2-1.3) ...
#6 10.04 Setting up libavahi-common3:amd64 (0.8-10+deb12u1) ...
#6 10.04 Setting up libnss3:amd64 (2:3.87.1-1+deb12u2) ...
#6 10.04 Setting up libxcb-shm0:amd64 (1.15-1) ...
#6 10.05 Setting up libthai0:amd64 (0.1.29-1) ...
#6 10.05 Setting up ca-certificates (20230311+deb12u1) ...
#6 10.14 debconf: unable to initialize frontend: Dialog
#6 10.14 debconf: (TERM is not set, so the dialog frontend is not usable.)
#6 10.14 debconf: falling back to frontend: Readline
#6 10.14 debconf: unable to initialize frontend: Readline
#6 10.14 debconf: (Can't locate Term/ReadLine.pm in @INC (you may need to install the Term::ReadLine module) (@INC contains: /etc/perl /usr/local/lib/x86_64-linux-gnu/perl/5.36.0 /usr/local/share/perl/5.36.0 /usr/lib/x86_64-linux-gnu/perl5/5.36 /usr/share/perl5 /usr/lib/x86_64-linux-gnu/perl-base /usr/lib/x86_64-linux-gnu/perl/5.36 /usr/share/perl/5.36 /usr/local/lib/site_perl) at /usr/share/perl5/Debconf/FrontEnd/Readline.pm line 7.)
#6 10.14 debconf: falling back to frontend: Teletype
#6 10.73 Updating certificates in /etc/ssl/certs...
#6 11.57 142 added, 0 removed; done.
#6 11.61 Setting up libfreetype6:amd64 (2.12.1+dfsg-5+deb12u4) ...
#6 11.62 Setting up libgssapi-krb5-2:amd64 (1.20.1-2+deb12u5) ...
#6 11.62 Setting up libdrm2:amd64 (2.4.114-1+b1) ...
#6 11.62 Setting up libx11-6:amd64 (2:1.8.4-2+deb12u2) ...
#6 11.63 Setting up libharfbuzz0b:amd64 (6.0.0+dfsg-3) ...
#6 11.63 Setting up libfontconfig1:amd64 (2.14.1-4) ...
#6 11.63 Setting up libxcomposite1:amd64 (1:0.4.5-1) ...
#6 11.63 Setting up libavahi-client3:amd64 (0.8-10+deb12u1) ...
#6 11.64 Setting up libtirpc3:amd64 (1.3.3+ds-1) ...
#6 11.64 Setting up fontconfig (2.14.1-4) ...
#6 11.64 Regenerating fonts cache... done.
#6 13.67 Setting up libxdamage1:amd64 (1:1.1.6-1) ...
#6 13.67 Setting up libxrender1:amd64 (1:0.9.10-1.1) ...
#6 13.67 Setting up libgbm1:amd64 (22.3.6-1+deb12u1) ...
#6 13.67 Setting up libpango-1.0-0:amd64 (1.50.12+ds-1) ...
#6 13.68 Setting up libxext6:amd64 (2:1.3.4-1+b1) ...
#6 13.68 Setting up libcairo2:amd64 (1.16.0-7) ...
#6 13.68 Setting up libxfixes3:amd64 (1:6.0.0-2) ...
#6 13.68 Setting up libxrandr2:amd64 (2:1.5.2-2+b1) ...
#6 13.69 Setting up libcups2:amd64 (2.4.2-3+deb12u9) ...
#6 13.69 Setting up libnsl2:amd64 (1.3.0-2) ...
#6 13.69 Setting up libxi6:amd64 (2:1.8-1+b1) ...
#6 13.69 Setting up libpython3.11-stdlib:amd64 (3.11.2-6+deb12u7) ...
#6 13.70 Setting up libatspi2.0-0:amd64 (2.46.0-5) ...
#6 13.70 Setting up libatk-bridge2.0-0:amd64 (2.46.0-5) ...
#6 13.70 Setting up libpython3-stdlib:amd64 (3.11.2-1+b1) ...
#6 13.70 Setting up python3.11 (3.11.2-6+deb12u7) ...
#6 14.54 Setting up python3 (3.11.2-1+b1) ...
#6 14.54 running python rtupdate hooks for python3.11...
#6 14.54 running python post-rtupdate hooks for python3.11...
#6 14.66 Setting up python3-lib2to3 (3.11.2-3) ...
#6 14.77 Setting up python3-pkg-resources (66.1.1-1+deb12u2) ...
#6 15.05 Setting up python3-distutils (3.11.2-3) ...
#6 15.20 Setting up python3-setuptools (66.1.1-1+deb12u2) ...
#6 15.77 Setting up python3-wheel (0.38.4-2) ...
#6 15.93 Setting up python3-pip (23.0.1+dfsg-1) ...
#6 17.20 Processing triggers for libc-bin (2.36-9+deb12u13) ...
#6 17.31 Processing triggers for ca-certificates (20230311+deb12u1) ...
#6 17.32 Updating certificates in /etc/ssl/certs...
#6 17.95 0 added, 0 removed; done.
#6 17.95 Running hooks in /etc/ca-certificates/update.d...
#6 17.95 done.
#6 18.86 Collecting yt-dlp
#6 19.00   Downloading yt_dlp-2026.6.9-py3-none-any.whl (3.2 MB)
#6 19.17      ━━━━━━━━━━━━━━━━━━━━━━━━━━━━━━━━━━━━━━━━ 3.2/3.2 MB 19.6 MB/s eta 0:00:00
#6 19.22 Collecting youtube-transcript-api
#6 19.23   Downloading youtube_transcript_api-1.2.4-py3-none-any.whl (485 kB)
#6 19.25      ━━━━━━━━━━━━━━━━━━━━━━━━━━━━━━━━━━━━━━ 485.2/485.2 kB 40.7 MB/s eta 0:00:00
#6 19.29 Collecting faster-whisper
#6 19.30   Downloading faster_whisper-1.2.1-py3-none-any.whl (1.1 MB)
#6 19.33      ━━━━━━━━━━━━━━━━━━━━━━━━━━━━━━━━━━━━━━━━ 1.1/1.1 MB 41.7 MB/s eta 0:00:00
#6 19.41 Collecting defusedxml<0.8.0,>=0.7.1
#6 19.42   Downloading defusedxml-0.7.1-py2.py3-none-any.whl (25 kB)
#6 19.48 Collecting requests
#6 19.49   Downloading requests-2.34.2-py3-none-any.whl (73 kB)
#6 19.49      ━━━━━━━━━━━━━━━━━━━━━━━━━━━━━━━━━━━━━━━ 73.1/73.1 kB 195.6 MB/s eta 0:00:00
#6 19.76 Collecting ctranslate2<5,>=4.0
#6 19.77   Downloading ctranslate2-4.8.0-cp311-cp311-manylinux_2_27_x86_64.manylinux_2_28_x86_64.whl (39.3 MB)
#6 20.14      ━━━━━━━━━━━━━━━━━━━━━━━━━━━━━━━━━━━━━━━ 39.3/39.3 MB 133.0 MB/s eta 0:00:00
#6 20.33 Collecting huggingface-hub>=0.21
#6 20.34   Downloading huggingface_hub-1.20.1-py3-none-any.whl (719 kB)
#6 20.34      ━━━━━━━━━━━━━━━━━━━━━━━━━━━━━━━━━━━━━ 719.8/719.8 kB 192.4 MB/s eta 0:00:00
#6 20.82 Collecting tokenizers<1,>=0.13
#6 20.83   Downloading tokenizers-0.23.1-cp310-abi3-manylinux_2_17_x86_64.manylinux2014_x86_64.whl (3.3 MB)
#6 20.85      ━━━━━━━━━━━━━━━━━━━━━━━━━━━━━━━━━━━━━━━━ 3.3/3.3 MB 154.5 MB/s eta 0:00:00
#6 21.05 Collecting onnxruntime<2,>=1.14
#6 21.06   Downloading onnxruntime-1.27.0-cp311-cp311-manylinux_2_27_x86_64.manylinux_2_28_x86_64.whl (18.6 MB)
#6 21.21      ━━━━━━━━━━━━━━━━━━━━━━━━━━━━━━━━━━━━━━━ 18.6/18.6 MB 131.5 MB/s eta 0:00:00
#6 21.36 Collecting av>=11
#6 21.37   Downloading av-17.1.0-cp311-abi3-manylinux_2_28_x86_64.whl (35.4 MB)
#6 21.64      ━━━━━━━━━━━━━━━━━━━━━━━━━━━━━━━━━━━━━━━ 35.4/35.4 MB 132.7 MB/s eta 0:00:00
#6 21.77 Collecting tqdm
#6 21.78   Downloading tqdm-4.68.3-py3-none-any.whl (78 kB)
#6 21.78      ━━━━━━━━━━━━━━━━━━━━━━━━━━━━━━━━━━━━━━━ 78.3/78.3 kB 171.3 MB/s eta 0:00:00
#6 21.79 Requirement already satisfied: setuptools in /usr/lib/python3/dist-packages (from ctranslate2<5,>=4.0->faster-whisper) (66.1.1)
#6 22.44 Collecting numpy
#6 22.45   Downloading numpy-2.4.6-cp311-cp311-manylinux_2_27_x86_64.manylinux_2_28_x86_64.whl (16.9 MB)
#6 22.58      ━━━━━━━━━━━━━━━━━━━━━━━━━━━━━━━━━━━━━━━ 16.9/16.9 MB 139.4 MB/s eta 0:00:00
#6 22.76 Collecting pyyaml<7,>=5.3
#6 22.77   Downloading pyyaml-6.0.3-cp311-cp311-manylinux2014_x86_64.manylinux_2_17_x86_64.manylinux_2_28_x86_64.whl (806 kB)
#6 22.78      ━━━━━━━━━━━━━━━━━━━━━━━━━━━━━━━━━━━━━ 806.6/806.6 kB 305.3 MB/s eta 0:00:00
#6 22.92 Collecting click>=8.4.0
#6 22.93   Downloading click-8.4.1-py3-none-any.whl (116 kB)
#6 22.94      ━━━━━━━━━━━━━━━━━━━━━━━━━━━━━━━━━━━━━ 116.6/116.6 kB 297.8 MB/s eta 0:00:00
#6 22.99 Collecting filelock>=3.10.0
#6 23.00   Downloading filelock-3.29.4-py3-none-any.whl (42 kB)
#6 23.01      ━━━━━━━━━━━━━━━━━━━━━━━━━━━━━━━━━━━━━━━ 42.8/42.8 kB 160.6 MB/s eta 0:00:00
#6 23.06 Collecting fsspec>=2023.5.0
#6 23.07   Downloading fsspec-2026.6.0-py3-none-any.whl (203 kB)
#6 23.08      ━━━━━━━━━━━━━━━━━━━━━━━━━━━━━━━━━━━━━ 203.9/203.9 kB 242.3 MB/s eta 0:00:00
#6 23.17 Collecting hf-xet<2.0.0,>=1.5.1
#6 23.18   Downloading hf_xet-1.5.1-cp37-abi3-manylinux2014_x86_64.manylinux_2_17_x86_64.whl (4.5 MB)
#6 23.24      ━━━━━━━━━━━━━━━━━━━━━━━━━━━━━━━━━━━━━━━━ 4.5/4.5 MB 92.1 MB/s eta 0:00:00
#6 23.29 Collecting httpx<1,>=0.23.0
#6 23.30   Downloading httpx-0.28.1-py3-none-any.whl (73 kB)
#6 23.30      ━━━━━━━━━━━━━━━━━━━━━━━━━━━━━━━━━━━━━━━ 73.5/73.5 kB 196.3 MB/s eta 0:00:00
#6 23.35 Collecting packaging>=20.9
#6 23.36   Downloading packaging-26.2-py3-none-any.whl (100 kB)
#6 23.36      ━━━━━━━━━━━━━━━━━━━━━━━━━━━━━━━━━━━━━ 100.2/100.2 kB 164.9 MB/s eta 0:00:00
#6 23.43 Collecting typer<0.26.0,>=0.20.0
#6 23.44   Downloading typer-0.25.1-py3-none-any.whl (58 kB)
#6 23.44      ━━━━━━━━━━━━━━━━━━━━━━━━━━━━━━━━━━━━━━━ 58.4/58.4 kB 171.4 MB/s eta 0:00:00
#6 23.48 Collecting typing-extensions>=4.1.0
#6 23.49   Downloading typing_extensions-4.15.0-py3-none-any.whl (44 kB)
#6 23.49      ━━━━━━━━━━━━━━━━━━━━━━━━━━━━━━━━━━━━━━━ 44.6/44.6 kB 251.3 MB/s eta 0:00:00
#6 23.52 Collecting flatbuffers
#6 23.54   Downloading flatbuffers-25.12.19-py2.py3-none-any.whl (26 kB)
#6 24.02 Collecting protobuf>=4.25.8
#6 24.03   Downloading protobuf-7.35.1-cp310-abi3-manylinux2014_x86_64.whl (327 kB)
#6 24.03      ━━━━━━━━━━━━━━━━━━━━━━━━━━━━━━━━━━━━━ 327.1/327.1 kB 186.9 MB/s eta 0:00:00
#6 24.46 Collecting charset_normalizer<4,>=2
#6 24.47   Downloading charset_normalizer-3.4.7-cp311-cp311-manylinux2014_x86_64.manylinux_2_17_x86_64.manylinux_2_28_x86_64.whl (214 kB)
#6 24.47      ━━━━━━━━━━━━━━━━━━━━━━━━━━━━━━━━━━━━━ 214.1/214.1 kB 245.3 MB/s eta 0:00:00
#6 24.51 Collecting idna<4,>=2.5
#6 24.52   Downloading idna-3.18-py3-none-any.whl (65 kB)
#6 24.52      ━━━━━━━━━━━━━━━━━━━━━━━━━━━━━━━━━━━━━━━ 65.5/65.5 kB 182.9 MB/s eta 0:00:00
#6 24.59 Collecting urllib3<3,>=1.26
#6 24.60   Downloading urllib3-2.7.0-py3-none-any.whl (131 kB)
#6 24.60      ━━━━━━━━━━━━━━━━━━━━━━━━━━━━━━━━━━━━━ 131.1/131.1 kB 145.9 MB/s eta 0:00:00
#6 24.64 Collecting certifi>=2023.5.7
#6 24.65   Downloading certifi-2026.6.17-py3-none-any.whl (133 kB)
#6 24.66      ━━━━━━━━━━━━━━━━━━━━━━━━━━━━━━━━━━━━━ 133.3/133.3 kB 200.9 MB/s eta 0:00:00
#6 24.82 Collecting anyio
#6 24.83   Downloading anyio-4.14.0-py3-none-any.whl (123 kB)
#6 24.84      ━━━━━━━━━━━━━━━━━━━━━━━━━━━━━━━━━━━━━ 123.5/123.5 kB 148.5 MB/s eta 0:00:00
#6 24.88 Collecting httpcore==1.*
#6 24.89   Downloading httpcore-1.0.9-py3-none-any.whl (78 kB)
#6 24.90      ━━━━━━━━━━━━━━━━━━━━━━━━━━━━━━━━━━━━━━━ 78.8/78.8 kB 167.2 MB/s eta 0:00:00
#6 24.93 Collecting h11>=0.16
#6 24.94   Downloading h11-0.16.0-py3-none-any.whl (37 kB)
#6 25.00 Collecting shellingham>=1.3.0
#6 25.01   Downloading shellingham-1.5.4-py2.py3-none-any.whl (9.8 kB)
#6 25.12 Collecting rich>=13.8.0
#6 25.13   Downloading rich-15.0.0-py3-none-any.whl (310 kB)
#6 25.14      ━━━━━━━━━━━━━━━━━━━━━━━━━━━━━━━━━━━━━ 310.7/310.7 kB 188.7 MB/s eta 0:00:00
#6 25.16 Collecting annotated-doc>=0.0.2
#6 25.17   Downloading annotated_doc-0.0.4-py3-none-any.whl (5.3 kB)
#6 25.24 Collecting markdown-it-py>=2.2.0
#6 25.25   Downloading markdown_it_py-4.2.0-py3-none-any.whl (91 kB)
#6 25.25      ━━━━━━━━━━━━━━━━━━━━━━━━━━━━━━━━━━━━━━━ 91.7/91.7 kB 131.7 MB/s eta 0:00:00
#6 25.30 Collecting pygments<3.0.0,>=2.13.0
#6 25.31   Downloading pygments-2.20.0-py3-none-any.whl (1.2 MB)
#6 25.32      ━━━━━━━━━━━━━━━━━━━━━━━━━━━━━━━━━━━━━━━━ 1.2/1.2 MB 140.3 MB/s eta 0:00:00
#6 25.40 Collecting mdurl~=0.1
#6 25.41   Downloading mdurl-0.1.2-py3-none-any.whl (10.0 kB)
#6 25.83 Installing collected packages: flatbuffers, yt-dlp, urllib3, typing-extensions, tqdm, shellingham, pyyaml, pygments, protobuf, packaging, numpy, mdurl, idna, hf-xet, h11, fsspec, filelock, defusedxml, click, charset_normalizer, certifi, av, annotated-doc, requests, onnxruntime, markdown-it-py, httpcore, ctranslate2, anyio, youtube-transcript-api, rich, httpx, typer, huggingface-hub, tokenizers, faster-whisper
#6 37.64 Successfully installed annotated-doc-0.0.4 anyio-4.14.0 av-17.1.0 certifi-2026.6.17 charset_normalizer-3.4.7 click-8.4.1 ctranslate2-4.8.0 defusedxml-0.7.1 faster-whisper-1.2.1 filelock-3.29.4 flatbuffers-25.12.19 fsspec-2026.6.0 h11-0.16.0 hf-xet-1.5.1 httpcore-1.0.9 httpx-0.28.1 huggingface-hub-1.20.1 idna-3.18 markdown-it-py-4.2.0 mdurl-0.1.2 numpy-2.4.6 onnxruntime-1.27.0 packaging-26.2 protobuf-7.35.1 pygments-2.20.0 pyyaml-6.0.3 requests-2.34.2 rich-15.0.0 shellingham-1.5.4 tokenizers-0.23.1 tqdm-4.68.3 typer-0.25.1 typing-extensions-4.15.0 urllib3-2.7.0 youtube-transcript-api-1.2.4 yt-dlp-2026.6.9
#6 37.64 WARNING: Running pip as the 'root' user can result in broken permissions and conflicting behaviour with the system package manager. It is recommended to use a virtual environment instead: https://pip.pypa.io/warnings/venv
#6 DONE 40.9s

#7 [3/8] RUN python3 -c "from faster_whisper import WhisperModel; WhisperModel('base', device='cpu', compute_type='int8')"
#7 0.853 Warning: You are sending unauthenticated requests to the HF Hub. Please set a HF_TOKEN to enable higher rate limits and faster downloads.
#7 DONE 3.2s

#8 [4/8] WORKDIR /app
#8 DONE 0.0s

#9 [5/8] COPY package*.json ./
#9 DONE 0.0s

#10 [6/8] RUN npm ci --omit=dev
#10 5.738 npm warn deprecated source-map@0.8.0-beta.0: The work that was done in this beta branch won't be included in future versions
#10 17.13 
#10 17.13 added 317 packages, and audited 318 packages in 16s
#10 17.13 
#10 17.13 61 packages are looking for funding
#10 17.13   run `npm fund` for details
#10 17.19 
#10 17.19 6 high severity vulnerabilities
#10 17.19 
#10 17.19 To address all issues, run:
#10 17.19   npm audit fix
#10 17.19 
#10 17.19 Run `npm audit` for details.
#10 17.19 npm notice
#10 17.19 npm notice New major version of npm available! 10.8.2 -> 11.17.0
#10 17.19 npm notice Changelog: https://github.com/npm/cli/releases/tag/v11.17.0
#10 17.19 npm notice To update run: npm install -g npm@11.17.0
#10 17.19 npm notice
#10 DONE 25.3s

#11 [7/8] COPY . .
#11 DONE 0.3s

#12 [8/8] RUN npx remotion browser ensure
#12 1.260 Downloading Chrome Headless Shell https://www.remotion.dev/chrome-headless-shell
#12 1.267 Downloading from: https://remotion.media/chromium-headless-shell-linux-x64-149.0.7790.0.zip?clear
#12 1.653 Getting Headless Shell - 9.5 Mb/91.9 Mb
#12 1.751 Getting Headless Shell - 19.1 Mb/91.9 Mb
#12 1.811 Getting Headless Shell - 28.6 Mb/91.9 Mb
#12 1.878 Getting Headless Shell - 38.2 Mb/91.9 Mb
#12 1.924 Getting Headless Shell - 47.7 Mb/91.9 Mb
#12 1.983 Getting Headless Shell - 57.3 Mb/91.9 Mb
#12 2.054 Getting Headless Shell - 66.8 Mb/91.9 Mb
#12 2.110 Getting Headless Shell - 76.4 Mb/91.9 Mb
#12 2.169 Getting Headless Shell - 85.9 Mb/91.9 Mb
#12 2.199 Got Headless Shell
#12 4.267 Has browser at /app/node_modules/.remotion/chrome-headless-shell/linux64/chrome-headless-shell-linux64/chrome-headless-shell
#12 DONE 6.7s

#13 exporting to image
#13 exporting layers
#13 exporting layers 36.5s done
#13 exporting manifest sha256:ede76530fb9f9d4e9651d2997b6d338bf8fdf419f398d608ff3842723217e5e3 done
#13 exporting config sha256:c72f9f1187b249d8f44a16b052485474cd34270f4045fea798d92c1f0dea401b done
#13 pushing layers for registry.fly.io/clipr-rn-render:deployment-01KVNZXGZN6WVXERHYQRMY7458@sha256:ede76530fb9f9d4e9651d2997b6d338bf8fdf419f398d608ff3842723217e5e3
#13 pushing layer sha256:c72f9f1187b249d8f44a16b052485474cd34270f4045fea798d92c1f0dea401b
#13 pushing layer sha256:d702019ad3dc55d03e38cc543bfdb0ca9e3e7ac735e03a755c852c6745c2d8d6
#13 pushing layer sha256:ba4ab391c303fb856acc59cb12f3d6472a63f0cb4a30665caf240f23b048ecf9
#13 pushing layer sha256:cafbacc3deae17253644d092525dcad7ce789fc6260a5d953d273549e118b0c6
#13 pushing layer sha256:56b929f516b8989b818f27cb6306a665ffcd35c8d45d1a2e6019f94217717fdd
#13 pushing layer sha256:a9da4b9029b36eb69dde3e65a30a1c81066c5745ee924422b9fbab5bd21e916d
#13 pushing layer sha256:62f85b5ca1fbeacb704b4a7b1ac10a959186fcba76a6a787d47d0efa6bb2255f
#13 pushing layer sha256:cfe42610999d219e11903496ae408c99612b16b265e8ca98ea743eb40400cdef
#13 pushing layer sha256:e96623cf5b28e4de0451c84c31f0d8a6c44213d3dbc74885ed4630910e46a9fa
#13 pushing layer sha256:12d475d252997f09f9ee1777835a1058b7e890ea8cec030c729396ea27c4c8ff
#13 pushing layer sha256:7b1e6c7c924ae3f5c8b6b682c05531057bfeefc7c10051e962f56ca26731d86f
#13 pushing layer sha256:ea2b60f3338f30537bdab1ed54994203d1ead1c8d5eccddf4c765a4de72de66f
#13 pushing layer sha256:7b04df337afd438e549d74e54ff1ea5acd712efed846405ea057440554bdf9a9
#13 pushing layer sha256:56b929f516b8989b818f27cb6306a665ffcd35c8d45d1a2e6019f94217717fdd 4.5s done
#13 pushing layer sha256:cafbacc3deae17253644d092525dcad7ce789fc6260a5d953d273549e118b0c6 4.5s done
#13 pushing layer sha256:cfe42610999d219e11903496ae408c99612b16b265e8ca98ea743eb40400cdef 4.5s done
#13 pushing layer sha256:12d475d252997f09f9ee1777835a1058b7e890ea8cec030c729396ea27c4c8ff 4.5s done
#13 pushing layer sha256:ea2b60f3338f30537bdab1ed54994203d1ead1c8d5eccddf4c765a4de72de66f 4.5s done
#13 pushing layer sha256:e96623cf5b28e4de0451c84c31f0d8a6c44213d3dbc74885ed4630910e46a9fa 4.7s done
#13 pushing layer sha256:c72f9f1187b249d8f44a16b052485474cd34270f4045fea798d92c1f0dea401b 4.7s done
#13 pushing layer sha256:a9da4b9029b36eb69dde3e65a30a1c81066c5745ee924422b9fbab5bd21e916d 4.8s done
#13 pushing layer sha256:7b1e6c7c924ae3f5c8b6b682c05531057bfeefc7c10051e962f56ca26731d86f 4.7s done
#13 pushing layer sha256:ba4ab391c303fb856acc59cb12f3d6472a63f0cb4a30665caf240f23b048ecf9 7.7s done
#13 pushing layer sha256:d702019ad3dc55d03e38cc543bfdb0ca9e3e7ac735e03a755c852c6745c2d8d6 8.7s done
#13 pushing layer sha256:7b04df337afd438e549d74e54ff1ea5acd712efed846405ea057440554bdf9a9 9.1s done
#13 pushing layers for registry.fly.io/clipr-rn-render:deployment-01KVNZXGZN6WVXERHYQRMY7458@sha256:ede76530fb9f9d4e9651d2997b6d338bf8fdf419f398d608ff3842723217e5e3 11.9s done
#13 pushing layer sha256:62f85b5ca1fbeacb704b4a7b1ac10a959186fcba76a6a787d47d0efa6bb2255f 11.9s done
#13 pushing manifest for registry.fly.io/clipr-rn-render:deployment-01KVNZXGZN6WVXERHYQRMY7458@sha256:ede76530fb9f9d4e9651d2997b6d338bf8fdf419f398d608ff3842723217e5e3
#13 pushing manifest for registry.fly.io/clipr-rn-render:deployment-01KVNZXGZN6WVXERHYQRMY7458@sha256:ede76530fb9f9d4e9651d2997b6d338bf8fdf419f398d608ff3842723217e5e3 0.1s done
#13 DONE 48.6s
--> Build Summary:  (​)
--> Building image done
image: registry.fly.io/clipr-rn-render:deployment-01KVNZXGZN6WVXERHYQRMY7458

Watch your deployment at https://fly.io/apps/clipr-rn-render/monitoring

image size: 898 MB
Updating existing machines in 'clipr-rn-render' with rolling strategy
> [1/2] Acquiring lease for 08016e4be17408
> [1/2] Acquired lease for 08016e4be17408
> [2/2] Acquiring lease for 080e357ce21258
> [2/2] Acquired lease for 080e357ce21258
> [1/2] Updating machine config for 08016e4be17408
> [2/2] Updating machine config for 080e357ce21258
> [2/2] Updating 080e357ce21258 [app]
> [1/2] Updating 08016e4be17408 [app]
> [1/2] Updated machine config for 08016e4be17408
> [1/2] Waiting for machine 08016e4be17408 to reach a good state
> [2/2] Updated machine config for 080e357ce21258
> [2/2] Waiting for machine 080e357ce21258 to reach a good state
> [1/2] Machine 08016e4be17408 reached stopped state
✔ [1/2] Machine 08016e4be17408 is now in a good state
> [2/2] Machine 080e357ce21258 reached stopped state
✔ [2/2] Machine 080e357ce21258 is now in a good state
> [1/2] Clearing lease for 08016e4be17408
> [2/2] Clearing lease for 080e357ce21258
✔ [1/2] Cleared lease for 08016e4be17408
✔ [2/2] Cleared lease for 080e357ce21258
Checking DNS configuration for clipr-rn-render.fly.dev
✓ DNS configuration verified

Visit your newly deployed app at https://clipr-rn-render.fly.dev/

