==> Verifying app config
--> Verified app config
Validating C:\Users\HomePC\Clipr\remotion\fly.toml
[32m✓[0m Configuration is valid
==> Building image
Waiting for depot builder...

==> Building image with Depot
--> build:  (​)
#1 [internal] load build definition from Dockerfile
#1 transferring dockerfile:
#1 transferring dockerfile: 1.02kB 1.0s done
#1 DONE 1.0s

#2 [internal] load metadata for docker.io/library/node:20-bookworm-slim
#2 DONE 0.2s

#3 [internal] load .dockerignore
#3 transferring context:
#3 transferring context: 102B 1.0s done
#3 DONE 1.0s

#4 [1/7] FROM docker.io/library/node:20-bookworm-slim@sha256:2cf067cfed83d5ea958367df9f966191a942351a2df77d6f0193e162b5febfc0
#4 resolve docker.io/library/node:20-bookworm-slim@sha256:2cf067cfed83d5ea958367df9f966191a942351a2df77d6f0193e162b5febfc0 done
#4 DONE 0.0s

#5 [internal] load build context
#5 transferring context: 2.41kB 1.0s done
#5 DONE 1.0s

#6 [2/7] RUN apt-get update && apt-get install -y --no-install-recommends       python3 python3-pip ca-certificates fonts-liberation fonts-dejavu-core       libnss3 libatk1.0-0 libatk-bridge2.0-0 libcups2 libdrm2 libxkbcommon0       libxcomposite1 libxdamage1 libxfixes3 libxrandr2 libgbm1 libpango-1.0-0       libcairo2 libasound2 libatspi2.0-0 libx11-6 libxcb1 libxext6 libxi6       libglib2.0-0     && pip3 install --break-system-packages --no-cache-dir yt-dlp youtube-transcript-api     && rm -rf /var/lib/apt/lists/*
#6 CACHED

#7 [3/7] WORKDIR /app
#7 CACHED

#8 [4/7] COPY package*.json ./
#8 CACHED

#9 [5/7] RUN npm ci --omit=dev
#9 CACHED

#10 [6/7] COPY . .
#10 DONE 0.0s

#11 [7/7] RUN npx remotion browser ensure
#11 2.213 Downloading Chrome Headless Shell https://www.remotion.dev/chrome-headless-shell
#11 2.219 Downloading from: https://remotion.media/chromium-headless-shell-linux-x64-149.0.7790.0.zip?clear
#11 2.510 Getting Headless Shell - 9.5 Mb/91.9 Mb
#11 2.629 Getting Headless Shell - 19.1 Mb/91.9 Mb
#11 2.701 Getting Headless Shell - 28.6 Mb/91.9 Mb
#11 2.777 Getting Headless Shell - 38.2 Mb/91.9 Mb
#11 2.848 Getting Headless Shell - 47.7 Mb/91.9 Mb
#11 2.935 Getting Headless Shell - 57.3 Mb/91.9 Mb
#11 3.023 Getting Headless Shell - 66.8 Mb/91.9 Mb
#11 3.107 Getting Headless Shell - 76.3 Mb/91.9 Mb
#11 3.177 Getting Headless Shell - 85.9 Mb/91.9 Mb
#11 3.241 Got Headless Shell
#11 5.817 Has browser at /app/node_modules/.remotion/chrome-headless-shell/linux64/chrome-headless-shell-linux64/chrome-headless-shell
#11 DONE 7.6s

#12 exporting to image
#12 exporting layers
#12 exporting layers 11.3s done
#12 exporting manifest sha256:9cc47c7022d90f17c5265724460b66f7e721d7e6777296ab3d87e688f4a84bb1 done
#12 exporting config sha256:4d1af2b5bd1e80bcb075a8dc7f98165e87793118273d53644a9c3aca92f554db done
#12 pushing layers for registry.fly.io/clipr-rn-render:deployment-01KVNYWH4ZMSSNQK9KK1F7HXPJ@sha256:9cc47c7022d90f17c5265724460b66f7e721d7e6777296ab3d87e688f4a84bb1
#12 pushing layer sha256:4d1af2b5bd1e80bcb075a8dc7f98165e87793118273d53644a9c3aca92f554db
#12 pushing layer sha256:3e87f4d7c621dd5269f66a826fe6976d57674d7d32a0cfea3c2749d5df3c30ad
#12 pushing layer sha256:dbb5ee2e3facd955ae53188782e469dc77f681e6cea8b59952b3bd369a35b428
#12 pushing layer sha256:cfe42610999d219e11903496ae408c99612b16b265e8ca98ea743eb40400cdef
#12 pushing layer sha256:cafbacc3deae17253644d092525dcad7ce789fc6260a5d953d273549e118b0c6
#12 pushing layer sha256:98d87e9e4da891e7ee5c11aab1712a43af9e5b1eb8533cca87a580ee7e8453aa
#12 pushing layer sha256:ddbe66a7760629095be1a0b3656bf56d1fe0d59f40ed47b462091afe932cb0e7
#12 pushing layer sha256:371aee0b9da2aaee5e75c9e1c9c3e510fdd66bd285d59f1bfc36222a3645101e
#12 pushing layer sha256:ea2b60f3338f30537bdab1ed54994203d1ead1c8d5eccddf4c765a4de72de66f
#12 pushing layer sha256:8603d589ccb5be4c85fd4a1ac55795f2e68235e8314a0993f0bea20f7f0f8bd4
#12 pushing layer sha256:56b929f516b8989b818f27cb6306a665ffcd35c8d45d1a2e6019f94217717fdd
#12 pushing layer sha256:12d475d252997f09f9ee1777835a1058b7e890ea8cec030c729396ea27c4c8ff
#12 pushing layer sha256:ea2b60f3338f30537bdab1ed54994203d1ead1c8d5eccddf4c765a4de72de66f 1.3s done
#12 pushing layer sha256:ddbe66a7760629095be1a0b3656bf56d1fe0d59f40ed47b462091afe932cb0e7 2.3s done
#12 pushing layer sha256:cafbacc3deae17253644d092525dcad7ce789fc6260a5d953d273549e118b0c6 2.6s done
#12 pushing layer sha256:dbb5ee2e3facd955ae53188782e469dc77f681e6cea8b59952b3bd369a35b428 3.0s done
#12 pushing layer sha256:8603d589ccb5be4c85fd4a1ac55795f2e68235e8314a0993f0bea20f7f0f8bd4 3.3s done
#12 pushing layer sha256:cfe42610999d219e11903496ae408c99612b16b265e8ca98ea743eb40400cdef 3.6s done
#12 pushing layer sha256:12d475d252997f09f9ee1777835a1058b7e890ea8cec030c729396ea27c4c8ff 3.9s done
#12 pushing layer sha256:371aee0b9da2aaee5e75c9e1c9c3e510fdd66bd285d59f1bfc36222a3645101e 4.3s done
#12 pushing layer sha256:56b929f516b8989b818f27cb6306a665ffcd35c8d45d1a2e6019f94217717fdd 4.3s done
#12 pushing layer sha256:4d1af2b5bd1e80bcb075a8dc7f98165e87793118273d53644a9c3aca92f554db 4.6s done
#12 pushing layer sha256:98d87e9e4da891e7ee5c11aab1712a43af9e5b1eb8533cca87a580ee7e8453aa 4.6s done
#12 pushing layers for registry.fly.io/clipr-rn-render:deployment-01KVNYWH4ZMSSNQK9KK1F7HXPJ@sha256:9cc47c7022d90f17c5265724460b66f7e721d7e6777296ab3d87e688f4a84bb1 5.5s done
#12 pushing layer sha256:3e87f4d7c621dd5269f66a826fe6976d57674d7d32a0cfea3c2749d5df3c30ad 5.5s done
#12 pushing manifest for registry.fly.io/clipr-rn-render:deployment-01KVNYWH4ZMSSNQK9KK1F7HXPJ@sha256:9cc47c7022d90f17c5265724460b66f7e721d7e6777296ab3d87e688f4a84bb1
#12 pushing manifest for registry.fly.io/clipr-rn-render:deployment-01KVNYWH4ZMSSNQK9KK1F7HXPJ@sha256:9cc47c7022d90f17c5265724460b66f7e721d7e6777296ab3d87e688f4a84bb1 0.1s done
#12 DONE 16.9s
--> Build Summary:  (​)
--> Building image done
image: registry.fly.io/clipr-rn-render:deployment-01KVNYWH4ZMSSNQK9KK1F7HXPJ

Watch your deployment at https://fly.io/apps/clipr-rn-render/monitoring

image size: 649 MB
Updating existing machines in 'clipr-rn-render' with rolling strategy
> [1/2] Acquiring lease for 08016e4be17408
> [1/2] Acquired lease for 08016e4be17408
> [2/2] Acquiring lease for 080e357ce21258
> [2/2] Acquired lease for 080e357ce21258
> [2/2] Updating machine config for 080e357ce21258
> [1/2] Updating machine config for 08016e4be17408
> [2/2] Updating 080e357ce21258 [app]
> [1/2] Updating 08016e4be17408 [app]
> [2/2] Updated machine config for 080e357ce21258
> [2/2] Waiting for machine 080e357ce21258 to reach a good state
> [1/2] Updated machine config for 08016e4be17408
> [1/2] Waiting for machine 08016e4be17408 to reach a good state
> [1/2] Machine 08016e4be17408 reached stopped state
✔ [1/2] Machine 08016e4be17408 is now in a good state
> [2/2] Machine 080e357ce21258 reached stopped state
✔ [2/2] Machine 080e357ce21258 is now in a good state
> [2/2] Clearing lease for 080e357ce21258
> [1/2] Clearing lease for 08016e4be17408
✔ [2/2] Cleared lease for 080e357ce21258
✔ [1/2] Cleared lease for 08016e4be17408
Checking DNS configuration for clipr-rn-render.fly.dev
✓ DNS configuration verified

Visit your newly deployed app at https://clipr-rn-render.fly.dev/

