==> Verifying app config
--> Verified app config
Validating C:\Users\HomePC\Clipr\remotion\fly.toml
[32m✓[0m Configuration is valid
==> Building image
Waiting for depot builder...

==> Building image with Depot
--> build:  (​)
#1 [internal] load build definition from Dockerfile
#1 transferring dockerfile:
#1 transferring dockerfile: 995B 0.9s done
#1 DONE 0.9s

#2 [internal] load metadata for docker.io/library/node:20-bookworm-slim
#2 DONE 0.7s

#3 [internal] load .dockerignore
#3 transferring context:
#3 transferring context: 102B 0.9s done
#3 DONE 1.0s

#4 [1/7] FROM docker.io/library/node:20-bookworm-slim@sha256:2cf067cfed83d5ea958367df9f966191a942351a2df77d6f0193e162b5febfc0
#4 resolve docker.io/library/node:20-bookworm-slim@sha256:2cf067cfed83d5ea958367df9f966191a942351a2df77d6f0193e162b5febfc0 done
#4 DONE 0.0s

#5 [internal] load build context
#5 transferring context: 199.75kB 2.0s done
#5 DONE 2.0s

#4 [1/7] FROM docker.io/library/node:20-bookworm-slim@sha256:2cf067cfed83d5ea958367df9f966191a942351a2df77d6f0193e162b5febfc0
#4 sha256:3c02fd806613748139b8b8a14a69ae3518a1b0e863c57c35aada3b92ed87fb31 447B / 447B 0.1s done
#4 sha256:e54aec64c365815cd7b91e718f00ac6e625562b1de09036b38614621b42c7582 3.31kB / 3.31kB 0.1s done
#4 sha256:64cfb949317c9824fd081d55c59a7225bfe1f650c6395ba42d7ed0ccf51993d2 1.71MB / 1.71MB 0.1s done
#4 sha256:804d4d68057cbb26cbcde9a735148ebc6589911bad32cf9dbddb5b0ba878bf1f 41.42MB / 41.42MB 0.6s done
#4 sha256:ff86ea2e5edce334d19a34fbc65d1a511aa1fc823dba1110422f991aa56b44d4 28.24MB / 28.24MB 0.5s done
#4 extracting sha256:ff86ea2e5edce334d19a34fbc65d1a511aa1fc823dba1110422f991aa56b44d4
#4 extracting sha256:ff86ea2e5edce334d19a34fbc65d1a511aa1fc823dba1110422f991aa56b44d4 1.1s done
#4 DONE 1.7s

#4 [1/7] FROM docker.io/library/node:20-bookworm-slim@sha256:2cf067cfed83d5ea958367df9f966191a942351a2df77d6f0193e162b5febfc0
#4 extracting sha256:e54aec64c365815cd7b91e718f00ac6e625562b1de09036b38614621b42c7582 0.0s done
#4 extracting sha256:804d4d68057cbb26cbcde9a735148ebc6589911bad32cf9dbddb5b0ba878bf1f
#4 extracting sha256:804d4d68057cbb26cbcde9a735148ebc6589911bad32cf9dbddb5b0ba878bf1f 1.5s done
#4 DONE 3.1s

#4 [1/7] FROM docker.io/library/node:20-bookworm-slim@sha256:2cf067cfed83d5ea958367df9f966191a942351a2df77d6f0193e162b5febfc0
#4 extracting sha256:64cfb949317c9824fd081d55c59a7225bfe1f650c6395ba42d7ed0ccf51993d2 0.1s done
#4 extracting sha256:3c02fd806613748139b8b8a14a69ae3518a1b0e863c57c35aada3b92ed87fb31 done
#4 DONE 3.2s

#6 [2/7] RUN apt-get update && apt-get install -y --no-install-recommends       python3 python3-pip ca-certificates fonts-liberation fonts-dejavu-core       libnss3 libatk1.0-0 libatk-bridge2.0-0 libcups2 libdrm2 libxkbcommon0       libxcomposite1 libxdamage1 libxfixes3 libxrandr2 libgbm1 libpango-1.0-0       libcairo2 libasound2 libatspi2.0-0 libx11-6 libxcb1 libxext6 libxi6       libglib2.0-0     && pip3 install --break-system-packages --no-cache-dir yt-dlp     && rm -rf /var/lib/apt/lists/*
#6 0.157 Get:1 http://deb.debian.org/debian bookworm InRelease [151 kB]
#6 0.215 Get:2 http://deb.debian.org/debian bookworm-updates InRelease [55.4 kB]
#6 0.235 Get:3 http://deb.debian.org/debian-security bookworm-security InRelease [48.0 kB]
#6 0.323 Get:4 http://deb.debian.org/debian bookworm/main amd64 Packages [8790 kB]
#6 0.478 Get:5 http://deb.debian.org/debian bookworm-updates/main amd64 Packages [6924 B]
#6 0.497 Get:6 http://deb.debian.org/debian-security bookworm-security/main amd64 Packages [311 kB]
#6 1.683 Fetched 9363 kB in 2s (5979 kB/s)
#6 1.683 Reading package lists...
#6 2.449 Reading package lists...
#6 3.256 Building dependency tree...
#6 3.505 Reading state information...
#6 3.977 The following additional packages will be installed:
#6 3.977   at-spi2-common fontconfig fontconfig-config libasound2-data libavahi-client3
#6 3.978   libavahi-common-data libavahi-common3 libbrotli1 libbsd0 libdatrie1
#6 3.978   libdbus-1-3 libdrm-common libexpat1 libfontconfig1 libfreetype6 libfribidi0
#6 3.978   libgraphite2-3 libgssapi-krb5-2 libharfbuzz0b libk5crypto3 libkeyutils1
#6 3.978   libkrb5-3 libkrb5support0 libncursesw6 libnsl2 libnspr4 libpixman-1-0
#6 3.978   libpng16-16 libpython3-stdlib libpython3.11-minimal libpython3.11-stdlib
#6 3.978   libreadline8 libsqlite3-0 libssl3 libthai-data libthai0 libtirpc-common
#6 3.978   libtirpc3 libwayland-server0 libx11-data libxau6 libxcb-render0 libxcb-shm0
#6 3.979   libxdmcp6 libxrender1 media-types openssl python3-distutils python3-lib2to3
#6 3.979   python3-minimal python3-pkg-resources python3-setuptools python3-wheel
#6 3.979   python3.11 python3.11-minimal readline-common xkb-data
#6 3.982 Suggested packages:
#6 3.982   libasound2-plugins alsa-utils cups-common low-memory-monitor krb5-doc
#6 3.982   krb5-user python3-doc python3-tk python3-venv python-setuptools-doc
#6 3.982   python3.11-venv python3.11-doc binutils binfmt-support readline-doc
#6 3.982 Recommended packages:
#6 3.982   alsa-ucm-conf alsa-topology-conf at-spi2-core dbus libglib2.0-data
#6 3.982   shared-mime-info xdg-user-dirs krb5-locales libgpm2 build-essential
#6 3.982   python3-dev
#6 4.503 The following NEW packages will be installed:
#6 4.503   at-spi2-common ca-certificates fontconfig fontconfig-config
#6 4.503   fonts-dejavu-core fonts-liberation libasound2 libasound2-data
#6 4.503   libatk-bridge2.0-0 libatk1.0-0 libatspi2.0-0 libavahi-client3
#6 4.503   libavahi-common-data libavahi-common3 libbrotli1 libbsd0 libcairo2 libcups2
#6 4.503   libdatrie1 libdbus-1-3 libdrm-common libdrm2 libexpat1 libfontconfig1
#6 4.503   libfreetype6 libfribidi0 libgbm1 libglib2.0-0 libgraphite2-3
#6 4.504   libgssapi-krb5-2 libharfbuzz0b libk5crypto3 libkeyutils1 libkrb5-3
#6 4.504   libkrb5support0 libncursesw6 libnsl2 libnspr4 libnss3 libpango-1.0-0
#6 4.505   libpixman-1-0 libpng16-16 libpython3-stdlib libpython3.11-minimal
#6 4.505   libpython3.11-stdlib libreadline8 libsqlite3-0 libssl3 libthai-data libthai0
#6 4.505   libtirpc-common libtirpc3 libwayland-server0 libx11-6 libx11-data libxau6
#6 4.505   libxcb-render0 libxcb-shm0 libxcb1 libxcomposite1 libxdamage1 libxdmcp6
#6 4.505   libxext6 libxfixes3 libxi6 libxkbcommon0 libxrandr2 libxrender1 media-types
#6 4.505   openssl python3 python3-distutils python3-lib2to3 python3-minimal
#6 4.505   python3-pip python3-pkg-resources python3-setuptools python3-wheel
#6 4.506   python3.11 python3.11-minimal readline-common xkb-data
#6 4.579 0 upgraded, 82 newly installed, 0 to remove and 12 not upgraded.
#6 4.579 Need to get 28.1 MB of archives.
#6 4.579 After this operation, 90.7 MB of additional disk space will be used.
#6 4.579 Get:1 http://deb.debian.org/debian-security bookworm-security/main amd64 libssl3 amd64 3.0.20-1~deb12u2 [2036 kB]
#6 5.006 Get:2 http://deb.debian.org/debian bookworm/main amd64 libpython3.11-minimal amd64 3.11.2-6+deb12u7 [818 kB]
#6 5.028 Get:3 http://deb.debian.org/debian bookworm/main amd64 libexpat1 amd64 2.5.0-1+deb12u2 [99.9 kB]
#6 5.029 Get:4 http://deb.debian.org/debian bookworm/main amd64 python3.11-minimal amd64 3.11.2-6+deb12u7 [2066 kB]
#6 5.050 Get:5 http://deb.debian.org/debian bookworm/main amd64 python3-minimal amd64 3.11.2-1+b1 [26.3 kB]
#6 5.051 Get:6 http://deb.debian.org/debian bookworm/main amd64 media-types all 10.0.0 [26.1 kB]
#6 5.054 Get:7 http://deb.debian.org/debian bookworm/main amd64 libncursesw6 amd64 6.4-4 [134 kB]
#6 5.054 Get:8 http://deb.debian.org/debian-security bookworm-security/main amd64 libkrb5support0 amd64 1.20.1-2+deb12u5 [33.2 kB]
#6 5.054 Get:9 http://deb.debian.org/debian-security bookworm-security/main amd64 libk5crypto3 amd64 1.20.1-2+deb12u5 [79.7 kB]
#6 5.054 Get:10 http://deb.debian.org/debian bookworm/main amd64 libkeyutils1 amd64 1.6.3-2 [8808 B]
#6 5.054 Get:11 http://deb.debian.org/debian-security bookworm-security/main amd64 libkrb5-3 amd64 1.20.1-2+deb12u5 [332 kB]
#6 5.054 Get:12 http://deb.debian.org/debian-security bookworm-security/main amd64 libgssapi-krb5-2 amd64 1.20.1-2+deb12u5 [135 kB]
#6 5.060 Get:13 http://deb.debian.org/debian bookworm/main amd64 libtirpc-common all 1.3.3+ds-1 [14.0 kB]
#6 5.078 Get:14 http://deb.debian.org/debian bookworm/main amd64 libtirpc3 amd64 1.3.3+ds-1 [85.2 kB]
#6 5.080 Get:15 http://deb.debian.org/debian bookworm/main amd64 libnsl2 amd64 1.3.0-2 [39.5 kB]
#6 5.082 Get:16 http://deb.debian.org/debian bookworm/main amd64 readline-common all 8.2-1.3 [69.0 kB]
#6 5.083 Get:17 http://deb.debian.org/debian bookworm/main amd64 libreadline8 amd64 8.2-1.3 [166 kB]
#6 5.084 Get:18 http://deb.debian.org/debian bookworm/main amd64 libsqlite3-0 amd64 3.40.1-2+deb12u2 [839 kB]
#6 5.089 Get:19 http://deb.debian.org/debian bookworm/main amd64 libpython3.11-stdlib amd64 3.11.2-6+deb12u7 [1797 kB]
#6 5.100 Get:20 http://deb.debian.org/debian bookworm/main amd64 python3.11 amd64 3.11.2-6+deb12u7 [574 kB]
#6 5.104 Get:21 http://deb.debian.org/debian bookworm/main amd64 libpython3-stdlib amd64 3.11.2-1+b1 [9312 B]
#6 5.104 Get:22 http://deb.debian.org/debian bookworm/main amd64 python3 amd64 3.11.2-1+b1 [26.3 kB]
#6 5.104 Get:23 http://deb.debian.org/debian-security bookworm-security/main amd64 openssl amd64 3.0.20-1~deb12u2 [1439 kB]
#6 5.117 Get:24 http://deb.debian.org/debian bookworm/main amd64 ca-certificates all 20230311+deb12u1 [155 kB]
#6 5.118 Get:25 http://deb.debian.org/debian bookworm/main amd64 at-spi2-common all 2.46.0-5 [162 kB]
#6 5.120 Get:26 http://deb.debian.org/debian bookworm/main amd64 libbrotli1 amd64 1.0.9-2+b6 [275 kB]
#6 5.122 Get:27 http://deb.debian.org/debian bookworm/main amd64 libpng16-16 amd64 1.6.39-2+deb12u5 [277 kB]
#6 5.123 Get:28 http://deb.debian.org/debian bookworm/main amd64 libfreetype6 amd64 2.12.1+dfsg-5+deb12u4 [398 kB]
#6 5.135 Get:29 http://deb.debian.org/debian bookworm/main amd64 fonts-dejavu-core all 2.37-6 [1068 kB]
#6 5.142 Get:30 http://deb.debian.org/debian bookworm/main amd64 fonts-liberation all 1:1.07.4-11 [828 kB]
#6 5.156 Get:31 http://deb.debian.org/debian bookworm/main amd64 fontconfig-config amd64 2.14.1-4 [315 kB]
#6 5.159 Get:32 http://deb.debian.org/debian bookworm/main amd64 libfontconfig1 amd64 2.14.1-4 [386 kB]
#6 5.162 Get:33 http://deb.debian.org/debian bookworm/main amd64 fontconfig amd64 2.14.1-4 [449 kB]
#6 5.164 Get:34 http://deb.debian.org/debian bookworm/main amd64 libasound2-data all 1.2.8-1 [20.5 kB]
#6 5.166 Get:35 http://deb.debian.org/debian bookworm/main amd64 libasound2 amd64 1.2.8-1+b1 [362 kB]
#6 5.178 Get:36 http://deb.debian.org/debian bookworm/main amd64 libglib2.0-0 amd64 2.74.6-2+deb12u9 [1403 kB]
#6 5.268 Get:37 http://deb.debian.org/debian bookworm/main amd64 libatk1.0-0 amd64 2.46.0-5 [49.6 kB]
#6 5.269 Get:38 http://deb.debian.org/debian bookworm/main amd64 libdbus-1-3 amd64 1.14.10-1~deb12u1 [201 kB]
#6 5.271 Get:39 http://deb.debian.org/debian bookworm/main amd64 libxau6 amd64 1:1.0.9-1 [19.7 kB]
#6 5.272 Get:40 http://deb.debian.org/debian bookworm/main amd64 libbsd0 amd64 0.11.7-2 [117 kB]
#6 5.273 Get:41 http://deb.debian.org/debian bookworm/main amd64 libxdmcp6 amd64 1:1.1.2-3 [26.3 kB]
#6 5.273 Get:42 http://deb.debian.org/debian bookworm/main amd64 libxcb1 amd64 1.15-1 [144 kB]
#6 5.274 Get:43 http://deb.debian.org/debian bookworm/main amd64 libx11-data all 2:1.8.4-2+deb12u2 [292 kB]
#6 5.277 Get:44 http://deb.debian.org/debian bookworm/main amd64 libx11-6 amd64 2:1.8.4-2+deb12u2 [760 kB]
#6 5.282 Get:45 http://deb.debian.org/debian bookworm/main amd64 libxext6 amd64 2:1.3.4-1+b1 [52.9 kB]
#6 5.288 Get:46 http://deb.debian.org/debian bookworm/main amd64 libxi6 amd64 2:1.8-1+b1 [84.2 kB]
#6 5.306 Get:47 http://deb.debian.org/debian bookworm/main amd64 libatspi2.0-0 amd64 2.46.0-5 [75.4 kB]
#6 5.306 Get:48 http://deb.debian.org/debian bookworm/main amd64 libatk-bridge2.0-0 amd64 2.46.0-5 [64.6 kB]
#6 5.307 Get:49 http://deb.debian.org/debian bookworm/main amd64 libavahi-common-data amd64 0.8-10+deb12u1 [107 kB]
#6 5.308 Get:50 http://deb.debian.org/debian bookworm/main amd64 libavahi-common3 amd64 0.8-10+deb12u1 [42.1 kB]
#6 5.308 Get:51 http://deb.debian.org/debian bookworm/main amd64 libavahi-client3 amd64 0.8-10+deb12u1 [45.8 kB]
#6 5.325 Get:52 http://deb.debian.org/debian bookworm/main amd64 libpixman-1-0 amd64 0.42.2-1 [546 kB]
#6 5.328 Get:53 http://deb.debian.org/debian bookworm/main amd64 libxcb-render0 amd64 1.15-1 [115 kB]
#6 5.329 Get:54 http://deb.debian.org/debian bookworm/main amd64 libxcb-shm0 amd64 1.15-1 [105 kB]
#6 5.330 Get:55 http://deb.debian.org/debian bookworm/main amd64 libxrender1 amd64 1:0.9.10-1.1 [33.2 kB]
#6 5.345 Get:56 http://deb.debian.org/debian bookworm/main amd64 libcairo2 amd64 1.16.0-7 [575 kB]
#6 5.349 Get:57 http://deb.debian.org/debian bookworm/main amd64 libcups2 amd64 2.4.2-3+deb12u9 [245 kB]
#6 5.350 Get:58 http://deb.debian.org/debian bookworm/main amd64 libdatrie1 amd64 0.2.13-2+b1 [43.3 kB]
#6 5.350 Get:59 http://deb.debian.org/debian bookworm/main amd64 libdrm-common all 2.4.114-1 [7112 B]
#6 5.351 Get:60 http://deb.debian.org/debian bookworm/main amd64 libdrm2 amd64 2.4.114-1+b1 [37.5 kB]
#6 5.351 Get:61 http://deb.debian.org/debian bookworm/main amd64 libfribidi0 amd64 1.0.8-2.1 [65.0 kB]
#6 5.359 Get:62 http://deb.debian.org/debian bookworm/main amd64 libwayland-server0 amd64 1.21.0-1 [35.9 kB]
#6 5.359 Get:63 http://deb.debian.org/debian bookworm/main amd64 libgbm1 amd64 22.3.6-1+deb12u1 [38.0 kB]
#6 5.360 Get:64 http://deb.debian.org/debian bookworm/main amd64 libgraphite2-3 amd64 1.3.14-1 [81.2 kB]
#6 5.379 Get:65 http://deb.debian.org/debian bookworm/main amd64 libharfbuzz0b amd64 6.0.0+dfsg-3 [1945 kB]
#6 5.393 Get:66 http://deb.debian.org/debian bookworm/main amd64 libnspr4 amd64 2:4.35-1 [113 kB]
#6 5.393 Get:67 http://deb.debian.org/debian bookworm/main amd64 libnss3 amd64 2:3.87.1-1+deb12u2 [1332 kB]
#6 5.401 Get:68 http://deb.debian.org/debian bookworm/main amd64 libthai-data all 0.1.29-1 [176 kB]
#6 5.402 Get:69 http://deb.debian.org/debian bookworm/main amd64 libthai0 amd64 0.1.29-1 [57.5 kB]
#6 5.404 Get:70 http://deb.debian.org/debian bookworm/main amd64 libpango-1.0-0 amd64 1.50.12+ds-1 [212 kB]
#6 5.406 Get:71 http://deb.debian.org/debian bookworm/main amd64 libxcomposite1 amd64 1:0.4.5-1 [16.6 kB]
#6 5.406 Get:72 http://deb.debian.org/debian bookworm/main amd64 libxdamage1 amd64 1:1.1.6-1 [15.1 kB]
#6 5.407 Get:73 http://deb.debian.org/debian bookworm/main amd64 libxfixes3 amd64 1:6.0.0-2 [22.7 kB]
#6 5.412 Get:74 http://deb.debian.org/debian bookworm/main amd64 xkb-data all 2.35.1-1 [764 kB]
#6 5.415 Get:75 http://deb.debian.org/debian bookworm/main amd64 libxkbcommon0 amd64 1.5.0-1 [106 kB]
#6 5.416 Get:76 http://deb.debian.org/debian bookworm/main amd64 libxrandr2 amd64 2:1.5.2-2+b1 [39.2 kB]
#6 5.434 Get:77 http://deb.debian.org/debian bookworm/main amd64 python3-lib2to3 all 3.11.2-3 [76.3 kB]
#6 5.435 Get:78 http://deb.debian.org/debian bookworm/main amd64 python3-distutils all 3.11.2-3 [131 kB]
#6 5.436 Get:79 http://deb.debian.org/debian bookworm/main amd64 python3-pkg-resources all 66.1.1-1+deb12u2 [297 kB]
#6 5.438 Get:80 http://deb.debian.org/debian bookworm/main amd64 python3-setuptools all 66.1.1-1+deb12u2 [522 kB]
#6 5.441 Get:81 http://deb.debian.org/debian bookworm/main amd64 python3-wheel all 0.38.4-2 [30.8 kB]
#6 5.455 Get:82 http://deb.debian.org/debian bookworm/main amd64 python3-pip all 23.0.1+dfsg-1 [1325 kB]
#6 5.726 debconf: delaying package configuration, since apt-utils is not installed
#6 5.781 Fetched 28.1 MB in 1s (30.1 MB/s)
#6 5.803 Selecting previously unselected package libssl3:amd64.
#6 5.803 (Reading database ... 
(Reading database ... 5%
(Reading database ... 10%
(Reading database ... 15%
(Reading database ... 20%
(Reading database ... 25%
(Reading database ... 30%
(Reading database ... 35%
(Reading database ... 40%
(Reading database ... 45%
(Reading database ... 50%
(Reading database ... 55%
(Reading database ... 60%
(Reading database ... 65%
(Reading database ... 70%
(Reading database ... 75%
(Reading database ... 80%
(Reading database ... 85%
(Reading database ... 90%
(Reading database ... 95%
(Reading database ... 100%
(Reading database ... 6096 files and directories currently installed.)
#6 5.811 Preparing to unpack .../libssl3_3.0.20-1~deb12u2_amd64.deb ...
#6 5.813 Unpacking libssl3:amd64 (3.0.20-1~deb12u2) ...
#6 6.007 Selecting previously unselected package libpython3.11-minimal:amd64.
#6 6.009 Preparing to unpack .../libpython3.11-minimal_3.11.2-6+deb12u7_amd64.deb ...
#6 6.010 Unpacking libpython3.11-minimal:amd64 (3.11.2-6+deb12u7) ...
#6 6.131 Selecting previously unselected package libexpat1:amd64.
#6 6.133 Preparing to unpack .../libexpat1_2.5.0-1+deb12u2_amd64.deb ...
#6 6.134 Unpacking libexpat1:amd64 (2.5.0-1+deb12u2) ...
#6 6.173 Selecting previously unselected package python3.11-minimal.
#6 6.174 Preparing to unpack .../python3.11-minimal_3.11.2-6+deb12u7_amd64.deb ...
#6 6.181 Unpacking python3.11-minimal (3.11.2-6+deb12u7) ...
#6 6.424 Setting up libssl3:amd64 (3.0.20-1~deb12u2) ...
#6 6.427 Setting up libpython3.11-minimal:amd64 (3.11.2-6+deb12u7) ...
#6 6.434 Setting up libexpat1:amd64 (2.5.0-1+deb12u2) ...
#6 6.437 Setting up python3.11-minimal (3.11.2-6+deb12u7) ...
#6 7.274 Selecting previously unselected package python3-minimal.
#6 7.274 (Reading database ... 
(Reading database ... 5%
(Reading database ... 10%
(Reading database ... 15%
(Reading database ... 20%
(Reading database ... 25%
(Reading database ... 30%
(Reading database ... 35%
(Reading database ... 40%
(Reading database ... 45%
(Reading database ... 50%
(Reading database ... 55%
(Reading database ... 60%
(Reading database ... 65%
(Reading database ... 70%
(Reading database ... 75%
(Reading database ... 80%
(Reading database ... 85%
(Reading database ... 90%
(Reading database ... 95%
(Reading database ... 100%
(Reading database ... 6424 files and directories currently installed.)
#6 7.282 Preparing to unpack .../00-python3-minimal_3.11.2-1+b1_amd64.deb ...
#6 7.283 Unpacking python3-minimal (3.11.2-1+b1) ...
#6 7.306 Selecting previously unselected package media-types.
#6 7.308 Preparing to unpack .../01-media-types_10.0.0_all.deb ...
#6 7.309 Unpacking media-types (10.0.0) ...
#6 7.336 Selecting previously unselected package libncursesw6:amd64.
#6 7.337 Preparing to unpack .../02-libncursesw6_6.4-4_amd64.deb ...
#6 7.340 Unpacking libncursesw6:amd64 (6.4-4) ...
#6 7.372 Selecting previously unselected package libkrb5support0:amd64.
#6 7.374 Preparing to unpack .../03-libkrb5support0_1.20.1-2+deb12u5_amd64.deb ...
#6 7.376 Unpacking libkrb5support0:amd64 (1.20.1-2+deb12u5) ...
#6 7.400 Selecting previously unselected package libk5crypto3:amd64.
#6 7.402 Preparing to unpack .../04-libk5crypto3_1.20.1-2+deb12u5_amd64.deb ...
#6 7.403 Unpacking libk5crypto3:amd64 (1.20.1-2+deb12u5) ...
#6 7.433 Selecting previously unselected package libkeyutils1:amd64.
#6 7.436 Preparing to unpack .../05-libkeyutils1_1.6.3-2_amd64.deb ...
#6 7.437 Unpacking libkeyutils1:amd64 (1.6.3-2) ...
#6 7.458 Selecting previously unselected package libkrb5-3:amd64.
#6 7.460 Preparing to unpack .../06-libkrb5-3_1.20.1-2+deb12u5_amd64.deb ...
#6 7.461 Unpacking libkrb5-3:amd64 (1.20.1-2+deb12u5) ...
#6 7.517 Selecting previously unselected package libgssapi-krb5-2:amd64.
#6 7.518 Preparing to unpack .../07-libgssapi-krb5-2_1.20.1-2+deb12u5_amd64.deb ...
#6 7.519 Unpacking libgssapi-krb5-2:amd64 (1.20.1-2+deb12u5) ...
#6 7.551 Selecting previously unselected package libtirpc-common.
#6 7.553 Preparing to unpack .../08-libtirpc-common_1.3.3+ds-1_all.deb ...
#6 7.554 Unpacking libtirpc-common (1.3.3+ds-1) ...
#6 7.579 Selecting previously unselected package libtirpc3:amd64.
#6 7.582 Preparing to unpack .../09-libtirpc3_1.3.3+ds-1_amd64.deb ...
#6 7.590 Unpacking libtirpc3:amd64 (1.3.3+ds-1) ...
#6 7.619 Selecting previously unselected package libnsl2:amd64.
#6 7.621 Preparing to unpack .../10-libnsl2_1.3.0-2_amd64.deb ...
#6 7.622 Unpacking libnsl2:amd64 (1.3.0-2) ...
#6 7.648 Selecting previously unselected package readline-common.
#6 7.650 Preparing to unpack .../11-readline-common_8.2-1.3_all.deb ...
#6 7.651 Unpacking readline-common (8.2-1.3) ...
#6 7.676 Selecting previously unselected package libreadline8:amd64.
#6 7.677 Preparing to unpack .../12-libreadline8_8.2-1.3_amd64.deb ...
#6 7.679 Unpacking libreadline8:amd64 (8.2-1.3) ...
#6 7.714 Selecting previously unselected package libsqlite3-0:amd64.
#6 7.715 Preparing to unpack .../13-libsqlite3-0_3.40.1-2+deb12u2_amd64.deb ...
#6 7.717 Unpacking libsqlite3-0:amd64 (3.40.1-2+deb12u2) ...
#6 7.795 Selecting previously unselected package libpython3.11-stdlib:amd64.
#6 7.797 Preparing to unpack .../14-libpython3.11-stdlib_3.11.2-6+deb12u7_amd64.deb ...
#6 7.801 Unpacking libpython3.11-stdlib:amd64 (3.11.2-6+deb12u7) ...
#6 8.004 Selecting previously unselected package python3.11.
#6 8.005 Preparing to unpack .../15-python3.11_3.11.2-6+deb12u7_amd64.deb ...
#6 8.006 Unpacking python3.11 (3.11.2-6+deb12u7) ...
#6 8.037 Selecting previously unselected package libpython3-stdlib:amd64.
#6 8.038 Preparing to unpack .../16-libpython3-stdlib_3.11.2-1+b1_amd64.deb ...
#6 8.039 Unpacking libpython3-stdlib:amd64 (3.11.2-1+b1) ...
#6 8.063 Setting up python3-minimal (3.11.2-1+b1) ...
#6 8.241 Selecting previously unselected package python3.
#6 8.241 (Reading database ... 
(Reading database ... 5%
(Reading database ... 10%
(Reading database ... 15%
(Reading database ... 20%
(Reading database ... 25%
(Reading database ... 30%
(Reading database ... 35%
(Reading database ... 40%
(Reading database ... 45%
(Reading database ... 50%
(Reading database ... 55%
(Reading database ... 60%
(Reading database ... 65%
(Reading database ... 70%
(Reading database ... 75%
(Reading database ... 80%
(Reading database ... 85%
(Reading database ... 90%
(Reading database ... 95%
(Reading database ... 100%
(Reading database ... 6932 files and directories currently installed.)
#6 8.250 Preparing to unpack .../00-python3_3.11.2-1+b1_amd64.deb ...
#6 8.255 Unpacking python3 (3.11.2-1+b1) ...
#6 8.282 Selecting previously unselected package openssl.
#6 8.284 Preparing to unpack .../01-openssl_3.0.20-1~deb12u2_amd64.deb ...
#6 8.285 Unpacking openssl (3.0.20-1~deb12u2) ...
#6 8.432 Selecting previously unselected package ca-certificates.
#6 8.434 Preparing to unpack .../02-ca-certificates_20230311+deb12u1_all.deb ...
#6 8.435 Unpacking ca-certificates (20230311+deb12u1) ...
#6 8.501 Selecting previously unselected package at-spi2-common.
#6 8.504 Preparing to unpack .../03-at-spi2-common_2.46.0-5_all.deb ...
#6 8.506 Unpacking at-spi2-common (2.46.0-5) ...
#6 8.554 Selecting previously unselected package libbrotli1:amd64.
#6 8.557 Preparing to unpack .../04-libbrotli1_1.0.9-2+b6_amd64.deb ...
#6 8.558 Unpacking libbrotli1:amd64 (1.0.9-2+b6) ...
#6 8.606 Selecting previously unselected package libpng16-16:amd64.
#6 8.607 Preparing to unpack .../05-libpng16-16_1.6.39-2+deb12u5_amd64.deb ...
#6 8.610 Unpacking libpng16-16:amd64 (1.6.39-2+deb12u5) ...
#6 8.654 Selecting previously unselected package libfreetype6:amd64.
#6 8.656 Preparing to unpack .../06-libfreetype6_2.12.1+dfsg-5+deb12u4_amd64.deb ...
#6 8.661 Unpacking libfreetype6:amd64 (2.12.1+dfsg-5+deb12u4) ...
#6 8.721 Selecting previously unselected package fonts-dejavu-core.
#6 8.723 Preparing to unpack .../07-fonts-dejavu-core_2.37-6_all.deb ...
#6 8.724 Unpacking fonts-dejavu-core (2.37-6) ...
#6 8.850 Selecting previously unselected package fonts-liberation.
#6 8.851 Preparing to unpack .../08-fonts-liberation_1%3a1.07.4-11_all.deb ...
#6 8.854 Unpacking fonts-liberation (1:1.07.4-11) ...
#6 8.959 Selecting previously unselected package fontconfig-config.
#6 8.960 Preparing to unpack .../09-fontconfig-config_2.14.1-4_amd64.deb ...
#6 9.119 Unpacking fontconfig-config (2.14.1-4) ...
#6 9.163 Selecting previously unselected package libfontconfig1:amd64.
#6 9.164 Preparing to unpack .../10-libfontconfig1_2.14.1-4_amd64.deb ...
#6 9.166 Unpacking libfontconfig1:amd64 (2.14.1-4) ...
#6 9.211 Selecting previously unselected package fontconfig.
#6 9.214 Preparing to unpack .../11-fontconfig_2.14.1-4_amd64.deb ...
#6 9.215 Unpacking fontconfig (2.14.1-4) ...
#6 9.256 Selecting previously unselected package libasound2-data.
#6 9.258 Preparing to unpack .../12-libasound2-data_1.2.8-1_all.deb ...
#6 9.261 Unpacking libasound2-data (1.2.8-1) ...
#6 9.308 Selecting previously unselected package libasound2:amd64.
#6 9.310 Preparing to unpack .../13-libasound2_1.2.8-1+b1_amd64.deb ...
#6 9.314 Unpacking libasound2:amd64 (1.2.8-1+b1) ...
#6 9.372 Selecting previously unselected package libglib2.0-0:amd64.
#6 9.374 Preparing to unpack .../14-libglib2.0-0_2.74.6-2+deb12u9_amd64.deb ...
#6 9.376 Unpacking libglib2.0-0:amd64 (2.74.6-2+deb12u9) ...
#6 9.536 Selecting previously unselected package libatk1.0-0:amd64.
#6 9.538 Preparing to unpack .../15-libatk1.0-0_2.46.0-5_amd64.deb ...
#6 9.539 Unpacking libatk1.0-0:amd64 (2.46.0-5) ...
#6 9.567 Selecting previously unselected package libdbus-1-3:amd64.
#6 9.569 Preparing to unpack .../16-libdbus-1-3_1.14.10-1~deb12u1_amd64.deb ...
#6 9.570 Unpacking libdbus-1-3:amd64 (1.14.10-1~deb12u1) ...
#6 9.610 Selecting previously unselected package libxau6:amd64.
#6 9.612 Preparing to unpack .../17-libxau6_1%3a1.0.9-1_amd64.deb ...
#6 9.613 Unpacking libxau6:amd64 (1:1.0.9-1) ...
#6 9.644 Selecting previously unselected package libbsd0:amd64.
#6 9.645 Preparing to unpack .../18-libbsd0_0.11.7-2_amd64.deb ...
#6 9.646 Unpacking libbsd0:amd64 (0.11.7-2) ...
#6 9.678 Selecting previously unselected package libxdmcp6:amd64.
#6 9.680 Preparing to unpack .../19-libxdmcp6_1%3a1.1.2-3_amd64.deb ...
#6 9.681 Unpacking libxdmcp6:amd64 (1:1.1.2-3) ...
#6 9.706 Selecting previously unselected package libxcb1:amd64.
#6 9.707 Preparing to unpack .../20-libxcb1_1.15-1_amd64.deb ...
#6 9.708 Unpacking libxcb1:amd64 (1.15-1) ...
#6 9.734 Selecting previously unselected package libx11-data.
#6 9.736 Preparing to unpack .../21-libx11-data_2%3a1.8.4-2+deb12u2_all.deb ...
#6 9.737 Unpacking libx11-data (2:1.8.4-2+deb12u2) ...
#6 9.842 Selecting previously unselected package libx11-6:amd64.
#6 9.844 Preparing to unpack .../22-libx11-6_2%3a1.8.4-2+deb12u2_amd64.deb ...
#6 9.848 Unpacking libx11-6:amd64 (2:1.8.4-2+deb12u2) ...
#6 9.933 Selecting previously unselected package libxext6:amd64.
#6 9.934 Preparing to unpack .../23-libxext6_2%3a1.3.4-1+b1_amd64.deb ...
#6 9.936 Unpacking libxext6:amd64 (2:1.3.4-1+b1) ...
#6 9.999 Selecting previously unselected package libxi6:amd64.
#6 10.00 Preparing to unpack .../24-libxi6_2%3a1.8-1+b1_amd64.deb ...
#6 10.00 Unpacking libxi6:amd64 (2:1.8-1+b1) ...
#6 10.04 Selecting previously unselected package libatspi2.0-0:amd64.
#6 10.04 Preparing to unpack .../25-libatspi2.0-0_2.46.0-5_amd64.deb ...
#6 10.04 Unpacking libatspi2.0-0:amd64 (2.46.0-5) ...
#6 10.08 Selecting previously unselected package libatk-bridge2.0-0:amd64.
#6 10.08 Preparing to unpack .../26-libatk-bridge2.0-0_2.46.0-5_amd64.deb ...
#6 10.09 Unpacking libatk-bridge2.0-0:amd64 (2.46.0-5) ...
#6 10.12 Selecting previously unselected package libavahi-common-data:amd64.
#6 10.12 Preparing to unpack .../27-libavahi-common-data_0.8-10+deb12u1_amd64.deb ...
#6 10.12 Unpacking libavahi-common-data:amd64 (0.8-10+deb12u1) ...
#6 10.16 Selecting previously unselected package libavahi-common3:amd64.
#6 10.16 Preparing to unpack .../28-libavahi-common3_0.8-10+deb12u1_amd64.deb ...
#6 10.16 Unpacking libavahi-common3:amd64 (0.8-10+deb12u1) ...
#6 10.19 Selecting previously unselected package libavahi-client3:amd64.
#6 10.20 Preparing to unpack .../29-libavahi-client3_0.8-10+deb12u1_amd64.deb ...
#6 10.20 Unpacking libavahi-client3:amd64 (0.8-10+deb12u1) ...
#6 10.22 Selecting previously unselected package libpixman-1-0:amd64.
#6 10.23 Preparing to unpack .../30-libpixman-1-0_0.42.2-1_amd64.deb ...
#6 10.23 Unpacking libpixman-1-0:amd64 (0.42.2-1) ...
#6 10.28 Selecting previously unselected package libxcb-render0:amd64.
#6 10.28 Preparing to unpack .../31-libxcb-render0_1.15-1_amd64.deb ...
#6 10.29 Unpacking libxcb-render0:amd64 (1.15-1) ...
#6 10.33 Selecting previously unselected package libxcb-shm0:amd64.
#6 10.33 Preparing to unpack .../32-libxcb-shm0_1.15-1_amd64.deb ...
#6 10.34 Unpacking libxcb-shm0:amd64 (1.15-1) ...
#6 10.37 Selecting previously unselected package libxrender1:amd64.
#6 10.37 Preparing to unpack .../33-libxrender1_1%3a0.9.10-1.1_amd64.deb ...
#6 10.37 Unpacking libxrender1:amd64 (1:0.9.10-1.1) ...
#6 10.40 Selecting previously unselected package libcairo2:amd64.
#6 10.40 Preparing to unpack .../34-libcairo2_1.16.0-7_amd64.deb ...
#6 10.40 Unpacking libcairo2:amd64 (1.16.0-7) ...
#6 10.48 Selecting previously unselected package libcups2:amd64.
#6 10.48 Preparing to unpack .../35-libcups2_2.4.2-3+deb12u9_amd64.deb ...
#6 10.48 Unpacking libcups2:amd64 (2.4.2-3+deb12u9) ...
#6 10.53 Selecting previously unselected package libdatrie1:amd64.
#6 10.53 Preparing to unpack .../36-libdatrie1_0.2.13-2+b1_amd64.deb ...
#6 10.53 Unpacking libdatrie1:amd64 (0.2.13-2+b1) ...
#6 10.55 Selecting previously unselected package libdrm-common.
#6 10.56 Preparing to unpack .../37-libdrm-common_2.4.114-1_all.deb ...
#6 10.56 Unpacking libdrm-common (2.4.114-1) ...
#6 10.58 Selecting previously unselected package libdrm2:amd64.
#6 10.58 Preparing to unpack .../38-libdrm2_2.4.114-1+b1_amd64.deb ...
#6 10.58 Unpacking libdrm2:amd64 (2.4.114-1+b1) ...
#6 10.61 Selecting previously unselected package libfribidi0:amd64.
#6 10.61 Preparing to unpack .../39-libfribidi0_1.0.8-2.1_amd64.deb ...
#6 10.61 Unpacking libfribidi0:amd64 (1.0.8-2.1) ...
#6 10.64 Selecting previously unselected package libwayland-server0:amd64.
#6 10.65 Preparing to unpack .../40-libwayland-server0_1.21.0-1_amd64.deb ...
#6 10.65 Unpacking libwayland-server0:amd64 (1.21.0-1) ...
#6 10.69 Selecting previously unselected package libgbm1:amd64.
#6 10.69 Preparing to unpack .../41-libgbm1_22.3.6-1+deb12u1_amd64.deb ...
#6 10.69 Unpacking libgbm1:amd64 (22.3.6-1+deb12u1) ...
#6 10.73 Selecting previously unselected package libgraphite2-3:amd64.
#6 10.73 Preparing to unpack .../42-libgraphite2-3_1.3.14-1_amd64.deb ...
#6 10.73 Unpacking libgraphite2-3:amd64 (1.3.14-1) ...
#6 10.77 Selecting previously unselected package libharfbuzz0b:amd64.
#6 10.77 Preparing to unpack .../43-libharfbuzz0b_6.0.0+dfsg-3_amd64.deb ...
#6 10.77 Unpacking libharfbuzz0b:amd64 (6.0.0+dfsg-3) ...
#6 10.85 Selecting previously unselected package libnspr4:amd64.
#6 10.85 Preparing to unpack .../44-libnspr4_2%3a4.35-1_amd64.deb ...
#6 10.85 Unpacking libnspr4:amd64 (2:4.35-1) ...
#6 10.89 Selecting previously unselected package libnss3:amd64.
#6 10.89 Preparing to unpack .../45-libnss3_2%3a3.87.1-1+deb12u2_amd64.deb ...
#6 10.89 Unpacking libnss3:amd64 (2:3.87.1-1+deb12u2) ...
#6 11.05 Selecting previously unselected package libthai-data.
#6 11.05 Preparing to unpack .../46-libthai-data_0.1.29-1_all.deb ...
#6 11.06 Unpacking libthai-data (0.1.29-1) ...
#6 11.10 Selecting previously unselected package libthai0:amd64.
#6 11.10 Preparing to unpack .../47-libthai0_0.1.29-1_amd64.deb ...
#6 11.10 Unpacking libthai0:amd64 (0.1.29-1) ...
#6 11.12 Selecting previously unselected package libpango-1.0-0:amd64.
#6 11.12 Preparing to unpack .../48-libpango-1.0-0_1.50.12+ds-1_amd64.deb ...
#6 11.13 Unpacking libpango-1.0-0:amd64 (1.50.12+ds-1) ...
#6 11.17 Selecting previously unselected package libxcomposite1:amd64.
#6 11.18 Preparing to unpack .../49-libxcomposite1_1%3a0.4.5-1_amd64.deb ...
#6 11.18 Unpacking libxcomposite1:amd64 (1:0.4.5-1) ...
#6 11.21 Selecting previously unselected package libxdamage1:amd64.
#6 11.21 Preparing to unpack .../50-libxdamage1_1%3a1.1.6-1_amd64.deb ...
#6 11.21 Unpacking libxdamage1:amd64 (1:1.1.6-1) ...
#6 11.24 Selecting previously unselected package libxfixes3:amd64.
#6 11.24 Preparing to unpack .../51-libxfixes3_1%3a6.0.0-2_amd64.deb ...
#6 11.24 Unpacking libxfixes3:amd64 (1:6.0.0-2) ...
#6 11.27 Selecting previously unselected package xkb-data.
#6 11.27 Preparing to unpack .../52-xkb-data_2.35.1-1_all.deb ...
#6 11.27 Unpacking xkb-data (2.35.1-1) ...
#6 11.41 Selecting previously unselected package libxkbcommon0:amd64.
#6 11.41 Preparing to unpack .../53-libxkbcommon0_1.5.0-1_amd64.deb ...
#6 11.41 Unpacking libxkbcommon0:amd64 (1.5.0-1) ...
#6 11.45 Selecting previously unselected package libxrandr2:amd64.
#6 11.45 Preparing to unpack .../54-libxrandr2_2%3a1.5.2-2+b1_amd64.deb ...
#6 11.45 Unpacking libxrandr2:amd64 (2:1.5.2-2+b1) ...
#6 11.48 Selecting previously unselected package python3-lib2to3.
#6 11.48 Preparing to unpack .../55-python3-lib2to3_3.11.2-3_all.deb ...
#6 11.48 Unpacking python3-lib2to3 (3.11.2-3) ...
#6 11.52 Selecting previously unselected package python3-distutils.
#6 11.52 Preparing to unpack .../56-python3-distutils_3.11.2-3_all.deb ...
#6 11.52 Unpacking python3-distutils (3.11.2-3) ...
#6 11.56 Selecting previously unselected package python3-pkg-resources.
#6 11.56 Preparing to unpack .../57-python3-pkg-resources_66.1.1-1+deb12u2_all.deb ...
#6 11.56 Unpacking python3-pkg-resources (66.1.1-1+deb12u2) ...
#6 11.61 Selecting previously unselected package python3-setuptools.
#6 11.61 Preparing to unpack .../58-python3-setuptools_66.1.1-1+deb12u2_all.deb ...
#6 11.61 Unpacking python3-setuptools (66.1.1-1+deb12u2) ...
#6 11.70 Selecting previously unselected package python3-wheel.
#6 11.70 Preparing to unpack .../59-python3-wheel_0.38.4-2_all.deb ...
#6 11.70 Unpacking python3-wheel (0.38.4-2) ...
#6 11.74 Selecting previously unselected package python3-pip.
#6 11.74 Preparing to unpack .../60-python3-pip_23.0.1+dfsg-1_all.deb ...
#6 11.74 Unpacking python3-pip (23.0.1+dfsg-1) ...
#6 11.96 Setting up media-types (10.0.0) ...
#6 11.97 Setting up libgraphite2-3:amd64 (1.3.14-1) ...
#6 11.97 Setting up libpixman-1-0:amd64 (0.42.2-1) ...
#6 11.97 Setting up libwayland-server0:amd64 (1.21.0-1) ...
#6 11.98 Setting up libxau6:amd64 (1:1.0.9-1) ...
#6 11.98 Setting up libkeyutils1:amd64 (1.6.3-2) ...
#6 11.99 Setting up libdatrie1:amd64 (0.2.13-2+b1) ...
#6 12.00 Setting up libglib2.0-0:amd64 (2.74.6-2+deb12u9) ...
#6 12.00 No schema files found: doing nothing.
#6 12.01 Setting up libtirpc-common (1.3.3+ds-1) ...
#6 12.02 Setting up libbrotli1:amd64 (1.0.9-2+b6) ...
#6 12.02 Setting up libsqlite3-0:amd64 (3.40.1-2+deb12u2) ...
#6 12.02 Setting up xkb-data (2.35.1-1) ...
#6 12.03 Setting up libkrb5support0:amd64 (1.20.1-2+deb12u5) ...
#6 12.03 Setting up libasound2-data (1.2.8-1) ...
#6 12.03 Setting up libx11-data (2:1.8.4-2+deb12u2) ...
#6 12.04 Setting up libnspr4:amd64 (2:4.35-1) ...
#6 12.04 Setting up libavahi-common-data:amd64 (0.8-10+deb12u1) ...
#6 12.04 Setting up libdbus-1-3:amd64 (1.14.10-1~deb12u1) ...
#6 12.05 Setting up libfribidi0:amd64 (1.0.8-2.1) ...
#6 12.05 Setting up libpng16-16:amd64 (1.6.39-2+deb12u5) ...
#6 12.05 Setting up fonts-dejavu-core (2.37-6) ...
#6 12.07 Setting up libncursesw6:amd64 (6.4-4) ...
#6 12.07 Setting up libk5crypto3:amd64 (1.20.1-2+deb12u5) ...
#6 12.07 Setting up at-spi2-common (2.46.0-5) ...
#6 12.08 Setting up libasound2:amd64 (1.2.8-1+b1) ...
#6 12.08 Setting up fonts-liberation (1:1.07.4-11) ...
#6 12.08 Setting up libthai-data (0.1.29-1) ...
#6 12.09 Setting up libatk1.0-0:amd64 (2.46.0-5) ...
#6 12.09 Setting up libkrb5-3:amd64 (1.20.1-2+deb12u5) ...
#6 12.09 Setting up openssl (3.0.20-1~deb12u2) ...
#6 12.10 Setting up libbsd0:amd64 (0.11.7-2) ...
#6 12.10 Setting up libdrm-common (2.4.114-1) ...
#6 12.10 Setting up readline-common (8.2-1.3) ...
#6 12.11 Setting up libxkbcommon0:amd64 (1.5.0-1) ...
#6 12.11 Setting up libxdmcp6:amd64 (1:1.1.2-3) ...
#6 12.11 Setting up libxcb1:amd64 (1.15-1) ...
#6 12.12 Setting up libxcb-render0:amd64 (1.15-1) ...
#6 12.12 Setting up fontconfig-config (2.14.1-4) ...
#6 12.21 debconf: unable to initialize frontend: Dialog
#6 12.21 debconf: (TERM is not set, so the dialog frontend is not usable.)
#6 12.21 debconf: falling back to frontend: Readline
#6 12.21 debconf: unable to initialize frontend: Readline
#6 12.21 debconf: (Can't locate Term/ReadLine.pm in @INC (you may need to install the Term::ReadLine module) (@INC contains: /etc/perl /usr/local/lib/x86_64-linux-gnu/perl/5.36.0 /usr/local/share/perl/5.36.0 /usr/lib/x86_64-linux-gnu/perl5/5.36 /usr/share/perl5 /usr/lib/x86_64-linux-gnu/perl-base /usr/lib/x86_64-linux-gnu/perl/5.36 /usr/share/perl/5.36 /usr/local/lib/site_perl) at /usr/share/perl5/Debconf/FrontEnd/Readline.pm line 7.)
#6 12.21 debconf: falling back to frontend: Teletype
#6 12.40 Setting up libreadline8:amd64 (8.2-1.3) ...
#6 12.40 Setting up libavahi-common3:amd64 (0.8-10+deb12u1) ...
#6 12.40 Setting up libnss3:amd64 (2:3.87.1-1+deb12u2) ...
#6 12.41 Setting up libxcb-shm0:amd64 (1.15-1) ...
#6 12.41 Setting up libthai0:amd64 (0.1.29-1) ...
#6 12.41 Setting up ca-certificates (20230311+deb12u1) ...
#6 12.51 debconf: unable to initialize frontend: Dialog
#6 12.51 debconf: (TERM is not set, so the dialog frontend is not usable.)
#6 12.51 debconf: falling back to frontend: Readline
#6 12.51 debconf: unable to initialize frontend: Readline
#6 12.51 debconf: (Can't locate Term/ReadLine.pm in @INC (you may need to install the Term::ReadLine module) (@INC contains: /etc/perl /usr/local/lib/x86_64-linux-gnu/perl/5.36.0 /usr/local/share/perl/5.36.0 /usr/lib/x86_64-linux-gnu/perl5/5.36 /usr/share/perl5 /usr/lib/x86_64-linux-gnu/perl-base /usr/lib/x86_64-linux-gnu/perl/5.36 /usr/share/perl/5.36 /usr/local/lib/site_perl) at /usr/share/perl5/Debconf/FrontEnd/Readline.pm line 7.)
#6 12.51 debconf: falling back to frontend: Teletype
#6 13.22 Updating certificates in /etc/ssl/certs...
#6 14.13 142 added, 0 removed; done.
#6 14.15 Setting up libfreetype6:amd64 (2.12.1+dfsg-5+deb12u4) ...
#6 14.16 Setting up libgssapi-krb5-2:amd64 (1.20.1-2+deb12u5) ...
#6 14.16 Setting up libdrm2:amd64 (2.4.114-1+b1) ...
#6 14.16 Setting up libx11-6:amd64 (2:1.8.4-2+deb12u2) ...
#6 14.16 Setting up libharfbuzz0b:amd64 (6.0.0+dfsg-3) ...
#6 14.17 Setting up libfontconfig1:amd64 (2.14.1-4) ...
#6 14.17 Setting up libxcomposite1:amd64 (1:0.4.5-1) ...
#6 14.17 Setting up libavahi-client3:amd64 (0.8-10+deb12u1) ...
#6 14.18 Setting up libtirpc3:amd64 (1.3.3+ds-1) ...
#6 14.18 Setting up fontconfig (2.14.1-4) ...
#6 14.18 Regenerating fonts cache... done.
#6 16.22 Setting up libxdamage1:amd64 (1:1.1.6-1) ...
#6 16.22 Setting up libxrender1:amd64 (1:0.9.10-1.1) ...
#6 16.22 Setting up libgbm1:amd64 (22.3.6-1+deb12u1) ...
#6 16.23 Setting up libpango-1.0-0:amd64 (1.50.12+ds-1) ...
#6 16.23 Setting up libxext6:amd64 (2:1.3.4-1+b1) ...
#6 16.23 Setting up libcairo2:amd64 (1.16.0-7) ...
#6 16.24 Setting up libxfixes3:amd64 (1:6.0.0-2) ...
#6 16.24 Setting up libxrandr2:amd64 (2:1.5.2-2+b1) ...
#6 16.24 Setting up libcups2:amd64 (2.4.2-3+deb12u9) ...
#6 16.25 Setting up libnsl2:amd64 (1.3.0-2) ...
#6 16.25 Setting up libxi6:amd64 (2:1.8-1+b1) ...
#6 16.26 Setting up libpython3.11-stdlib:amd64 (3.11.2-6+deb12u7) ...
#6 16.26 Setting up libatspi2.0-0:amd64 (2.46.0-5) ...
#6 16.26 Setting up libatk-bridge2.0-0:amd64 (2.46.0-5) ...
#6 16.27 Setting up libpython3-stdlib:amd64 (3.11.2-1+b1) ...
#6 16.27 Setting up python3.11 (3.11.2-6+deb12u7) ...
#6 17.27 Setting up python3 (3.11.2-1+b1) ...
#6 17.27 running python rtupdate hooks for python3.11...
#6 17.27 running python post-rtupdate hooks for python3.11...
#6 17.40 Setting up python3-lib2to3 (3.11.2-3) ...
#6 17.53 Setting up python3-pkg-resources (66.1.1-1+deb12u2) ...
#6 17.91 Setting up python3-distutils (3.11.2-3) ...
#6 18.11 Setting up python3-setuptools (66.1.1-1+deb12u2) ...
#6 18.78 Setting up python3-wheel (0.38.4-2) ...
#6 18.97 Setting up python3-pip (23.0.1+dfsg-1) ...
#6 20.46 Processing triggers for libc-bin (2.36-9+deb12u13) ...
#6 20.50 Processing triggers for ca-certificates (20230311+deb12u1) ...
#6 20.51 Updating certificates in /etc/ssl/certs...
#6 21.38 0 added, 0 removed; done.
#6 21.38 Running hooks in /etc/ca-certificates/update.d...
#6 21.38 done.
#6 22.30 Collecting yt-dlp
#6 22.55   Downloading yt_dlp-2026.6.9-py3-none-any.whl (3.2 MB)
#6 22.68      ━━━━━━━━━━━━━━━━━━━━━━━━━━━━━━━━━━━━━━━━ 3.2/3.2 MB 25.7 MB/s eta 0:00:00
#6 22.86 Installing collected packages: yt-dlp
#6 25.40 Successfully installed yt-dlp-2026.6.9
#6 25.40 WARNING: Running pip as the 'root' user can result in broken permissions and conflicting behaviour with the system package manager. It is recommended to use a virtual environment instead: https://pip.pypa.io/warnings/venv
#6 DONE 28.8s

#7 [3/7] WORKDIR /app
#7 DONE 0.1s

#8 [4/7] COPY package*.json ./
#8 DONE 0.0s

#9 [5/7] RUN npm ci --omit=dev
#9 6.565 npm warn deprecated source-map@0.8.0-beta.0: The work that was done in this beta branch won't be included in future versions
#9 21.02 
#9 21.02 added 317 packages, and audited 318 packages in 21s
#9 21.02 
#9 21.02 61 packages are looking for funding
#9 21.02   run `npm fund` for details
#9 21.08 
#9 21.08 6 high severity vulnerabilities
#9 21.08 
#9 21.08 To address all issues (including breaking changes), run:
#9 21.08   npm audit fix --force
#9 21.08 
#9 21.08 Run `npm audit` for details.
#9 21.08 npm notice
#9 21.08 npm notice New major version of npm available! 10.8.2 -> 11.17.0
#9 21.08 npm notice Changelog: https://github.com/npm/cli/releases/tag/v11.17.0
#9 21.08 npm notice To update run: npm install -g npm@11.17.0
#9 21.08 npm notice
#9 DONE 31.5s

#10 [6/7] COPY . .
#10 DONE 0.2s

#11 [7/7] RUN npx remotion browser ensure
#11 1.345 Downloading Chrome Headless Shell https://www.remotion.dev/chrome-headless-shell
#11 1.354 Downloading from: https://remotion.media/chromium-headless-shell-linux-x64-149.0.7790.0.zip?clear
#11 1.659 Getting Headless Shell - 9.5 Mb/91.9 Mb
#11 1.771 Getting Headless Shell - 19.1 Mb/91.9 Mb
#11 1.841 Getting Headless Shell - 28.6 Mb/91.9 Mb
#11 1.932 Getting Headless Shell - 38.2 Mb/91.9 Mb
#11 1.983 Getting Headless Shell - 47.7 Mb/91.9 Mb
#11 2.053 Getting Headless Shell - 57.3 Mb/91.9 Mb
#11 2.123 Getting Headless Shell - 66.8 Mb/91.9 Mb
#11 2.181 Getting Headless Shell - 76.4 Mb/91.9 Mb
#11 2.263 Getting Headless Shell - 85.9 Mb/91.9 Mb
#11 2.343 Got Headless Shell
#11 5.064 Has browser at /app/node_modules/.remotion/chrome-headless-shell/linux64/chrome-headless-shell-linux64/chrome-headless-shell
#11 DONE 7.8s

#12 exporting to image
#12 exporting layers
#12 exporting layers 44.1s done
#12 exporting manifest sha256:6429f97811ffed608f49bc6075433abe272d88637b9267b18235a5c4a6d61a52 done
#12 exporting config sha256:c93f195ada8dfb0dc843e9219ac0b3efefd5c177336f7b51ac86c3ffe29852fd done
#12 pushing layers for registry.fly.io/clipr-rn-render:deployment-01KV6BYF7HW0YT1298QRQWHGNV@sha256:6429f97811ffed608f49bc6075433abe272d88637b9267b18235a5c4a6d61a52
#12 pushing layer sha256:c93f195ada8dfb0dc843e9219ac0b3efefd5c177336f7b51ac86c3ffe29852fd
#12 pushing layer sha256:f746f2210e671ad884d7ecc8fa2138b46daf07dd624ab2eb5a80d1fda147ebbf
#12 pushing layer sha256:12d475d252997f09f9ee1777835a1058b7e890ea8cec030c729396ea27c4c8ff
#12 pushing layer sha256:bad57039f473c2a012aba191bdaa92defaa87d8c9afcd71aed6493dcb4ca5996
#12 pushing layer sha256:1de0f5227cc02f3d50967b088664459f7bcfb046d42e2a75b81a493e8e7464fc
#12 pushing layer sha256:ea2b60f3338f30537bdab1ed54994203d1ead1c8d5eccddf4c765a4de72de66f
#12 pushing layer sha256:d2dec65bf0962f5c8e1a28bfecff21336b4ec09415601458081d80be22bcf767
#12 pushing layer sha256:cfe42610999d219e11903496ae408c99612b16b265e8ca98ea743eb40400cdef
#12 pushing layer sha256:56b929f516b8989b818f27cb6306a665ffcd35c8d45d1a2e6019f94217717fdd
#12 pushing layer sha256:d4c53cdeea20bb1d2c137bb4a391640743a6188e68ffc2ac13e61726e358d05f
#12 pushing layer sha256:cafbacc3deae17253644d092525dcad7ce789fc6260a5d953d273549e118b0c6
#12 pushing layer sha256:f4b11564a20b4a7c8a1d22f15c1e13c02154cddce22abe006fda6c294d2ccaa0
#12 pushing layer sha256:ea2b60f3338f30537bdab1ed54994203d1ead1c8d5eccddf4c765a4de72de66f 0.4s done
#12 pushing layer sha256:cafbacc3deae17253644d092525dcad7ce789fc6260a5d953d273549e118b0c6 0.7s done
#12 pushing layer sha256:12d475d252997f09f9ee1777835a1058b7e890ea8cec030c729396ea27c4c8ff 1.9s done
#12 pushing layer sha256:cfe42610999d219e11903496ae408c99612b16b265e8ca98ea743eb40400cdef 2.8s done
#12 pushing layer sha256:56b929f516b8989b818f27cb6306a665ffcd35c8d45d1a2e6019f94217717fdd 3.7s done
#12 pushing layer sha256:c93f195ada8dfb0dc843e9219ac0b3efefd5c177336f7b51ac86c3ffe29852fd 3.9s done
#12 pushing layer sha256:bad57039f473c2a012aba191bdaa92defaa87d8c9afcd71aed6493dcb4ca5996 3.8s done
#12 pushing layer sha256:d4c53cdeea20bb1d2c137bb4a391640743a6188e68ffc2ac13e61726e358d05f 3.8s done
#12 pushing layer sha256:1de0f5227cc02f3d50967b088664459f7bcfb046d42e2a75b81a493e8e7464fc 4.0s done
#12 pushing layer sha256:d2dec65bf0962f5c8e1a28bfecff21336b4ec09415601458081d80be22bcf767 4.9s done
#12 pushing layer sha256:f746f2210e671ad884d7ecc8fa2138b46daf07dd624ab2eb5a80d1fda147ebbf 5.6s done
#12 pushing layers for registry.fly.io/clipr-rn-render:deployment-01KV6BYF7HW0YT1298QRQWHGNV@sha256:6429f97811ffed608f49bc6075433abe272d88637b9267b18235a5c4a6d61a52 9.7s done
#12 pushing layer sha256:f4b11564a20b4a7c8a1d22f15c1e13c02154cddce22abe006fda6c294d2ccaa0 9.7s done
#12 pushing manifest for registry.fly.io/clipr-rn-render:deployment-01KV6BYF7HW0YT1298QRQWHGNV@sha256:6429f97811ffed608f49bc6075433abe272d88637b9267b18235a5c4a6d61a52
#12 pushing manifest for registry.fly.io/clipr-rn-render:deployment-01KV6BYF7HW0YT1298QRQWHGNV@sha256:6429f97811ffed608f49bc6075433abe272d88637b9267b18235a5c4a6d61a52 0.1s done
#12 DONE 53.9s
--> Build Summary:  (​)
--> Building image done
image: registry.fly.io/clipr-rn-render:deployment-01KV6BYF7HW0YT1298QRQWHGNV
image size: 648 MB

Watch your deployment at https://fly.io/apps/clipr-rn-render/monitoring

Provisioning ips for clipr-rn-render
  Dedicated ipv6: 2a09:8280:1::12b:1b58:0
  Shared ipv4: 66.241.125.71
  Add a dedicated ipv4 with: fly ips allocate-v4

This deployment will:
 * create 2 "app" machines

> Launching new machine
No machines in group app, launching a new machine
> Machine 080e357ce21258 [app] was created
✔ Machine 080e357ce21258 [app] update finished: success

WARNING The app is not listening on the expected address and will not be reachable by fly-proxy.
You can fix this by configuring your app to listen on the following addresses:
  - 0.0.0.0:8080
Found these processes inside the machine with open listening sockets:
 PROCESS        │ ADDRESSES                            
────────────────┼──────────────────────────────────────
 /.fly/hallpass │ [fdaa:81:ff2d:a7b:1d0:91c1:972:2]:22 

Creating a second machine for high availability and zero downtime deployments.
To disable this, set "min_machines_running = 0" in your fly.toml.
✔ Machine 08016e4be17408 [app] was created
✔ Machine 08016e4be17408 [app] update finished: success
Finished launching new machines


NOTE: The machines for [app] have services with 'auto_stop_machines = "stop"' that will be stopped when idling

Checking DNS configuration for clipr-rn-render.fly.dev
✓ DNS configuration verified

Visit your newly deployed app at https://clipr-rn-render.fly.dev/

