==> Verifying app config
Validating C:\Users\HomePC\Clipr\remotion\fly.toml
[32m✓[0m Configuration is valid
--> Verified app config
==> Building image
Waiting for depot builder...

==> Building image with Depot
--> build:  (​)
#1 [internal] load build definition from Dockerfile
#1 transferring dockerfile:
#1 transferring dockerfile: 1.02kB 1.1s done
#1 DONE 1.1s

#2 [internal] load metadata for docker.io/library/node:20-bookworm-slim
#2 DONE 0.2s

#3 [internal] load .dockerignore
#3 transferring context:
#3 transferring context: 102B 1.0s done
#3 DONE 1.0s

#4 [1/7] FROM docker.io/library/node:20-bookworm-slim@sha256:2cf067cfed83d5ea958367df9f966191a942351a2df77d6f0193e162b5febfc0
#4 resolve docker.io/library/node:20-bookworm-slim@sha256:2cf067cfed83d5ea958367df9f966191a942351a2df77d6f0193e162b5febfc0 done
#4 CACHED

#5 [internal] load build context
#5 transferring context: 7.29kB 1.0s done
#5 DONE 1.0s

#6 [2/7] RUN apt-get update && apt-get install -y --no-install-recommends       python3 python3-pip ca-certificates fonts-liberation fonts-dejavu-core       libnss3 libatk1.0-0 libatk-bridge2.0-0 libcups2 libdrm2 libxkbcommon0       libxcomposite1 libxdamage1 libxfixes3 libxrandr2 libgbm1 libpango-1.0-0       libcairo2 libasound2 libatspi2.0-0 libx11-6 libxcb1 libxext6 libxi6       libglib2.0-0     && pip3 install --break-system-packages --no-cache-dir yt-dlp youtube-transcript-api     && rm -rf /var/lib/apt/lists/*
#6 0.254 Get:1 http://deb.debian.org/debian bookworm InRelease [151 kB]
#6 0.266 Get:2 http://deb.debian.org/debian bookworm-updates InRelease [55.4 kB]
#6 0.266 Get:3 http://deb.debian.org/debian-security bookworm-security InRelease [48.0 kB]
#6 0.354 Get:4 http://deb.debian.org/debian bookworm/main amd64 Packages [8790 kB]
#6 0.431 Get:5 http://deb.debian.org/debian bookworm-updates/main amd64 Packages [6924 B]
#6 0.502 Get:6 http://deb.debian.org/debian-security bookworm-security/main amd64 Packages [312 kB]
#6 1.492 Fetched 9363 kB in 1s (7132 kB/s)
#6 1.492 Reading package lists...
#6 2.208 Reading package lists...
#6 2.874 Building dependency tree...
#6 3.054 Reading state information...
#6 3.290 The following additional packages will be installed:
#6 3.291   at-spi2-common fontconfig fontconfig-config libasound2-data libavahi-client3
#6 3.291   libavahi-common-data libavahi-common3 libbrotli1 libbsd0 libdatrie1
#6 3.291   libdbus-1-3 libdrm-common libexpat1 libfontconfig1 libfreetype6 libfribidi0
#6 3.291   libgraphite2-3 libgssapi-krb5-2 libharfbuzz0b libk5crypto3 libkeyutils1
#6 3.291   libkrb5-3 libkrb5support0 libncursesw6 libnsl2 libnspr4 libpixman-1-0
#6 3.291   libpng16-16 libpython3-stdlib libpython3.11-minimal libpython3.11-stdlib
#6 3.291   libreadline8 libsqlite3-0 libssl3 libthai-data libthai0 libtirpc-common
#6 3.291   libtirpc3 libwayland-server0 libx11-data libxau6 libxcb-render0 libxcb-shm0
#6 3.291   libxdmcp6 libxrender1 media-types openssl python3-distutils python3-lib2to3
#6 3.291   python3-minimal python3-pkg-resources python3-setuptools python3-wheel
#6 3.292   python3.11 python3.11-minimal readline-common xkb-data
#6 3.293 Suggested packages:
#6 3.293   libasound2-plugins alsa-utils cups-common low-memory-monitor krb5-doc
#6 3.293   krb5-user python3-doc python3-tk python3-venv python-setuptools-doc
#6 3.293   python3.11-venv python3.11-doc binutils binfmt-support readline-doc
#6 3.293 Recommended packages:
#6 3.293   alsa-ucm-conf alsa-topology-conf at-spi2-core dbus libglib2.0-data
#6 3.293   shared-mime-info xdg-user-dirs krb5-locales libgpm2 build-essential
#6 3.293   python3-dev
#6 3.730 The following NEW packages will be installed:
#6 3.730   at-spi2-common ca-certificates fontconfig fontconfig-config
#6 3.730   fonts-dejavu-core fonts-liberation libasound2 libasound2-data
#6 3.730   libatk-bridge2.0-0 libatk1.0-0 libatspi2.0-0 libavahi-client3
#6 3.731   libavahi-common-data libavahi-common3 libbrotli1 libbsd0 libcairo2 libcups2
#6 3.731   libdatrie1 libdbus-1-3 libdrm-common libdrm2 libexpat1 libfontconfig1
#6 3.731   libfreetype6 libfribidi0 libgbm1 libglib2.0-0 libgraphite2-3
#6 3.731   libgssapi-krb5-2 libharfbuzz0b libk5crypto3 libkeyutils1 libkrb5-3
#6 3.731   libkrb5support0 libncursesw6 libnsl2 libnspr4 libnss3 libpango-1.0-0
#6 3.731   libpixman-1-0 libpng16-16 libpython3-stdlib libpython3.11-minimal
#6 3.731   libpython3.11-stdlib libreadline8 libsqlite3-0 libssl3 libthai-data libthai0
#6 3.731   libtirpc-common libtirpc3 libwayland-server0 libx11-6 libx11-data libxau6
#6 3.731   libxcb-render0 libxcb-shm0 libxcb1 libxcomposite1 libxdamage1 libxdmcp6
#6 3.731   libxext6 libxfixes3 libxi6 libxkbcommon0 libxrandr2 libxrender1 media-types
#6 3.731   openssl python3 python3-distutils python3-lib2to3 python3-minimal
#6 3.731   python3-pip python3-pkg-resources python3-setuptools python3-wheel
#6 3.732   python3.11 python3.11-minimal readline-common xkb-data
#6 3.765 0 upgraded, 82 newly installed, 0 to remove and 12 not upgraded.
#6 3.765 Need to get 28.1 MB of archives.
#6 3.765 After this operation, 90.7 MB of additional disk space will be used.
#6 3.765 Get:1 http://deb.debian.org/debian-security bookworm-security/main amd64 libssl3 amd64 3.0.20-1~deb12u2 [2036 kB]
#6 3.784 Get:2 http://deb.debian.org/debian bookworm/main amd64 libpython3.11-minimal amd64 3.11.2-6+deb12u7 [818 kB]
#6 3.790 Get:3 http://deb.debian.org/debian bookworm/main amd64 libexpat1 amd64 2.5.0-1+deb12u2 [99.9 kB]
#6 3.791 Get:4 http://deb.debian.org/debian bookworm/main amd64 python3.11-minimal amd64 3.11.2-6+deb12u7 [2066 kB]
#6 3.806 Get:5 http://deb.debian.org/debian bookworm/main amd64 python3-minimal amd64 3.11.2-1+b1 [26.3 kB]
#6 3.807 Get:6 http://deb.debian.org/debian bookworm/main amd64 media-types all 10.0.0 [26.1 kB]
#6 3.807 Get:7 http://deb.debian.org/debian bookworm/main amd64 libncursesw6 amd64 6.4-4 [134 kB]
#6 3.809 Get:8 http://deb.debian.org/debian-security bookworm-security/main amd64 libkrb5support0 amd64 1.20.1-2+deb12u5 [33.2 kB]
#6 3.809 Get:9 http://deb.debian.org/debian-security bookworm-security/main amd64 libk5crypto3 amd64 1.20.1-2+deb12u5 [79.7 kB]
#6 3.810 Get:10 http://deb.debian.org/debian bookworm/main amd64 libkeyutils1 amd64 1.6.3-2 [8808 B]
#6 3.810 Get:11 http://deb.debian.org/debian-security bookworm-security/main amd64 libkrb5-3 amd64 1.20.1-2+deb12u5 [332 kB]
#6 3.812 Get:12 http://deb.debian.org/debian-security bookworm-security/main amd64 libgssapi-krb5-2 amd64 1.20.1-2+deb12u5 [135 kB]
#6 3.813 Get:13 http://deb.debian.org/debian bookworm/main amd64 libtirpc-common all 1.3.3+ds-1 [14.0 kB]
#6 3.813 Get:14 http://deb.debian.org/debian bookworm/main amd64 libtirpc3 amd64 1.3.3+ds-1 [85.2 kB]
#6 3.815 Get:15 http://deb.debian.org/debian bookworm/main amd64 libnsl2 amd64 1.3.0-2 [39.5 kB]
#6 3.815 Get:16 http://deb.debian.org/debian bookworm/main amd64 readline-common all 8.2-1.3 [69.0 kB]
#6 3.816 Get:17 http://deb.debian.org/debian bookworm/main amd64 libreadline8 amd64 8.2-1.3 [166 kB]
#6 3.818 Get:18 http://deb.debian.org/debian bookworm/main amd64 libsqlite3-0 amd64 3.40.1-2+deb12u2 [839 kB]
#6 3.824 Get:19 http://deb.debian.org/debian bookworm/main amd64 libpython3.11-stdlib amd64 3.11.2-6+deb12u7 [1797 kB]
#6 3.835 Get:20 http://deb.debian.org/debian bookworm/main amd64 python3.11 amd64 3.11.2-6+deb12u7 [574 kB]
#6 3.838 Get:21 http://deb.debian.org/debian bookworm/main amd64 libpython3-stdlib amd64 3.11.2-1+b1 [9312 B]
#6 3.839 Get:22 http://deb.debian.org/debian bookworm/main amd64 python3 amd64 3.11.2-1+b1 [26.3 kB]
#6 3.839 Get:23 http://deb.debian.org/debian-security bookworm-security/main amd64 openssl amd64 3.0.20-1~deb12u2 [1439 kB]
#6 3.844 Get:24 http://deb.debian.org/debian bookworm/main amd64 ca-certificates all 20230311+deb12u1 [155 kB]
#6 3.845 Get:25 http://deb.debian.org/debian bookworm/main amd64 at-spi2-common all 2.46.0-5 [162 kB]
#6 3.846 Get:26 http://deb.debian.org/debian bookworm/main amd64 libbrotli1 amd64 1.0.9-2+b6 [275 kB]
#6 3.847 Get:27 http://deb.debian.org/debian bookworm/main amd64 libpng16-16 amd64 1.6.39-2+deb12u5 [277 kB]
#6 3.849 Get:28 http://deb.debian.org/debian bookworm/main amd64 libfreetype6 amd64 2.12.1+dfsg-5+deb12u4 [398 kB]
#6 3.851 Get:29 http://deb.debian.org/debian bookworm/main amd64 fonts-dejavu-core all 2.37-6 [1068 kB]
#6 3.856 Get:30 http://deb.debian.org/debian bookworm/main amd64 fonts-liberation all 1:1.07.4-11 [828 kB]
#6 3.860 Get:31 http://deb.debian.org/debian bookworm/main amd64 fontconfig-config amd64 2.14.1-4 [315 kB]
#6 3.862 Get:32 http://deb.debian.org/debian bookworm/main amd64 libfontconfig1 amd64 2.14.1-4 [386 kB]
#6 3.865 Get:33 http://deb.debian.org/debian bookworm/main amd64 fontconfig amd64 2.14.1-4 [449 kB]
#6 3.868 Get:34 http://deb.debian.org/debian bookworm/main amd64 libasound2-data all 1.2.8-1 [20.5 kB]
#6 3.868 Get:35 http://deb.debian.org/debian bookworm/main amd64 libasound2 amd64 1.2.8-1+b1 [362 kB]
#6 3.870 Get:36 http://deb.debian.org/debian bookworm/main amd64 libglib2.0-0 amd64 2.74.6-2+deb12u9 [1403 kB]
#6 3.877 Get:37 http://deb.debian.org/debian bookworm/main amd64 libatk1.0-0 amd64 2.46.0-5 [49.6 kB]
#6 3.877 Get:38 http://deb.debian.org/debian bookworm/main amd64 libdbus-1-3 amd64 1.14.10-1~deb12u1 [201 kB]
#6 3.879 Get:39 http://deb.debian.org/debian bookworm/main amd64 libxau6 amd64 1:1.0.9-1 [19.7 kB]
#6 3.879 Get:40 http://deb.debian.org/debian bookworm/main amd64 libbsd0 amd64 0.11.7-2 [117 kB]
#6 3.880 Get:41 http://deb.debian.org/debian bookworm/main amd64 libxdmcp6 amd64 1:1.1.2-3 [26.3 kB]
#6 3.881 Get:42 http://deb.debian.org/debian bookworm/main amd64 libxcb1 amd64 1.15-1 [144 kB]
#6 3.882 Get:43 http://deb.debian.org/debian bookworm/main amd64 libx11-data all 2:1.8.4-2+deb12u2 [292 kB]
#6 3.885 Get:44 http://deb.debian.org/debian bookworm/main amd64 libx11-6 amd64 2:1.8.4-2+deb12u2 [760 kB]
#6 3.889 Get:45 http://deb.debian.org/debian bookworm/main amd64 libxext6 amd64 2:1.3.4-1+b1 [52.9 kB]
#6 3.890 Get:46 http://deb.debian.org/debian bookworm/main amd64 libxi6 amd64 2:1.8-1+b1 [84.2 kB]
#6 3.891 Get:47 http://deb.debian.org/debian bookworm/main amd64 libatspi2.0-0 amd64 2.46.0-5 [75.4 kB]
#6 3.892 Get:48 http://deb.debian.org/debian bookworm/main amd64 libatk-bridge2.0-0 amd64 2.46.0-5 [64.6 kB]
#6 3.892 Get:49 http://deb.debian.org/debian bookworm/main amd64 libavahi-common-data amd64 0.8-10+deb12u1 [107 kB]
#6 3.893 Get:50 http://deb.debian.org/debian bookworm/main amd64 libavahi-common3 amd64 0.8-10+deb12u1 [42.1 kB]
#6 3.894 Get:51 http://deb.debian.org/debian bookworm/main amd64 libavahi-client3 amd64 0.8-10+deb12u1 [45.8 kB]
#6 3.894 Get:52 http://deb.debian.org/debian bookworm/main amd64 libpixman-1-0 amd64 0.42.2-1 [546 kB]
#6 3.898 Get:53 http://deb.debian.org/debian bookworm/main amd64 libxcb-render0 amd64 1.15-1 [115 kB]
#6 3.899 Get:54 http://deb.debian.org/debian bookworm/main amd64 libxcb-shm0 amd64 1.15-1 [105 kB]
#6 3.900 Get:55 http://deb.debian.org/debian bookworm/main amd64 libxrender1 amd64 1:0.9.10-1.1 [33.2 kB]
#6 3.900 Get:56 http://deb.debian.org/debian bookworm/main amd64 libcairo2 amd64 1.16.0-7 [575 kB]
#6 3.905 Get:57 http://deb.debian.org/debian bookworm/main amd64 libcups2 amd64 2.4.2-3+deb12u9 [245 kB]
#6 3.907 Get:58 http://deb.debian.org/debian bookworm/main amd64 libdatrie1 amd64 0.2.13-2+b1 [43.3 kB]
#6 3.907 Get:59 http://deb.debian.org/debian bookworm/main amd64 libdrm-common all 2.4.114-1 [7112 B]
#6 3.908 Get:60 http://deb.debian.org/debian bookworm/main amd64 libdrm2 amd64 2.4.114-1+b1 [37.5 kB]
#6 3.908 Get:61 http://deb.debian.org/debian bookworm/main amd64 libfribidi0 amd64 1.0.8-2.1 [65.0 kB]
#6 3.908 Get:62 http://deb.debian.org/debian bookworm/main amd64 libwayland-server0 amd64 1.21.0-1 [35.9 kB]
#6 3.909 Get:63 http://deb.debian.org/debian bookworm/main amd64 libgbm1 amd64 22.3.6-1+deb12u1 [38.0 kB]
#6 3.910 Get:64 http://deb.debian.org/debian bookworm/main amd64 libgraphite2-3 amd64 1.3.14-1 [81.2 kB]
#6 3.910 Get:65 http://deb.debian.org/debian bookworm/main amd64 libharfbuzz0b amd64 6.0.0+dfsg-3 [1945 kB]
#6 3.922 Get:66 http://deb.debian.org/debian bookworm/main amd64 libnspr4 amd64 2:4.35-1 [113 kB]
#6 3.923 Get:67 http://deb.debian.org/debian bookworm/main amd64 libnss3 amd64 2:3.87.1-1+deb12u2 [1332 kB]
#6 3.932 Get:68 http://deb.debian.org/debian bookworm/main amd64 libthai-data all 0.1.29-1 [176 kB]
#6 3.933 Get:69 http://deb.debian.org/debian bookworm/main amd64 libthai0 amd64 0.1.29-1 [57.5 kB]
#6 3.934 Get:70 http://deb.debian.org/debian bookworm/main amd64 libpango-1.0-0 amd64 1.50.12+ds-1 [212 kB]
#6 3.935 Get:71 http://deb.debian.org/debian bookworm/main amd64 libxcomposite1 amd64 1:0.4.5-1 [16.6 kB]
#6 3.936 Get:72 http://deb.debian.org/debian bookworm/main amd64 libxdamage1 amd64 1:1.1.6-1 [15.1 kB]
#6 3.936 Get:73 http://deb.debian.org/debian bookworm/main amd64 libxfixes3 amd64 1:6.0.0-2 [22.7 kB]
#6 3.936 Get:74 http://deb.debian.org/debian bookworm/main amd64 xkb-data all 2.35.1-1 [764 kB]
#6 3.941 Get:75 http://deb.debian.org/debian bookworm/main amd64 libxkbcommon0 amd64 1.5.0-1 [106 kB]
#6 3.942 Get:76 http://deb.debian.org/debian bookworm/main amd64 libxrandr2 amd64 2:1.5.2-2+b1 [39.2 kB]
#6 3.942 Get:77 http://deb.debian.org/debian bookworm/main amd64 python3-lib2to3 all 3.11.2-3 [76.3 kB]
#6 3.943 Get:78 http://deb.debian.org/debian bookworm/main amd64 python3-distutils all 3.11.2-3 [131 kB]
#6 3.944 Get:79 http://deb.debian.org/debian bookworm/main amd64 python3-pkg-resources all 66.1.1-1+deb12u2 [297 kB]
#6 3.946 Get:80 http://deb.debian.org/debian bookworm/main amd64 python3-setuptools all 66.1.1-1+deb12u2 [522 kB]
#6 3.948 Get:81 http://deb.debian.org/debian bookworm/main amd64 python3-wheel all 0.38.4-2 [30.8 kB]
#6 3.949 Get:82 http://deb.debian.org/debian bookworm/main amd64 python3-pip all 23.0.1+dfsg-1 [1325 kB]
#6 4.151 debconf: delaying package configuration, since apt-utils is not installed
#6 4.189 Fetched 28.1 MB in 0s (138 MB/s)
#6 4.213 Selecting previously unselected package libssl3:amd64.
#6 4.213 (Reading database ... 
(Reading database ... 5%
(Reading database ... 10%
(Reading database ... 15%
(Reading database ... 20%
(Reading database ... 25%
(Reading database ... 30%
(Reading database ... 35%
(Reading database ... 40%
(Reading database ... 45%
(Reading database ... 50%
(Reading database ... 55%
(Reading database ... 60%
(Reading database ... 65%
(Reading database ... 70%
(Reading database ... 75%
(Reading database ... 80%
(Reading database ... 85%
(Reading database ... 90%
(Reading database ... 95%
(Reading database ... 100%
(Reading database ... 6096 files and directories currently installed.)
#6 4.240 Preparing to unpack .../libssl3_3.0.20-1~deb12u2_amd64.deb ...
#6 4.242 Unpacking libssl3:amd64 (3.0.20-1~deb12u2) ...
#6 4.408 Selecting previously unselected package libpython3.11-minimal:amd64.
#6 4.410 Preparing to unpack .../libpython3.11-minimal_3.11.2-6+deb12u7_amd64.deb ...
#6 4.411 Unpacking libpython3.11-minimal:amd64 (3.11.2-6+deb12u7) ...
#6 4.514 Selecting previously unselected package libexpat1:amd64.
#6 4.515 Preparing to unpack .../libexpat1_2.5.0-1+deb12u2_amd64.deb ...
#6 4.516 Unpacking libexpat1:amd64 (2.5.0-1+deb12u2) ...
#6 4.543 Selecting previously unselected package python3.11-minimal.
#6 4.545 Preparing to unpack .../python3.11-minimal_3.11.2-6+deb12u7_amd64.deb ...
#6 4.552 Unpacking python3.11-minimal (3.11.2-6+deb12u7) ...
#6 4.749 Setting up libssl3:amd64 (3.0.20-1~deb12u2) ...
#6 4.752 Setting up libpython3.11-minimal:amd64 (3.11.2-6+deb12u7) ...
#6 4.756 Setting up libexpat1:amd64 (2.5.0-1+deb12u2) ...
#6 4.759 Setting up python3.11-minimal (3.11.2-6+deb12u7) ...
#6 5.491 Selecting previously unselected package python3-minimal.
#6 5.491 (Reading database ... 
(Reading database ... 5%
(Reading database ... 10%
(Reading database ... 15%
(Reading database ... 20%
(Reading database ... 25%
(Reading database ... 30%
(Reading database ... 35%
(Reading database ... 40%
(Reading database ... 45%
(Reading database ... 50%
(Reading database ... 55%
(Reading database ... 60%
(Reading database ... 65%
(Reading database ... 70%
(Reading database ... 75%
(Reading database ... 80%
(Reading database ... 85%
(Reading database ... 90%
(Reading database ... 95%
(Reading database ... 100%
(Reading database ... 6424 files and directories currently installed.)
#6 5.497 Preparing to unpack .../00-python3-minimal_3.11.2-1+b1_amd64.deb ...
#6 5.498 Unpacking python3-minimal (3.11.2-1+b1) ...
#6 5.521 Selecting previously unselected package media-types.
#6 5.523 Preparing to unpack .../01-media-types_10.0.0_all.deb ...
#6 5.524 Unpacking media-types (10.0.0) ...
#6 5.543 Selecting previously unselected package libncursesw6:amd64.
#6 5.544 Preparing to unpack .../02-libncursesw6_6.4-4_amd64.deb ...
#6 5.545 Unpacking libncursesw6:amd64 (6.4-4) ...
#6 5.575 Selecting previously unselected package libkrb5support0:amd64.
#6 5.576 Preparing to unpack .../03-libkrb5support0_1.20.1-2+deb12u5_amd64.deb ...
#6 5.577 Unpacking libkrb5support0:amd64 (1.20.1-2+deb12u5) ...
#6 5.597 Selecting previously unselected package libk5crypto3:amd64.
#6 5.598 Preparing to unpack .../04-libk5crypto3_1.20.1-2+deb12u5_amd64.deb ...
#6 5.599 Unpacking libk5crypto3:amd64 (1.20.1-2+deb12u5) ...
#6 5.628 Selecting previously unselected package libkeyutils1:amd64.
#6 5.629 Preparing to unpack .../05-libkeyutils1_1.6.3-2_amd64.deb ...
#6 5.630 Unpacking libkeyutils1:amd64 (1.6.3-2) ...
#6 5.648 Selecting previously unselected package libkrb5-3:amd64.
#6 5.650 Preparing to unpack .../06-libkrb5-3_1.20.1-2+deb12u5_amd64.deb ...
#6 5.651 Unpacking libkrb5-3:amd64 (1.20.1-2+deb12u5) ...
#6 5.698 Selecting previously unselected package libgssapi-krb5-2:amd64.
#6 5.699 Preparing to unpack .../07-libgssapi-krb5-2_1.20.1-2+deb12u5_amd64.deb ...
#6 5.700 Unpacking libgssapi-krb5-2:amd64 (1.20.1-2+deb12u5) ...
#6 5.728 Selecting previously unselected package libtirpc-common.
#6 5.729 Preparing to unpack .../08-libtirpc-common_1.3.3+ds-1_all.deb ...
#6 5.730 Unpacking libtirpc-common (1.3.3+ds-1) ...
#6 5.749 Selecting previously unselected package libtirpc3:amd64.
#6 5.750 Preparing to unpack .../09-libtirpc3_1.3.3+ds-1_amd64.deb ...
#6 5.751 Unpacking libtirpc3:amd64 (1.3.3+ds-1) ...
#6 5.775 Selecting previously unselected package libnsl2:amd64.
#6 5.777 Preparing to unpack .../10-libnsl2_1.3.0-2_amd64.deb ...
#6 5.778 Unpacking libnsl2:amd64 (1.3.0-2) ...
#6 5.798 Selecting previously unselected package readline-common.
#6 5.800 Preparing to unpack .../11-readline-common_8.2-1.3_all.deb ...
#6 5.801 Unpacking readline-common (8.2-1.3) ...
#6 5.825 Selecting previously unselected package libreadline8:amd64.
#6 5.827 Preparing to unpack .../12-libreadline8_8.2-1.3_amd64.deb ...
#6 5.828 Unpacking libreadline8:amd64 (8.2-1.3) ...
#6 5.862 Selecting previously unselected package libsqlite3-0:amd64.
#6 5.863 Preparing to unpack .../13-libsqlite3-0_3.40.1-2+deb12u2_amd64.deb ...
#6 5.864 Unpacking libsqlite3-0:amd64 (3.40.1-2+deb12u2) ...
#6 5.931 Selecting previously unselected package libpython3.11-stdlib:amd64.
#6 5.933 Preparing to unpack .../14-libpython3.11-stdlib_3.11.2-6+deb12u7_amd64.deb ...
#6 5.934 Unpacking libpython3.11-stdlib:amd64 (3.11.2-6+deb12u7) ...
#6 6.113 Selecting previously unselected package python3.11.
#6 6.114 Preparing to unpack .../15-python3.11_3.11.2-6+deb12u7_amd64.deb ...
#6 6.115 Unpacking python3.11 (3.11.2-6+deb12u7) ...
#6 6.144 Selecting previously unselected package libpython3-stdlib:amd64.
#6 6.145 Preparing to unpack .../16-libpython3-stdlib_3.11.2-1+b1_amd64.deb ...
#6 6.146 Unpacking libpython3-stdlib:amd64 (3.11.2-1+b1) ...
#6 6.170 Setting up python3-minimal (3.11.2-1+b1) ...
#6 6.322 Selecting previously unselected package python3.
#6 6.322 (Reading database ... 
(Reading database ... 5%
(Reading database ... 10%
(Reading database ... 15%
(Reading database ... 20%
(Reading database ... 25%
(Reading database ... 30%
(Reading database ... 35%
(Reading database ... 40%
(Reading database ... 45%
(Reading database ... 50%
(Reading database ... 55%
(Reading database ... 60%
(Reading database ... 65%
(Reading database ... 70%
(Reading database ... 75%
(Reading database ... 80%
(Reading database ... 85%
(Reading database ... 90%
(Reading database ... 95%
(Reading database ... 100%
(Reading database ... 6932 files and directories currently installed.)
#6 6.329 Preparing to unpack .../00-python3_3.11.2-1+b1_amd64.deb ...
#6 6.333 Unpacking python3 (3.11.2-1+b1) ...
#6 6.354 Selecting previously unselected package openssl.
#6 6.355 Preparing to unpack .../01-openssl_3.0.20-1~deb12u2_amd64.deb ...
#6 6.356 Unpacking openssl (3.0.20-1~deb12u2) ...
#6 6.481 Selecting previously unselected package ca-certificates.
#6 6.483 Preparing to unpack .../02-ca-certificates_20230311+deb12u1_all.deb ...
#6 6.484 Unpacking ca-certificates (20230311+deb12u1) ...
#6 6.531 Selecting previously unselected package at-spi2-common.
#6 6.533 Preparing to unpack .../03-at-spi2-common_2.46.0-5_all.deb ...
#6 6.534 Unpacking at-spi2-common (2.46.0-5) ...
#6 6.571 Selecting previously unselected package libbrotli1:amd64.
#6 6.572 Preparing to unpack .../04-libbrotli1_1.0.9-2+b6_amd64.deb ...
#6 6.573 Unpacking libbrotli1:amd64 (1.0.9-2+b6) ...
#6 6.613 Selecting previously unselected package libpng16-16:amd64.
#6 6.615 Preparing to unpack .../05-libpng16-16_1.6.39-2+deb12u5_amd64.deb ...
#6 6.616 Unpacking libpng16-16:amd64 (1.6.39-2+deb12u5) ...
#6 6.652 Selecting previously unselected package libfreetype6:amd64.
#6 6.653 Preparing to unpack .../06-libfreetype6_2.12.1+dfsg-5+deb12u4_amd64.deb ...
#6 6.654 Unpacking libfreetype6:amd64 (2.12.1+dfsg-5+deb12u4) ...
#6 6.702 Selecting previously unselected package fonts-dejavu-core.
#6 6.704 Preparing to unpack .../07-fonts-dejavu-core_2.37-6_all.deb ...
#6 6.705 Unpacking fonts-dejavu-core (2.37-6) ...
#6 6.811 Selecting previously unselected package fonts-liberation.
#6 6.812 Preparing to unpack .../08-fonts-liberation_1%3a1.07.4-11_all.deb ...
#6 6.813 Unpacking fonts-liberation (1:1.07.4-11) ...
#6 6.903 Selecting previously unselected package fontconfig-config.
#6 6.904 Preparing to unpack .../09-fontconfig-config_2.14.1-4_amd64.deb ...
#6 7.030 Unpacking fontconfig-config (2.14.1-4) ...
#6 7.066 Selecting previously unselected package libfontconfig1:amd64.
#6 7.067 Preparing to unpack .../10-libfontconfig1_2.14.1-4_amd64.deb ...
#6 7.068 Unpacking libfontconfig1:amd64 (2.14.1-4) ...
#6 7.097 Selecting previously unselected package fontconfig.
#6 7.099 Preparing to unpack .../11-fontconfig_2.14.1-4_amd64.deb ...
#6 7.100 Unpacking fontconfig (2.14.1-4) ...
#6 7.129 Selecting previously unselected package libasound2-data.
#6 7.131 Preparing to unpack .../12-libasound2-data_1.2.8-1_all.deb ...
#6 7.133 Unpacking libasound2-data (1.2.8-1) ...
#6 7.167 Selecting previously unselected package libasound2:amd64.
#6 7.169 Preparing to unpack .../13-libasound2_1.2.8-1+b1_amd64.deb ...
#6 7.170 Unpacking libasound2:amd64 (1.2.8-1+b1) ...
#6 7.222 Selecting previously unselected package libglib2.0-0:amd64.
#6 7.223 Preparing to unpack .../14-libglib2.0-0_2.74.6-2+deb12u9_amd64.deb ...
#6 7.224 Unpacking libglib2.0-0:amd64 (2.74.6-2+deb12u9) ...
#6 7.363 Selecting previously unselected package libatk1.0-0:amd64.
#6 7.365 Preparing to unpack .../15-libatk1.0-0_2.46.0-5_amd64.deb ...
#6 7.366 Unpacking libatk1.0-0:amd64 (2.46.0-5) ...
#6 7.389 Selecting previously unselected package libdbus-1-3:amd64.
#6 7.390 Preparing to unpack .../16-libdbus-1-3_1.14.10-1~deb12u1_amd64.deb ...
#6 7.391 Unpacking libdbus-1-3:amd64 (1.14.10-1~deb12u1) ...
#6 7.423 Selecting previously unselected package libxau6:amd64.
#6 7.425 Preparing to unpack .../17-libxau6_1%3a1.0.9-1_amd64.deb ...
#6 7.425 Unpacking libxau6:amd64 (1:1.0.9-1) ...
#6 7.447 Selecting previously unselected package libbsd0:amd64.
#6 7.449 Preparing to unpack .../18-libbsd0_0.11.7-2_amd64.deb ...
#6 7.449 Unpacking libbsd0:amd64 (0.11.7-2) ...
#6 7.476 Selecting previously unselected package libxdmcp6:amd64.
#6 7.478 Preparing to unpack .../19-libxdmcp6_1%3a1.1.2-3_amd64.deb ...
#6 7.479 Unpacking libxdmcp6:amd64 (1:1.1.2-3) ...
#6 7.498 Selecting previously unselected package libxcb1:amd64.
#6 7.499 Preparing to unpack .../20-libxcb1_1.15-1_amd64.deb ...
#6 7.500 Unpacking libxcb1:amd64 (1.15-1) ...
#6 7.525 Selecting previously unselected package libx11-data.
#6 7.527 Preparing to unpack .../21-libx11-data_2%3a1.8.4-2+deb12u2_all.deb ...
#6 7.528 Unpacking libx11-data (2:1.8.4-2+deb12u2) ...
#6 7.616 Selecting previously unselected package libx11-6:amd64.
#6 7.618 Preparing to unpack .../22-libx11-6_2%3a1.8.4-2+deb12u2_amd64.deb ...
#6 7.619 Unpacking libx11-6:amd64 (2:1.8.4-2+deb12u2) ...
#6 7.692 Selecting previously unselected package libxext6:amd64.
#6 7.694 Preparing to unpack .../23-libxext6_2%3a1.3.4-1+b1_amd64.deb ...
#6 7.695 Unpacking libxext6:amd64 (2:1.3.4-1+b1) ...
#6 7.717 Selecting previously unselected package libxi6:amd64.
#6 7.719 Preparing to unpack .../24-libxi6_2%3a1.8-1+b1_amd64.deb ...
#6 7.720 Unpacking libxi6:amd64 (2:1.8-1+b1) ...
#6 7.744 Selecting previously unselected package libatspi2.0-0:amd64.
#6 7.746 Preparing to unpack .../25-libatspi2.0-0_2.46.0-5_amd64.deb ...
#6 7.747 Unpacking libatspi2.0-0:amd64 (2.46.0-5) ...
#6 7.772 Selecting previously unselected package libatk-bridge2.0-0:amd64.
#6 7.774 Preparing to unpack .../26-libatk-bridge2.0-0_2.46.0-5_amd64.deb ...
#6 7.775 Unpacking libatk-bridge2.0-0:amd64 (2.46.0-5) ...
#6 7.799 Selecting previously unselected package libavahi-common-data:amd64.
#6 7.801 Preparing to unpack .../27-libavahi-common-data_0.8-10+deb12u1_amd64.deb ...
#6 7.802 Unpacking libavahi-common-data:amd64 (0.8-10+deb12u1) ...
#6 7.828 Selecting previously unselected package libavahi-common3:amd64.
#6 7.830 Preparing to unpack .../28-libavahi-common3_0.8-10+deb12u1_amd64.deb ...
#6 7.831 Unpacking libavahi-common3:amd64 (0.8-10+deb12u1) ...
#6 7.850 Selecting previously unselected package libavahi-client3:amd64.
#6 7.852 Preparing to unpack .../29-libavahi-client3_0.8-10+deb12u1_amd64.deb ...
#6 7.852 Unpacking libavahi-client3:amd64 (0.8-10+deb12u1) ...
#6 7.875 Selecting previously unselected package libpixman-1-0:amd64.
#6 7.876 Preparing to unpack .../30-libpixman-1-0_0.42.2-1_amd64.deb ...
#6 7.877 Unpacking libpixman-1-0:amd64 (0.42.2-1) ...
#6 7.920 Selecting previously unselected package libxcb-render0:amd64.
#6 7.922 Preparing to unpack .../31-libxcb-render0_1.15-1_amd64.deb ...
#6 7.923 Unpacking libxcb-render0:amd64 (1.15-1) ...
#6 7.950 Selecting previously unselected package libxcb-shm0:amd64.
#6 7.951 Preparing to unpack .../32-libxcb-shm0_1.15-1_amd64.deb ...
#6 7.952 Unpacking libxcb-shm0:amd64 (1.15-1) ...
#6 7.976 Selecting previously unselected package libxrender1:amd64.
#6 7.977 Preparing to unpack .../33-libxrender1_1%3a0.9.10-1.1_amd64.deb ...
#6 7.978 Unpacking libxrender1:amd64 (1:0.9.10-1.1) ...
#6 7.998 Selecting previously unselected package libcairo2:amd64.
#6 8.000 Preparing to unpack .../34-libcairo2_1.16.0-7_amd64.deb ...
#6 8.001 Unpacking libcairo2:amd64 (1.16.0-7) ...
#6 8.059 Selecting previously unselected package libcups2:amd64.
#6 8.060 Preparing to unpack .../35-libcups2_2.4.2-3+deb12u9_amd64.deb ...
#6 8.062 Unpacking libcups2:amd64 (2.4.2-3+deb12u9) ...
#6 8.099 Selecting previously unselected package libdatrie1:amd64.
#6 8.101 Preparing to unpack .../36-libdatrie1_0.2.13-2+b1_amd64.deb ...
#6 8.102 Unpacking libdatrie1:amd64 (0.2.13-2+b1) ...
#6 8.122 Selecting previously unselected package libdrm-common.
#6 8.124 Preparing to unpack .../37-libdrm-common_2.4.114-1_all.deb ...
#6 8.125 Unpacking libdrm-common (2.4.114-1) ...
#6 8.143 Selecting previously unselected package libdrm2:amd64.
#6 8.144 Preparing to unpack .../38-libdrm2_2.4.114-1+b1_amd64.deb ...
#6 8.146 Unpacking libdrm2:amd64 (2.4.114-1+b1) ...
#6 8.166 Selecting previously unselected package libfribidi0:amd64.
#6 8.167 Preparing to unpack .../39-libfribidi0_1.0.8-2.1_amd64.deb ...
#6 8.168 Unpacking libfribidi0:amd64 (1.0.8-2.1) ...
#6 8.192 Selecting previously unselected package libwayland-server0:amd64.
#6 8.193 Preparing to unpack .../40-libwayland-server0_1.21.0-1_amd64.deb ...
#6 8.195 Unpacking libwayland-server0:amd64 (1.21.0-1) ...
#6 8.218 Selecting previously unselected package libgbm1:amd64.
#6 8.219 Preparing to unpack .../41-libgbm1_22.3.6-1+deb12u1_amd64.deb ...
#6 8.220 Unpacking libgbm1:amd64 (22.3.6-1+deb12u1) ...
#6 8.243 Selecting previously unselected package libgraphite2-3:amd64.
#6 8.245 Preparing to unpack .../42-libgraphite2-3_1.3.14-1_amd64.deb ...
#6 8.246 Unpacking libgraphite2-3:amd64 (1.3.14-1) ...
#6 8.273 Selecting previously unselected package libharfbuzz0b:amd64.
#6 8.275 Preparing to unpack .../43-libharfbuzz0b_6.0.0+dfsg-3_amd64.deb ...
#6 8.276 Unpacking libharfbuzz0b:amd64 (6.0.0+dfsg-3) ...
#6 8.344 Selecting previously unselected package libnspr4:amd64.
#6 8.345 Preparing to unpack .../44-libnspr4_2%3a4.35-1_amd64.deb ...
#6 8.346 Unpacking libnspr4:amd64 (2:4.35-1) ...
#6 8.374 Selecting previously unselected package libnss3:amd64.
#6 8.375 Preparing to unpack .../45-libnss3_2%3a3.87.1-1+deb12u2_amd64.deb ...
#6 8.376 Unpacking libnss3:amd64 (2:3.87.1-1+deb12u2) ...
#6 8.503 Selecting previously unselected package libthai-data.
#6 8.505 Preparing to unpack .../46-libthai-data_0.1.29-1_all.deb ...
#6 8.506 Unpacking libthai-data (0.1.29-1) ...
#6 8.547 Selecting previously unselected package libthai0:amd64.
#6 8.549 Preparing to unpack .../47-libthai0_0.1.29-1_amd64.deb ...
#6 8.551 Unpacking libthai0:amd64 (0.1.29-1) ...
#6 8.572 Selecting previously unselected package libpango-1.0-0:amd64.
#6 8.573 Preparing to unpack .../48-libpango-1.0-0_1.50.12+ds-1_amd64.deb ...
#6 8.574 Unpacking libpango-1.0-0:amd64 (1.50.12+ds-1) ...
#6 8.610 Selecting previously unselected package libxcomposite1:amd64.
#6 8.611 Preparing to unpack .../49-libxcomposite1_1%3a0.4.5-1_amd64.deb ...
#6 8.612 Unpacking libxcomposite1:amd64 (1:0.4.5-1) ...
#6 8.633 Selecting previously unselected package libxdamage1:amd64.
#6 8.635 Preparing to unpack .../50-libxdamage1_1%3a1.1.6-1_amd64.deb ...
#6 8.636 Unpacking libxdamage1:amd64 (1:1.1.6-1) ...
#6 8.658 Selecting previously unselected package libxfixes3:amd64.
#6 8.660 Preparing to unpack .../51-libxfixes3_1%3a6.0.0-2_amd64.deb ...
#6 8.661 Unpacking libxfixes3:amd64 (1:6.0.0-2) ...
#6 8.680 Selecting previously unselected package xkb-data.
#6 8.682 Preparing to unpack .../52-xkb-data_2.35.1-1_all.deb ...
#6 8.683 Unpacking xkb-data (2.35.1-1) ...
#6 8.804 Selecting previously unselected package libxkbcommon0:amd64.
#6 8.806 Preparing to unpack .../53-libxkbcommon0_1.5.0-1_amd64.deb ...
#6 8.807 Unpacking libxkbcommon0:amd64 (1.5.0-1) ...
#6 8.841 Selecting previously unselected package libxrandr2:amd64.
#6 8.843 Preparing to unpack .../54-libxrandr2_2%3a1.5.2-2+b1_amd64.deb ...
#6 8.845 Unpacking libxrandr2:amd64 (2:1.5.2-2+b1) ...
#6 8.866 Selecting previously unselected package python3-lib2to3.
#6 8.868 Preparing to unpack .../55-python3-lib2to3_3.11.2-3_all.deb ...
#6 8.869 Unpacking python3-lib2to3 (3.11.2-3) ...
#6 8.906 Selecting previously unselected package python3-distutils.
#6 8.907 Preparing to unpack .../56-python3-distutils_3.11.2-3_all.deb ...
#6 8.909 Unpacking python3-distutils (3.11.2-3) ...
#6 8.944 Selecting previously unselected package python3-pkg-resources.
#6 8.946 Preparing to unpack .../57-python3-pkg-resources_66.1.1-1+deb12u2_all.deb ...
#6 8.947 Unpacking python3-pkg-resources (66.1.1-1+deb12u2) ...
#6 8.991 Selecting previously unselected package python3-setuptools.
#6 8.993 Preparing to unpack .../58-python3-setuptools_66.1.1-1+deb12u2_all.deb ...
#6 8.994 Unpacking python3-setuptools (66.1.1-1+deb12u2) ...
#6 9.060 Selecting previously unselected package python3-wheel.
#6 9.062 Preparing to unpack .../59-python3-wheel_0.38.4-2_all.deb ...
#6 9.063 Unpacking python3-wheel (0.38.4-2) ...
#6 9.089 Selecting previously unselected package python3-pip.
#6 9.091 Preparing to unpack .../60-python3-pip_23.0.1+dfsg-1_all.deb ...
#6 9.092 Unpacking python3-pip (23.0.1+dfsg-1) ...
#6 9.289 Setting up media-types (10.0.0) ...
#6 9.292 Setting up libgraphite2-3:amd64 (1.3.14-1) ...
#6 9.295 Setting up libpixman-1-0:amd64 (0.42.2-1) ...
#6 9.297 Setting up libwayland-server0:amd64 (1.21.0-1) ...
#6 9.300 Setting up libxau6:amd64 (1:1.0.9-1) ...
#6 9.303 Setting up libkeyutils1:amd64 (1.6.3-2) ...
#6 9.306 Setting up libdatrie1:amd64 (0.2.13-2+b1) ...
#6 9.310 Setting up libglib2.0-0:amd64 (2.74.6-2+deb12u9) ...
#6 9.321 No schema files found: doing nothing.
#6 9.326 Setting up libtirpc-common (1.3.3+ds-1) ...
#6 9.330 Setting up libbrotli1:amd64 (1.0.9-2+b6) ...
#6 9.332 Setting up libsqlite3-0:amd64 (3.40.1-2+deb12u2) ...
#6 9.334 Setting up xkb-data (2.35.1-1) ...
#6 9.336 Setting up libkrb5support0:amd64 (1.20.1-2+deb12u5) ...
#6 9.339 Setting up libasound2-data (1.2.8-1) ...
#6 9.341 Setting up libx11-data (2:1.8.4-2+deb12u2) ...
#6 9.344 Setting up libnspr4:amd64 (2:4.35-1) ...
#6 9.346 Setting up libavahi-common-data:amd64 (0.8-10+deb12u1) ...
#6 9.348 Setting up libdbus-1-3:amd64 (1.14.10-1~deb12u1) ...
#6 9.350 Setting up libfribidi0:amd64 (1.0.8-2.1) ...
#6 9.352 Setting up libpng16-16:amd64 (1.6.39-2+deb12u5) ...
#6 9.355 Setting up fonts-dejavu-core (2.37-6) ...
#6 9.370 Setting up libncursesw6:amd64 (6.4-4) ...
#6 9.373 Setting up libk5crypto3:amd64 (1.20.1-2+deb12u5) ...
#6 9.376 Setting up at-spi2-common (2.46.0-5) ...
#6 9.378 Setting up libasound2:amd64 (1.2.8-1+b1) ...
#6 9.381 Setting up fonts-liberation (1:1.07.4-11) ...
#6 9.383 Setting up libthai-data (0.1.29-1) ...
#6 9.385 Setting up libatk1.0-0:amd64 (2.46.0-5) ...
#6 9.388 Setting up libkrb5-3:amd64 (1.20.1-2+deb12u5) ...
#6 9.390 Setting up openssl (3.0.20-1~deb12u2) ...
#6 9.396 Setting up libbsd0:amd64 (0.11.7-2) ...
#6 9.398 Setting up libdrm-common (2.4.114-1) ...
#6 9.400 Setting up readline-common (8.2-1.3) ...
#6 9.406 Setting up libxkbcommon0:amd64 (1.5.0-1) ...
#6 9.409 Setting up libxdmcp6:amd64 (1:1.1.2-3) ...
#6 9.412 Setting up libxcb1:amd64 (1.15-1) ...
#6 9.415 Setting up libxcb-render0:amd64 (1.15-1) ...
#6 9.418 Setting up fontconfig-config (2.14.1-4) ...
#6 9.506 debconf: unable to initialize frontend: Dialog
#6 9.506 debconf: (TERM is not set, so the dialog frontend is not usable.)
#6 9.506 debconf: falling back to frontend: Readline
#6 9.506 debconf: unable to initialize frontend: Readline
#6 9.506 debconf: (Can't locate Term/ReadLine.pm in @INC (you may need to install the Term::ReadLine module) (@INC contains: /etc/perl /usr/local/lib/x86_64-linux-gnu/perl/5.36.0 /usr/local/share/perl/5.36.0 /usr/lib/x86_64-linux-gnu/perl5/5.36 /usr/share/perl5 /usr/lib/x86_64-linux-gnu/perl-base /usr/lib/x86_64-linux-gnu/perl/5.36 /usr/share/perl/5.36 /usr/local/lib/site_perl) at /usr/share/perl5/Debconf/FrontEnd/Readline.pm line 7.)
#6 9.506 debconf: falling back to frontend: Teletype
#6 9.679 Setting up libreadline8:amd64 (8.2-1.3) ...
#6 9.681 Setting up libavahi-common3:amd64 (0.8-10+deb12u1) ...
#6 9.684 Setting up libnss3:amd64 (2:3.87.1-1+deb12u2) ...
#6 9.686 Setting up libxcb-shm0:amd64 (1.15-1) ...
#6 9.689 Setting up libthai0:amd64 (0.1.29-1) ...
#6 9.691 Setting up ca-certificates (20230311+deb12u1) ...
#6 9.787 debconf: unable to initialize frontend: Dialog
#6 9.787 debconf: (TERM is not set, so the dialog frontend is not usable.)
#6 9.787 debconf: falling back to frontend: Readline
#6 9.787 debconf: unable to initialize frontend: Readline
#6 9.787 debconf: (Can't locate Term/ReadLine.pm in @INC (you may need to install the Term::ReadLine module) (@INC contains: /etc/perl /usr/local/lib/x86_64-linux-gnu/perl/5.36.0 /usr/local/share/perl/5.36.0 /usr/lib/x86_64-linux-gnu/perl5/5.36 /usr/share/perl5 /usr/lib/x86_64-linux-gnu/perl-base /usr/lib/x86_64-linux-gnu/perl/5.36 /usr/share/perl/5.36 /usr/local/lib/site_perl) at /usr/share/perl5/Debconf/FrontEnd/Readline.pm line 7.)
#6 9.787 debconf: falling back to frontend: Teletype
#6 10.37 Updating certificates in /etc/ssl/certs...
#6 11.19 142 added, 0 removed; done.
#6 11.22 Setting up libfreetype6:amd64 (2.12.1+dfsg-5+deb12u4) ...
#6 11.22 Setting up libgssapi-krb5-2:amd64 (1.20.1-2+deb12u5) ...
#6 11.22 Setting up libdrm2:amd64 (2.4.114-1+b1) ...
#6 11.23 Setting up libx11-6:amd64 (2:1.8.4-2+deb12u2) ...
#6 11.23 Setting up libharfbuzz0b:amd64 (6.0.0+dfsg-3) ...
#6 11.23 Setting up libfontconfig1:amd64 (2.14.1-4) ...
#6 11.24 Setting up libxcomposite1:amd64 (1:0.4.5-1) ...
#6 11.24 Setting up libavahi-client3:amd64 (0.8-10+deb12u1) ...
#6 11.24 Setting up libtirpc3:amd64 (1.3.3+ds-1) ...
#6 11.24 Setting up fontconfig (2.14.1-4) ...
#6 11.25 Regenerating fonts cache... done.
#6 13.28 Setting up libxdamage1:amd64 (1:1.1.6-1) ...
#6 13.29 Setting up libxrender1:amd64 (1:0.9.10-1.1) ...
#6 13.29 Setting up libgbm1:amd64 (22.3.6-1+deb12u1) ...
#6 13.29 Setting up libpango-1.0-0:amd64 (1.50.12+ds-1) ...
#6 13.29 Setting up libxext6:amd64 (2:1.3.4-1+b1) ...
#6 13.30 Setting up libcairo2:amd64 (1.16.0-7) ...
#6 13.30 Setting up libxfixes3:amd64 (1:6.0.0-2) ...
#6 13.31 Setting up libxrandr2:amd64 (2:1.5.2-2+b1) ...
#6 13.31 Setting up libcups2:amd64 (2.4.2-3+deb12u9) ...
#6 13.31 Setting up libnsl2:amd64 (1.3.0-2) ...
#6 13.31 Setting up libxi6:amd64 (2:1.8-1+b1) ...
#6 13.32 Setting up libpython3.11-stdlib:amd64 (3.11.2-6+deb12u7) ...
#6 13.32 Setting up libatspi2.0-0:amd64 (2.46.0-5) ...
#6 13.32 Setting up libatk-bridge2.0-0:amd64 (2.46.0-5) ...
#6 13.33 Setting up libpython3-stdlib:amd64 (3.11.2-1+b1) ...
#6 13.33 Setting up python3.11 (3.11.2-6+deb12u7) ...
#6 14.13 Setting up python3 (3.11.2-1+b1) ...
#6 14.13 running python rtupdate hooks for python3.11...
#6 14.13 running python post-rtupdate hooks for python3.11...
#6 14.23 Setting up python3-lib2to3 (3.11.2-3) ...
#6 14.36 Setting up python3-pkg-resources (66.1.1-1+deb12u2) ...
#6 14.62 Setting up python3-distutils (3.11.2-3) ...
#6 14.76 Setting up python3-setuptools (66.1.1-1+deb12u2) ...
#6 15.26 Setting up python3-wheel (0.38.4-2) ...
#6 15.42 Setting up python3-pip (23.0.1+dfsg-1) ...
#6 16.57 Processing triggers for libc-bin (2.36-9+deb12u13) ...
#6 16.62 Processing triggers for ca-certificates (20230311+deb12u1) ...
#6 16.62 Updating certificates in /etc/ssl/certs...
#6 17.27 0 added, 0 removed; done.
#6 17.27 Running hooks in /etc/ca-certificates/update.d...
#6 17.27 done.
#6 18.07 Collecting yt-dlp
#6 18.13   Downloading yt_dlp-2026.6.9-py3-none-any.whl (3.2 MB)
#6 18.20      ━━━━━━━━━━━━━━━━━━━━━━━━━━━━━━━━━━━━━━━━ 3.2/3.2 MB 54.3 MB/s eta 0:00:00
#6 18.25 Collecting youtube-transcript-api
#6 18.26   Downloading youtube_transcript_api-1.2.4-py3-none-any.whl (485 kB)
#6 18.26      ━━━━━━━━━━━━━━━━━━━━━━━━━━━━━━━━━━━━━ 485.2/485.2 kB 204.6 MB/s eta 0:00:00
#6 18.35 Collecting defusedxml<0.8.0,>=0.7.1
#6 18.35   Downloading defusedxml-0.7.1-py2.py3-none-any.whl (25 kB)
#6 18.42 Collecting requests
#6 18.43   Downloading requests-2.34.2-py3-none-any.whl (73 kB)
#6 18.43      ━━━━━━━━━━━━━━━━━━━━━━━━━━━━━━━━━━━━━━━ 73.1/73.1 kB 262.8 MB/s eta 0:00:00
#6 18.74 Collecting charset_normalizer<4,>=2
#6 18.74   Downloading charset_normalizer-3.4.7-cp311-cp311-manylinux2014_x86_64.manylinux_2_17_x86_64.manylinux_2_28_x86_64.whl (214 kB)
#6 18.74      ━━━━━━━━━━━━━━━━━━━━━━━━━━━━━━━━━━━━━ 214.1/214.1 kB 302.1 MB/s eta 0:00:00
#6 18.78 Collecting idna<4,>=2.5
#6 18.78   Downloading idna-3.18-py3-none-any.whl (65 kB)
#6 18.79      ━━━━━━━━━━━━━━━━━━━━━━━━━━━━━━━━━━━━━━━ 65.5/65.5 kB 282.9 MB/s eta 0:00:00
#6 18.85 Collecting urllib3<3,>=1.26
#6 18.85   Downloading urllib3-2.7.0-py3-none-any.whl (131 kB)
#6 18.86      ━━━━━━━━━━━━━━━━━━━━━━━━━━━━━━━━━━━━━ 131.1/131.1 kB 277.2 MB/s eta 0:00:00
#6 18.90 Collecting certifi>=2023.5.7
#6 18.90   Downloading certifi-2026.6.17-py3-none-any.whl (133 kB)
#6 18.91      ━━━━━━━━━━━━━━━━━━━━━━━━━━━━━━━━━━━━━ 133.3/133.3 kB 209.6 MB/s eta 0:00:00
#6 19.05 Installing collected packages: yt-dlp, urllib3, idna, defusedxml, charset_normalizer, certifi, requests, youtube-transcript-api
#6 21.34 Successfully installed certifi-2026.6.17 charset_normalizer-3.4.7 defusedxml-0.7.1 idna-3.18 requests-2.34.2 urllib3-2.7.0 youtube-transcript-api-1.2.4 yt-dlp-2026.6.9
#6 21.34 WARNING: Running pip as the 'root' user can result in broken permissions and conflicting behaviour with the system package manager. It is recommended to use a virtual environment instead: https://pip.pypa.io/warnings/venv
#6 DONE 21.7s

#7 [3/7] WORKDIR /app
#7 DONE 0.1s

#8 [4/7] COPY package*.json ./
#8 DONE 0.0s

#9 [5/7] RUN npm ci --omit=dev
#9 4.640 npm warn deprecated source-map@0.8.0-beta.0: The work that was done in this beta branch won't be included in future versions
#9 15.82 
#9 15.82 added 317 packages, and audited 318 packages in 16s
#9 15.82 
#9 15.82 61 packages are looking for funding
#9 15.82   run `npm fund` for details
#9 15.88 
#9 15.88 6 high severity vulnerabilities
#9 15.88 
#9 15.88 To address all issues, run:
#9 15.88   npm audit fix
#9 15.88 
#9 15.88 Run `npm audit` for details.
#9 15.88 npm notice
#9 15.88 npm notice New major version of npm available! 10.8.2 -> 11.17.0
#9 15.88 npm notice Changelog: https://github.com/npm/cli/releases/tag/v11.17.0
#9 15.88 npm notice To update run: npm install -g npm@11.17.0
#9 15.88 npm notice
#9 DONE 23.9s

#10 [6/7] COPY . .
#10 DONE 0.2s

#11 [7/7] RUN npx remotion browser ensure
#11 1.192 Downloading Chrome Headless Shell https://www.remotion.dev/chrome-headless-shell
#11 1.199 Downloading from: https://remotion.media/chromium-headless-shell-linux-x64-149.0.7790.0.zip?clear
#11 1.548 Getting Headless Shell - 9.5 Mb/91.9 Mb
#11 1.619 Getting Headless Shell - 19.1 Mb/91.9 Mb
#11 1.699 Getting Headless Shell - 28.6 Mb/91.9 Mb
#11 1.775 Getting Headless Shell - 38.2 Mb/91.9 Mb
#11 1.843 Getting Headless Shell - 47.7 Mb/91.9 Mb
#11 1.905 Getting Headless Shell - 57.3 Mb/91.9 Mb
#11 1.974 Getting Headless Shell - 66.8 Mb/91.9 Mb
#11 2.045 Getting Headless Shell - 76.3 Mb/91.9 Mb
#11 2.100 Getting Headless Shell - 85.9 Mb/91.9 Mb
#11 2.131 Got Headless Shell
#11 4.124 Has browser at /app/node_modules/.remotion/chrome-headless-shell/linux64/chrome-headless-shell-linux64/chrome-headless-shell
#11 DONE 6.5s

#12 exporting to image
#12 exporting layers
#12 exporting layers 35.7s done
#12 exporting manifest sha256:8484f162f015bfcbbba0a21f1042733eda5e888d1645b29f9be0547208444b6e done
#12 exporting config sha256:e6fb44380fc62c8ec14c3e99caee7220ec295cde46b48ce94b7999fa75fe4e46 done
#12 pushing layers for registry.fly.io/clipr-rn-render:deployment-01KVNXWBENVRGC1HQEYW4EJXT8@sha256:8484f162f015bfcbbba0a21f1042733eda5e888d1645b29f9be0547208444b6e
#12 pushing layer sha256:32b594ffcb380989923af40d42782c2daf10cb3986a5cfa08ad84477788be7f2
#12 pushing layer sha256:12d475d252997f09f9ee1777835a1058b7e890ea8cec030c729396ea27c4c8ff
#12 pushing layer sha256:ea2b60f3338f30537bdab1ed54994203d1ead1c8d5eccddf4c765a4de72de66f
#12 pushing layer sha256:cfe42610999d219e11903496ae408c99612b16b265e8ca98ea743eb40400cdef
#12 pushing layer sha256:56b929f516b8989b818f27cb6306a665ffcd35c8d45d1a2e6019f94217717fdd
#12 pushing layer sha256:371aee0b9da2aaee5e75c9e1c9c3e510fdd66bd285d59f1bfc36222a3645101e
#12 pushing layer sha256:dbb5ee2e3facd955ae53188782e469dc77f681e6cea8b59952b3bd369a35b428
#12 pushing layer sha256:8603d589ccb5be4c85fd4a1ac55795f2e68235e8314a0993f0bea20f7f0f8bd4
#12 pushing layer sha256:785b288fa7d7be9596608930e9e9f939aaa91d2e881f09d03e33698513895644
#12 pushing layer sha256:e6fb44380fc62c8ec14c3e99caee7220ec295cde46b48ce94b7999fa75fe4e46
#12 pushing layer sha256:cafbacc3deae17253644d092525dcad7ce789fc6260a5d953d273549e118b0c6
#12 pushing layer sha256:ddbe66a7760629095be1a0b3656bf56d1fe0d59f40ed47b462091afe932cb0e7
#12 pushing layer sha256:12d475d252997f09f9ee1777835a1058b7e890ea8cec030c729396ea27c4c8ff 1.7s done
#12 pushing layer sha256:56b929f516b8989b818f27cb6306a665ffcd35c8d45d1a2e6019f94217717fdd 2.0s done
#12 pushing layer sha256:ea2b60f3338f30537bdab1ed54994203d1ead1c8d5eccddf4c765a4de72de66f 3.7s done
#12 pushing layer sha256:cfe42610999d219e11903496ae408c99612b16b265e8ca98ea743eb40400cdef 4.1s done
#12 pushing layer sha256:cafbacc3deae17253644d092525dcad7ce789fc6260a5d953d273549e118b0c6 4.4s done
#12 pushing layer sha256:ddbe66a7760629095be1a0b3656bf56d1fe0d59f40ed47b462091afe932cb0e7 4.6s done
#12 pushing layer sha256:dbb5ee2e3facd955ae53188782e469dc77f681e6cea8b59952b3bd369a35b428 4.6s done
#12 pushing layer sha256:785b288fa7d7be9596608930e9e9f939aaa91d2e881f09d03e33698513895644 4.6s done
#12 pushing layer sha256:e6fb44380fc62c8ec14c3e99caee7220ec295cde46b48ce94b7999fa75fe4e46 4.6s done
#12 pushing layer sha256:371aee0b9da2aaee5e75c9e1c9c3e510fdd66bd285d59f1bfc36222a3645101e 5.5s done
#12 pushing layer sha256:32b594ffcb380989923af40d42782c2daf10cb3986a5cfa08ad84477788be7f2 6.5s done
#12 pushing layers for registry.fly.io/clipr-rn-render:deployment-01KVNXWBENVRGC1HQEYW4EJXT8@sha256:8484f162f015bfcbbba0a21f1042733eda5e888d1645b29f9be0547208444b6e 9.9s done
#12 pushing layer sha256:8603d589ccb5be4c85fd4a1ac55795f2e68235e8314a0993f0bea20f7f0f8bd4 9.9s done
#12 pushing manifest for registry.fly.io/clipr-rn-render:deployment-01KVNXWBENVRGC1HQEYW4EJXT8@sha256:8484f162f015bfcbbba0a21f1042733eda5e888d1645b29f9be0547208444b6e
#12 pushing manifest for registry.fly.io/clipr-rn-render:deployment-01KVNXWBENVRGC1HQEYW4EJXT8@sha256:8484f162f015bfcbbba0a21f1042733eda5e888d1645b29f9be0547208444b6e 0.1s done
#12 DONE 45.8s
--> Build Summary:  (​)
--> Building image done
image: registry.fly.io/clipr-rn-render:deployment-01KVNXWBENVRGC1HQEYW4EJXT8
image size: 649 MB

Watch your deployment at https://fly.io/apps/clipr-rn-render/monitoring

Updating existing machines in 'clipr-rn-render' with rolling strategy
> [1/2] Acquiring lease for 08016e4be17408
> [1/2] Acquired lease for 08016e4be17408
> [2/2] Acquiring lease for 080e357ce21258
> [2/2] Acquired lease for 080e357ce21258
> [1/2] Updating machine config for 08016e4be17408
> [2/2] Updating machine config for 080e357ce21258
> [1/2] Updating 08016e4be17408 [app]
> [2/2] Updating 080e357ce21258 [app]
> [2/2] Updated machine config for 080e357ce21258
> [2/2] Waiting for machine 080e357ce21258 to reach a good state
> [1/2] Updated machine config for 08016e4be17408
> [1/2] Waiting for machine 08016e4be17408 to reach a good state
> [1/2] Machine 08016e4be17408 reached stopped state
✔ [1/2] Machine 08016e4be17408 is now in a good state
> [2/2] Machine 080e357ce21258 reached stopped state
✔ [2/2] Machine 080e357ce21258 is now in a good state
> [2/2] Clearing lease for 080e357ce21258
> [1/2] Clearing lease for 08016e4be17408
✔ [1/2] Cleared lease for 08016e4be17408
✔ [2/2] Cleared lease for 080e357ce21258
Checking DNS configuration for clipr-rn-render.fly.dev
✓ DNS configuration verified

Visit your newly deployed app at https://clipr-rn-render.fly.dev/

