==> Verifying app config
--> Verified app config
Validating C:\Users\HomePC\Clipr\remotion\fly.toml
[32m✓[0m Configuration is valid
==> Building image
Waiting for depot builder...

==> Building image with Depot
--> build:  (​)
#1 [internal] load build definition from Dockerfile
#1 transferring dockerfile:
#1 transferring dockerfile: 995B 0.9s done
#1 DONE 0.9s

#2 [internal] load metadata for docker.io/library/node:20-bookworm-slim
#2 DONE 0.2s

#3 [internal] load .dockerignore
#3 transferring context:
#3 transferring context: 102B 0.9s done
#3 DONE 0.9s

#4 [1/7] FROM docker.io/library/node:20-bookworm-slim@sha256:2cf067cfed83d5ea958367df9f966191a942351a2df77d6f0193e162b5febfc0
#4 resolve docker.io/library/node:20-bookworm-slim@sha256:2cf067cfed83d5ea958367df9f966191a942351a2df77d6f0193e162b5febfc0 done
#4 DONE 0.0s

#5 [internal] load build context
#5 transferring context: 8.19kB 1.0s done
#5 DONE 1.0s

#6 [2/7] RUN apt-get update && apt-get install -y --no-install-recommends       python3 python3-pip ca-certificates fonts-liberation fonts-dejavu-core       libnss3 libatk1.0-0 libatk-bridge2.0-0 libcups2 libdrm2 libxkbcommon0       libxcomposite1 libxdamage1 libxfixes3 libxrandr2 libgbm1 libpango-1.0-0       libcairo2 libasound2 libatspi2.0-0 libx11-6 libxcb1 libxext6 libxi6       libglib2.0-0     && pip3 install --break-system-packages --no-cache-dir yt-dlp     && rm -rf /var/lib/apt/lists/*
#6 CACHED

#7 [3/7] WORKDIR /app
#7 CACHED

#8 [4/7] COPY package*.json ./
#8 CACHED

#9 [5/7] RUN npm ci --omit=dev
#9 CACHED

#10 [6/7] COPY . .
#10 DONE 0.1s

#11 [7/7] RUN npx remotion browser ensure
#11 5.842 Downloading Chrome Headless Shell https://www.remotion.dev/chrome-headless-shell
#11 5.852 Downloading from: https://remotion.media/chromium-headless-shell-linux-x64-149.0.7790.0.zip?clear
#11 6.187 Getting Headless Shell - 9.6 Mb/91.9 Mb
#11 6.297 Getting Headless Shell - 19.1 Mb/91.9 Mb
#11 6.364 Getting Headless Shell - 28.6 Mb/91.9 Mb
#11 6.456 Getting Headless Shell - 38.2 Mb/91.9 Mb
#11 6.526 Getting Headless Shell - 47.7 Mb/91.9 Mb
#11 6.606 Getting Headless Shell - 57.3 Mb/91.9 Mb
#11 6.701 Getting Headless Shell - 66.8 Mb/91.9 Mb
#11 6.772 Getting Headless Shell - 76.4 Mb/91.9 Mb
#11 6.911 Getting Headless Shell - 85.9 Mb/91.9 Mb
#11 6.973 Got Headless Shell
#11 9.450 Has browser at /app/node_modules/.remotion/chrome-headless-shell/linux64/chrome-headless-shell-linux64/chrome-headless-shell
#11 DONE 11.3s

#12 exporting to image
#12 exporting layers
#12 exporting layers 13.2s done
#12 exporting manifest sha256:b3560a30b7a178b7533a055172b04b6a327b46e21a8c7090964c6e2c8972d55f done
#12 exporting config sha256:8c4c85570cb656db4f30987a1a5a2f29b1e20c876c55134507ec06acdeccfaaa done
#12 pushing layers for registry.fly.io/clipr-rn-render:deployment-01KV6EGC6YFW69P74S1QBSH2QM@sha256:b3560a30b7a178b7533a055172b04b6a327b46e21a8c7090964c6e2c8972d55f
#12 pushing layer sha256:8c4c85570cb656db4f30987a1a5a2f29b1e20c876c55134507ec06acdeccfaaa
#12 pushing layer sha256:3c475f9b806a9eb3b031306ca1b5a5e36b54ed558628cd37f48539d16354fd41
#12 pushing layer sha256:f4b11564a20b4a7c8a1d22f15c1e13c02154cddce22abe006fda6c294d2ccaa0
#12 pushing layer sha256:ea2b60f3338f30537bdab1ed54994203d1ead1c8d5eccddf4c765a4de72de66f
#12 pushing layer sha256:56b929f516b8989b818f27cb6306a665ffcd35c8d45d1a2e6019f94217717fdd
#12 pushing layer sha256:cafbacc3deae17253644d092525dcad7ce789fc6260a5d953d273549e118b0c6
#12 pushing layer sha256:d2dec65bf0962f5c8e1a28bfecff21336b4ec09415601458081d80be22bcf767
#12 pushing layer sha256:bad57039f473c2a012aba191bdaa92defaa87d8c9afcd71aed6493dcb4ca5996
#12 pushing layer sha256:12d475d252997f09f9ee1777835a1058b7e890ea8cec030c729396ea27c4c8ff
#12 pushing layer sha256:83cfb2a854135471674579af5dfd7d1e6b1ca50cc11395ac141a3506d535b4b5
#12 pushing layer sha256:cfe42610999d219e11903496ae408c99612b16b265e8ca98ea743eb40400cdef
#12 pushing layer sha256:d4c53cdeea20bb1d2c137bb4a391640743a6188e68ffc2ac13e61726e358d05f
#12 pushing layer sha256:d4c53cdeea20bb1d2c137bb4a391640743a6188e68ffc2ac13e61726e358d05f 3.7s done
#12 pushing layer sha256:8c4c85570cb656db4f30987a1a5a2f29b1e20c876c55134507ec06acdeccfaaa 3.8s done
#12 pushing layer sha256:f4b11564a20b4a7c8a1d22f15c1e13c02154cddce22abe006fda6c294d2ccaa0 3.7s done
#12 pushing layer sha256:ea2b60f3338f30537bdab1ed54994203d1ead1c8d5eccddf4c765a4de72de66f 3.7s done
#12 pushing layer sha256:56b929f516b8989b818f27cb6306a665ffcd35c8d45d1a2e6019f94217717fdd 3.7s done
#12 pushing layer sha256:cafbacc3deae17253644d092525dcad7ce789fc6260a5d953d273549e118b0c6 3.7s done
#12 pushing layer sha256:d2dec65bf0962f5c8e1a28bfecff21336b4ec09415601458081d80be22bcf767 3.7s done
#12 pushing layer sha256:bad57039f473c2a012aba191bdaa92defaa87d8c9afcd71aed6493dcb4ca5996 3.7s done
#12 pushing layer sha256:12d475d252997f09f9ee1777835a1058b7e890ea8cec030c729396ea27c4c8ff 3.7s done
#12 pushing layer sha256:cfe42610999d219e11903496ae408c99612b16b265e8ca98ea743eb40400cdef 3.7s done
#12 pushing layer sha256:83cfb2a854135471674579af5dfd7d1e6b1ca50cc11395ac141a3506d535b4b5 3.8s done
#12 pushing layers for registry.fly.io/clipr-rn-render:deployment-01KV6EGC6YFW69P74S1QBSH2QM@sha256:b3560a30b7a178b7533a055172b04b6a327b46e21a8c7090964c6e2c8972d55f 5.1s done
#12 pushing layer sha256:3c475f9b806a9eb3b031306ca1b5a5e36b54ed558628cd37f48539d16354fd41 5.1s done
#12 pushing manifest for registry.fly.io/clipr-rn-render:deployment-01KV6EGC6YFW69P74S1QBSH2QM@sha256:b3560a30b7a178b7533a055172b04b6a327b46e21a8c7090964c6e2c8972d55f
#12 pushing manifest for registry.fly.io/clipr-rn-render:deployment-01KV6EGC6YFW69P74S1QBSH2QM@sha256:b3560a30b7a178b7533a055172b04b6a327b46e21a8c7090964c6e2c8972d55f 0.1s done
#12 DONE 18.5s
--> Build Summary:  (​)
--> Building image done
image: registry.fly.io/clipr-rn-render:deployment-01KV6EGC6YFW69P74S1QBSH2QM

Watch your deployment at https://fly.io/apps/clipr-rn-render/monitoring

image size: 648 MB
Updating existing machines in 'clipr-rn-render' with rolling strategy
> [1/2] Acquiring lease for 080e357ce21258
> [1/2] Acquired lease for 080e357ce21258
> [2/2] Acquiring lease for 08016e4be17408
> [2/2] Acquired lease for 08016e4be17408
> [2/2] Updating machine config for 08016e4be17408
> [1/2] Updating machine config for 080e357ce21258
> [1/2] Updating 080e357ce21258 [app]
> [2/2] Updating 08016e4be17408 [app]
> [2/2] Updated machine config for 08016e4be17408
> [2/2] Waiting for machine 08016e4be17408 to reach a good state
> [1/2] Updated machine config for 080e357ce21258
> [1/2] Waiting for machine 080e357ce21258 to reach a good state
> [1/2] Machine 080e357ce21258 reached stopped state
✔ [1/2] Machine 080e357ce21258 is now in a good state
> [2/2] Machine 08016e4be17408 reached stopped state
✔ [2/2] Machine 08016e4be17408 is now in a good state
> [2/2] Clearing lease for 08016e4be17408
> [1/2] Clearing lease for 080e357ce21258
✔ [2/2] Cleared lease for 08016e4be17408
✔ [1/2] Cleared lease for 080e357ce21258
Checking DNS configuration for clipr-rn-render.fly.dev
✓ DNS configuration verified

Visit your newly deployed app at https://clipr-rn-render.fly.dev/

